2023-05-22 20:06:17,787 - helpers.Utils.ProxyHandler - INFO - Getting IP...
2023-05-22 20:06:17,789 - urllib3.connectionpool - DEBUG - Starting new HTTPS connection (1): ipinfo.io:443
2023-05-22 20:06:18,234 - urllib3.connectionpool - DEBUG - https://ipinfo.io:443 "GET /json HTTP/1.1" 200 None
2023-05-22 20:06:19,187 - urllib3.util.retry - DEBUG - Converted retries value: 5 -> Retry(total=5, connect=None, read=None, redirect=None, status=None)
2023-05-22 20:06:19,188 - services.netflix - INFO - Getting Metadata...
2023-05-22 20:06:19,190 - urllib3.connectionpool - DEBUG - Starting new HTTPS connection (1): www.netflix.com:443
2023-05-22 20:06:20,252 - urllib3.connectionpool - DEBUG - https://www.netflix.com:443 "GET /nq/website/memberapi/v074af8b7/metadata?movieid=80014749&drmSystem=widevine&isWatchlistEnabled=false&isShortformEnabled=false&isVolatileBillboardsEnabled=false&languages=en HTTP/1.1" 200 None
2023-05-22 20:06:20,553 - titlecase - DEBUG - Rick and Morty
2023-05-22 20:06:20,553 - titlecase - DEBUG - Pilot
2023-05-22 20:06:20,554 - titlecase - DEBUG - Lawnmower Dog
2023-05-22 20:06:20,554 - titlecase - DEBUG - Anatomy Park
2023-05-22 20:06:20,554 - titlecase - DEBUG - Shaym
2023-05-22 20:06:20,554 - titlecase - DEBUG - Aliens!
2023-05-22 20:06:20,555 - titlecase - DEBUG - M. Night Shaym-Aliens!
2023-05-22 20:06:20,555 - titlecase - DEBUG - Meeseeks and Destroy
2023-05-22 20:06:20,555 - titlecase - DEBUG - Rick Potion #9
2023-05-22 20:06:20,555 - titlecase - DEBUG - Raising Gazorpazorp
2023-05-22 20:06:20,556 - titlecase - DEBUG - Rixty Minutes
2023-05-22 20:06:20,556 - titlecase - DEBUG - Something Ricked This Way Comes
2023-05-22 20:06:20,556 - titlecase - DEBUG - Rick
2023-05-22 20:06:20,556 - titlecase - DEBUG - Counters
2023-05-22 20:06:20,557 - titlecase - DEBUG - Close Rick-Counters of the Rick Kind
2023-05-22 20:06:20,557 - titlecase - DEBUG - Ricksy Business
2023-05-22 20:06:20,557 - titlecase - DEBUG - A Rickle in Time
2023-05-22 20:06:20,557 - titlecase - DEBUG - Mortynight Run
2023-05-22 20:06:20,558 - titlecase - DEBUG - Auto Erotic Assimilation
2023-05-22 20:06:20,558 - titlecase - DEBUG - Total Rickall
2023-05-22 20:06:20,558 - titlecase - DEBUG - Get Schwifty
2023-05-22 20:06:20,558 - titlecase - DEBUG - The Ricks Must Be Crazy
2023-05-22 20:06:20,559 - titlecase - DEBUG - Big Trouble in Little Sanchez
2023-05-22 20:06:20,559 - titlecase - DEBUG - Interdimensional Cable 2 Tempting Fate
2023-05-22 20:06:20,559 - titlecase - DEBUG - Look Whos Purging Now
2023-05-22 20:06:20,559 - titlecase - DEBUG - The Wedding Squanchers
2023-05-22 20:06:20,560 - titlecase - DEBUG - The Rickshank Rickdemption
2023-05-22 20:06:20,560 - titlecase - DEBUG - Rickmancing the Stone
2023-05-22 20:06:20,560 - titlecase - DEBUG - Pickle Rick
2023-05-22 20:06:20,560 - titlecase - DEBUG - Vindicators 3 the Return of Worldender
2023-05-22 20:06:20,561 - titlecase - DEBUG - The Whirly Dirly Conspiracy
2023-05-22 20:06:20,561 - titlecase - DEBUG - Rest and Ricklaxation
2023-05-22 20:06:20,561 - titlecase - DEBUG - The Ricklantis Mixup
2023-05-22 20:06:20,561 - titlecase - DEBUG - Mortys Mind Blowers
2023-05-22 20:06:20,562 - titlecase - DEBUG - The ABCs of Beth
2023-05-22 20:06:20,562 - titlecase - DEBUG - The Rickchurian Mortydate
2023-05-22 20:06:20,562 - titlecase - DEBUG - Edge of Tomorty Rick Die Rickpeat
2023-05-22 20:06:20,562 - titlecase - DEBUG - The Old Man and the Seat
2023-05-22 20:06:20,563 - titlecase - DEBUG - One Crew Over the Crewcoos Morty
2023-05-22 20:06:20,563 - titlecase - DEBUG - Claw and Hoarder Special Ricktims Morty
2023-05-22 20:06:20,563 - titlecase - DEBUG - Rattlestar Ricklactica
2023-05-22 20:06:20,564 - titlecase - DEBUG - Never Ricking Morty
2023-05-22 20:06:20,564 - titlecase - DEBUG - Promortyus
2023-05-22 20:06:20,564 - titlecase - DEBUG - The Vat of Acid Episode
2023-05-22 20:06:20,564 - titlecase - DEBUG - Childrick of Mort
2023-05-22 20:06:20,565 - titlecase - DEBUG - Star Mort Rick Turn of the Jerri
2023-05-22 20:06:20,565 - titlecase - DEBUG - Mort Dinner Rick Andre
2023-05-22 20:06:20,565 - titlecase - DEBUG - Mortyplicity
2023-05-22 20:06:20,565 - titlecase - DEBUG - A Rickconvenient Mort
2023-05-22 20:06:20,566 - titlecase - DEBUG - Rickdependence Spray
2023-05-22 20:06:20,566 - titlecase - DEBUG - Amortycan Grickfitti
2023-05-22 20:06:20,566 - titlecase - DEBUG - Rick and Mortys Thanksploitation Spectacular
2023-05-22 20:06:20,566 - titlecase - DEBUG - GoTron Jerrysis Rickvangelian
2023-05-22 20:06:20,567 - titlecase - DEBUG - Rickternal Friendshine of the Spotless Mort
2023-05-22 20:06:20,567 - titlecase - DEBUG - Forgetting Sarick Mortshall
2023-05-22 20:06:20,567 - titlecase - DEBUG - Rickmurai Jack
2023-05-22 20:06:20,567 - titlecase - DEBUG - Solaricks
2023-05-22 20:06:20,568 - titlecase - DEBUG - Rick a Mort Well Lived
2023-05-22 20:06:20,568 - titlecase - DEBUG - Bethic Twinstinct
2023-05-22 20:06:20,568 - titlecase - DEBUG - Night Family
2023-05-22 20:06:20,568 - titlecase - DEBUG - Final DeSmithation
2023-05-22 20:06:20,568 - titlecase - DEBUG - JuRicksic Mort
2023-05-22 20:06:20,569 - titlecase - DEBUG - Full Meta JackRick
2023-05-22 20:06:20,569 - titlecase - DEBUG - Analyze Piss
2023-05-22 20:06:20,569 - titlecase - DEBUG - A Rick in King Morturs Mort
2023-05-22 20:06:20,569 - titlecase - DEBUG - Ricktional Mortpoons Rickmas Mortcation
2023-05-22 20:06:20,570 - services.netflix - INFO - 
Total items will be downloaded : 1
2023-05-22 20:06:20,570 - services.netflix - INFO - 
Ripping : 01 of 01
2023-05-22 20:06:20,571 - titlecase - DEBUG - Rick and Morty S01E01 Pilot
2023-05-22 20:06:20,571 - helpers.Parsers.netflix.Manifest - INFO - Getting MAIN Profile Manifest...
2023-05-22 20:06:20,644 - helpers.Parsers.netflix.MSLClient - DEBUG - Using esn: NFCDIE-03-3C9415E6B927027CA3E83EFE2E5D12
2023-05-22 20:06:20,645 - helpers.Parsers.netflix.MSLClient - DEBUG - Using profiles: ['playready-h264bpl30-dash', 'ddplus-2.0-dash', 'ddplus-5.1hq-dash', 'playready-h264mpl22-dash', 'dd-5.1-dash', 'webvtt-lssdh-ios8', 'BIF320', 'BIF240', 'ddplus-atmos-dash', 'playready-h264mpl22-dash-prk', 'playready-h264mpl41-dash', 'ddplus-5.1-dash', 'playready-h264mpl30-dash', 'playready-h264bpl30-dash-prk', 'playready-h264mpl40-dash', 'dfxp-ls-sdh', 'playready-h264mpl40-dash-prk', 'playready-h264mpl41-dash-prk', 'playready-h264mpl30-dash-prk']
2023-05-22 20:06:20,645 - helpers.Parsers.netflix.MSLClient - DEBUG - Using the following esn: NFCDIE-03-3C9415E6B927027CA3E83EFE2E5D12
2023-05-22 20:06:20,645 - helpers.Parsers.netflix.MSLClient - DEBUG - rsa file found
2023-05-22 20:06:21,709 - hpack.table - DEBUG - Resizing header table to 65536 from 4096
2023-05-22 20:06:21,710 - hpack.hpack - DEBUG - HPACK encoding <generator object _check_path_header.<locals>.inner at 0x7f6715bbe880>
2023-05-22 20:06:21,710 - hpack.hpack - DEBUG - Encoding 65536 with 5 bits
2023-05-22 20:06:21,710 - hpack.hpack - DEBUG - Adding (b':method', b'POST') to the header table
2023-05-22 20:06:21,710 - hpack.hpack - DEBUG - Encoding 3 with 7 bits
2023-05-22 20:06:21,710 - hpack.hpack - DEBUG - Adding (b':scheme', b'https') to the header table
2023-05-22 20:06:21,710 - hpack.hpack - DEBUG - Encoding 7 with 7 bits
2023-05-22 20:06:21,710 - hpack.hpack - DEBUG - Adding (b':authority', b'www.netflix.com') to the header table
2023-05-22 20:06:21,710 - hpack.hpack - DEBUG - Encoding 1 with 6 bits
2023-05-22 20:06:21,711 - hpack.hpack - DEBUG - Encoding 12 with 7 bits
2023-05-22 20:06:21,711 - hpack.hpack - DEBUG - Adding (b':path', b'/nq/msl_v1/cadmium/pbo_licenses/%5E1.0.0/router?reqName=manifest') to the header table
2023-05-22 20:06:21,711 - hpack.hpack - DEBUG - Encoding 4 with 6 bits
2023-05-22 20:06:21,711 - hpack.hpack - DEBUG - Encoding 46 with 7 bits
2023-05-22 20:06:21,711 - hpack.hpack - DEBUG - Adding (b'user-agent', b'python-requests/2.28.1') to the header table
2023-05-22 20:06:21,711 - hpack.hpack - DEBUG - Encoding 58 with 6 bits
2023-05-22 20:06:21,711 - hpack.hpack - DEBUG - Encoding 16 with 7 bits
2023-05-22 20:06:21,711 - hpack.hpack - DEBUG - Adding (b'accept-encoding', b'gzip') to the header table
2023-05-22 20:06:21,711 - hpack.hpack - DEBUG - Encoding 16 with 6 bits
2023-05-22 20:06:21,711 - hpack.hpack - DEBUG - Encoding 3 with 7 bits
2023-05-22 20:06:21,711 - hpack.hpack - DEBUG - Adding (b'accept-encoding', b'deflate') to the header table
2023-05-22 20:06:21,711 - hpack.hpack - DEBUG - Encoding 16 with 6 bits
2023-05-22 20:06:21,711 - hpack.hpack - DEBUG - Encoding 5 with 7 bits
2023-05-22 20:06:21,711 - hpack.hpack - DEBUG - Adding (b'accept-encoding', b'br') to the header table
2023-05-22 20:06:21,712 - hpack.hpack - DEBUG - Encoding 16 with 6 bits
2023-05-22 20:06:21,712 - hpack.hpack - DEBUG - Encoding 2 with 7 bits
2023-05-22 20:06:21,712 - hpack.hpack - DEBUG - Adding (b'accept', b'*/*') to the header table
2023-05-22 20:06:21,712 - hpack.hpack - DEBUG - Encoding 19 with 6 bits
2023-05-22 20:06:21,712 - hpack.hpack - DEBUG - Encoding 3 with 7 bits
2023-05-22 20:06:21,712 - hpack.hpack - DEBUG - Adding (b'content-length', b'4766') to the header table
2023-05-22 20:06:21,712 - hpack.hpack - DEBUG - Encoding 28 with 6 bits
2023-05-22 20:06:21,712 - hpack.hpack - DEBUG - Encoding 3 with 7 bits
2023-05-22 20:06:21,712 - hpack.hpack - DEBUG - Encoded header block to b'?\xe1\xff\x03\x83\x87A\x8c\xf1\xe3\xc2\xf5\x152\xd0o+\x90\xf4\xffD\xaeb\xae\xccR\x8a"\xee\x16\x089)5\xb4\xb1\\g\x8a\x83\x10\xb5 \xa8aV\xf0\x05p.\x06,=\xa9-\x9f\xe5\x85\xed\xa4t\x96\nGQ\xa5*\x13z\x90\xaf\xd2g=KX^\xd6\x95\tC\x02\\O.\x1fP\x83\x9b\xd9\xabP\x85\x90\xb2\xd04\x97P\x82\x8e\xcfS\x83\xf9c\xe7\\\x83i\xd7\x1c'
2023-05-22 20:06:22,597 - hpack.hpack - DEBUG - Decoding b'\x88vHnq_cadmium_pbo_licenses-prod-^1.0.0 f5c1aaba-d1eb-4910-adea-513ccfead0f1_\x10application/jsona\x1dMon, 22 May 2023 14:36:22 GMT@\x1dx-envoy-upstream-service-time\x0270@\x0cx-b3-traceid\x10be0f84d2609ef885@\x0cx-request-id$571557df-16a9-4780-900e-91a1d30f3065@\x1bx-envoy-decorator-operation\x06lo_svc|!2 i-06005c07db7374170 (us-west-2)@\x10x-xss-protectionL1; mode=block; report=https://www.netflix.com/ichnaea/log/freeform/xssreport@\x16x-content-type-options\x07nosniffx#max-age=31536000; includeSubDomains@\x11x-originating-urlVhttp://www.netflix.com/nq/msl_v1/cadmium/pbo_licenses/%5E1.0.0/router?reqName=manifestw\x7fWnfvdid=BQFmAAEBEJV4_H1RSzLCwkabqJWRMupgUe9TYjz509wjfL8a8xg-z3n3th5ZZz1dFpMBfVg5DrE98hN-AO8TLxVA_ODiMcTuKFOAB2d33Y9O5mwI5nt4jUcGL2IMS1vhoyvh9uPj7u2sPXT5DaRX6Z1F5cKocL6o; Domain=.netflix.com; Path=/; Max-Age=31536000@\x12x-netflix.nfstatus\x031_1@\x1ex-netflix.proxy.execution-time\x03444@.x-netflix.zuul.netty.content.compressor.target\x04gzipZ\x04gzip'
2023-05-22 20:06:22,597 - hpack.hpack - DEBUG - Decoded 8, consumed 1 bytes
2023-05-22 20:06:22,597 - hpack.hpack - DEBUG - Decoded (b':status', b'200'), consumed 1
2023-05-22 20:06:22,598 - hpack.hpack - DEBUG - Decoded 54, consumed 1 bytes
2023-05-22 20:06:22,598 - hpack.hpack - DEBUG - Decoded 72, consumed 1 bytes
2023-05-22 20:06:22,598 - hpack.hpack - DEBUG - Decoded (b'server', <memory at 0x7f6715bd0dc0>), total consumed 74 bytes, indexed True
2023-05-22 20:06:22,598 - hpack.hpack - DEBUG - Decoded 31, consumed 1 bytes
2023-05-22 20:06:22,598 - hpack.hpack - DEBUG - Decoded 16, consumed 1 bytes
2023-05-22 20:06:22,598 - hpack.hpack - DEBUG - Decoded (b'content-type', <memory at 0x7f6715bd0e80>), total consumed 18 bytes, indexed True
2023-05-22 20:06:22,598 - hpack.hpack - DEBUG - Decoded 33, consumed 1 bytes
2023-05-22 20:06:22,598 - hpack.hpack - DEBUG - Decoded 29, consumed 1 bytes
2023-05-22 20:06:22,598 - hpack.hpack - DEBUG - Decoded (b'date', <memory at 0x7f6715bd0f40>), total consumed 31 bytes, indexed True
2023-05-22 20:06:22,599 - hpack.hpack - DEBUG - Decoded 29, consumed 1 bytes
2023-05-22 20:06:22,599 - hpack.hpack - DEBUG - Decoded 2, consumed 1 bytes
2023-05-22 20:06:22,599 - hpack.hpack - DEBUG - Decoded (<memory at 0x7f6715bd1000>, <memory at 0x7f6715bd0d00>), total consumed 34 bytes, indexed True
2023-05-22 20:06:22,599 - hpack.hpack - DEBUG - Decoded 12, consumed 1 bytes
2023-05-22 20:06:22,599 - hpack.hpack - DEBUG - Decoded 16, consumed 1 bytes
2023-05-22 20:06:22,599 - hpack.hpack - DEBUG - Decoded (<memory at 0x7f6715bd1180>, <memory at 0x7f6715bd10c0>), total consumed 31 bytes, indexed True
2023-05-22 20:06:22,599 - hpack.hpack - DEBUG - Decoded 12, consumed 1 bytes
2023-05-22 20:06:22,599 - hpack.hpack - DEBUG - Decoded 36, consumed 1 bytes
2023-05-22 20:06:22,599 - hpack.hpack - DEBUG - Decoded (<memory at 0x7f6715bd1300>, <memory at 0x7f6715bd1240>), total consumed 51 bytes, indexed True
2023-05-22 20:06:22,599 - hpack.hpack - DEBUG - Decoded 27, consumed 1 bytes
2023-05-22 20:06:22,600 - hpack.hpack - DEBUG - Decoded 6, consumed 1 bytes
2023-05-22 20:06:22,600 - hpack.hpack - DEBUG - Decoded (<memory at 0x7f6715bd1480>, <memory at 0x7f6715bd13c0>), total consumed 36 bytes, indexed True
2023-05-22 20:06:22,600 - hpack.hpack - DEBUG - Decoded 60, consumed 1 bytes
2023-05-22 20:06:22,600 - hpack.hpack - DEBUG - Decoded 33, consumed 1 bytes
2023-05-22 20:06:22,600 - hpack.hpack - DEBUG - Decoded (b'via', <memory at 0x7f6715bd1600>), total consumed 35 bytes, indexed True
2023-05-22 20:06:22,600 - hpack.hpack - DEBUG - Decoded 16, consumed 1 bytes
2023-05-22 20:06:22,600 - hpack.hpack - DEBUG - Decoded 76, consumed 1 bytes
2023-05-22 20:06:22,600 - hpack.hpack - DEBUG - Decoded (<memory at 0x7f6715bd16c0>, <memory at 0x7f6715bd1540>), total consumed 95 bytes, indexed True
2023-05-22 20:06:22,600 - hpack.hpack - DEBUG - Decoded 22, consumed 1 bytes
2023-05-22 20:06:22,600 - hpack.hpack - DEBUG - Decoded 7, consumed 1 bytes
2023-05-22 20:06:22,601 - hpack.hpack - DEBUG - Decoded (<memory at 0x7f6715bd1840>, <memory at 0x7f6715bd1780>), total consumed 32 bytes, indexed True
2023-05-22 20:06:22,601 - hpack.hpack - DEBUG - Decoded 56, consumed 1 bytes
2023-05-22 20:06:22,601 - hpack.hpack - DEBUG - Decoded 35, consumed 1 bytes
2023-05-22 20:06:22,601 - hpack.hpack - DEBUG - Decoded (b'strict-transport-security', <memory at 0x7f6715bd19c0>), total consumed 37 bytes, indexed True
2023-05-22 20:06:22,601 - hpack.hpack - DEBUG - Decoded 17, consumed 1 bytes
2023-05-22 20:06:22,601 - hpack.hpack - DEBUG - Decoded 86, consumed 1 bytes
2023-05-22 20:06:22,601 - hpack.hpack - DEBUG - Decoded (<memory at 0x7f6715bd1a80>, <memory at 0x7f6715bd1900>), total consumed 106 bytes, indexed True
2023-05-22 20:06:22,601 - hpack.hpack - DEBUG - Decoded 55, consumed 1 bytes
2023-05-22 20:06:22,601 - hpack.hpack - DEBUG - Decoded 214, consumed 2 bytes
2023-05-22 20:06:22,601 - hpack.hpack - DEBUG - Decoded (b'set-cookie', <memory at 0x7f6715bd1c00>), total consumed 217 bytes, indexed True
2023-05-22 20:06:22,601 - hpack.hpack - DEBUG - Decoded 18, consumed 1 bytes
2023-05-22 20:06:22,602 - hpack.hpack - DEBUG - Decoded 3, consumed 1 bytes
2023-05-22 20:06:22,602 - hpack.hpack - DEBUG - Decoded (<memory at 0x7f6715bd1cc0>, <memory at 0x7f6715bd1b40>), total consumed 24 bytes, indexed True
2023-05-22 20:06:22,602 - hpack.hpack - DEBUG - Decoded 30, consumed 1 bytes
2023-05-22 20:06:22,602 - hpack.hpack - DEBUG - Decoded 3, consumed 1 bytes
2023-05-22 20:06:22,602 - hpack.hpack - DEBUG - Decoded (<memory at 0x7f6715bd1e40>, <memory at 0x7f6715bd1d80>), total consumed 36 bytes, indexed True
2023-05-22 20:06:22,602 - hpack.hpack - DEBUG - Decoded 46, consumed 1 bytes
2023-05-22 20:06:22,602 - hpack.hpack - DEBUG - Decoded 4, consumed 1 bytes
2023-05-22 20:06:22,602 - hpack.hpack - DEBUG - Decoded (<memory at 0x7f6715bd1fc0>, <memory at 0x7f6715bd1f00>), total consumed 53 bytes, indexed True
2023-05-22 20:06:22,602 - hpack.hpack - DEBUG - Decoded 26, consumed 1 bytes
2023-05-22 20:06:22,602 - hpack.hpack - DEBUG - Decoded 4, consumed 1 bytes
2023-05-22 20:06:22,602 - hpack.hpack - DEBUG - Decoded (b'content-encoding', <memory at 0x7f6715bd2200>), total consumed 6 bytes, indexed True
2023-05-22 20:06:24,003 - helpers.Parsers.netflix.Manifest - DEBUG - Manifest resp: {'version': 2, 'id': 1684766180, 'serverTime': 1684766182283, 'from': 'nq_cadmium_pbo_licenses@2.133.0/pbo-client@2.133.0', 'result': {'movieId': 80098733, 'drmType': 'widevine', 'type': 'standard', 'drmVersion': 25, 'dpsid': None, 'clientIpAddress': '160.238.74.2', 'bookmark': -1, 'playbackContextId': 'E3-BQFRAAELEK1Ki5uSlHpkKDgdB-__a8yBVLswe7X-8xLTRn3buT281ZTHBjJyjUC1YZbmaZTAIC1bPVkrM1jSofIWXsfIIuhv0cfWVgd0boIRERM82HncS5ufuvUdkd3Uq3mEgw_kguZrPxnPX2nqaOsjW4uatajJV0WPQetgAqX4tcLZUZvgyONtBp-fQCWiLNjiiF6JBoIjVWHeD063pLtPG7CoNUrwGMYXrNR-c_q4EEEqWAmz2UVuiILMyOcuosewbP5wiNkkzGm6yMbFtqdcEk0VUjJK3mEkKgu_CtIwzQFPNGvyKDt2aLFz47pZnV5Dv77F4XEXUbqbRIShI0yA7owoihX8is13tdbxQnt7jP3Gw2i4MRF-6I07-9NPLu_wswByHZK_cUg-01OyZj44oSJ6Sta2rnfBg3n1Pa8bKcRYUMwcpBOZUb_XByim72Qpjy81s3SnrkA1vkY2P929FlvC0NQnsGHjrqw=', 'links': {'events': {'rel': 'events', 'href': '/events?playbackContextId=E3-BQFRAAELEK1Ki5uSlHpkKDgdB-__a8yBVLswe7X-8xLTRn3buT281ZTHBjJyjUC1YZbmaZTAIC1bPVkrM1jSofIWXsfIIuhv0cfWVgd0boIRERM82HncS5ufuvUdkd3Uq3mEgw_kguZrPxnPX2nqaOsjW4uatajJV0WPQetgAqX4tcLZUZvgyONtBp-fQCWiLNjiiF6JBoIjVWHeD063pLtPG7CoNUrwGMYXrNR-c_q4EEEqWAmz2UVuiILMyOcuosewbP5wiNkkzGm6yMbFtqdcEk0VUjJK3mEkKgu_CtIwzQFPNGvyKDt2aLFz47pZnV5Dv77F4XEXUbqbRIShI0yA7owoihX8is13tdbxQnt7jP3Gw2i4MRF-6I07-9NPLu_wswByHZK_cUg-01OyZj44oSJ6Sta2rnfBg3n1Pa8bKcRYUMwcpBOZUb_XByim72Qpjy81s3SnrkA1vkY2P929FlvC0NQnsGHjrqw=&esn=NFCDIE-03-79E8B8409D1E65513A65BF82793ED7'}, 'license': {'rel': 'license', 'href': '/license?licenseType=standard&playbackContextId=E3-BQFRAAELEK1Ki5uSlHpkKDgdB-__a8yBVLswe7X-8xLTRn3buT281ZTHBjJyjUC1YZbmaZTAIC1bPVkrM1jSofIWXsfIIuhv0cfWVgd0boIRERM82HncS5ufuvUdkd3Uq3mEgw_kguZrPxnPX2nqaOsjW4uatajJV0WPQetgAqX4tcLZUZvgyONtBp-fQCWiLNjiiF6JBoIjVWHeD063pLtPG7CoNUrwGMYXrNR-c_q4EEEqWAmz2UVuiILMyOcuosewbP5wiNkkzGm6yMbFtqdcEk0VUjJK3mEkKgu_CtIwzQFPNGvyKDt2aLFz47pZnV5Dv77F4XEXUbqbRIShI0yA7owoihX8is13tdbxQnt7jP3Gw2i4MRF-6I07-9NPLu_wswByHZK_cUg-01OyZj44oSJ6Sta2rnfBg3n1Pa8bKcRYUMwcpBOZUb_XByim72Qpjy81s3SnrkA1vkY2P929FlvC0NQnsGHjrqw=&esn=NFCDIE-03-79E8B8409D1E65513A65BF82793ED7&drmContextId=default'}, 'ldl': {'rel': 'ldl', 'href': '/license?licenseType=limited&playbackContextId=E3-BQFRAAELEK1Ki5uSlHpkKDgdB-__a8yBVLswe7X-8xLTRn3buT281ZTHBjJyjUC1YZbmaZTAIC1bPVkrM1jSofIWXsfIIuhv0cfWVgd0boIRERM82HncS5ufuvUdkd3Uq3mEgw_kguZrPxnPX2nqaOsjW4uatajJV0WPQetgAqX4tcLZUZvgyONtBp-fQCWiLNjiiF6JBoIjVWHeD063pLtPG7CoNUrwGMYXrNR-c_q4EEEqWAmz2UVuiILMyOcuosewbP5wiNkkzGm6yMbFtqdcEk0VUjJK3mEkKgu_CtIwzQFPNGvyKDt2aLFz47pZnV5Dv77F4XEXUbqbRIShI0yA7owoihX8is13tdbxQnt7jP3Gw2i4MRF-6I07-9NPLu_wswByHZK_cUg-01OyZj44oSJ6Sta2rnfBg3n1Pa8bKcRYUMwcpBOZUb_XByim72Qpjy81s3SnrkA1vkY2P929FlvC0NQnsGHjrqw=&esn=NFCDIE-03-79E8B8409D1E65513A65BF82793ED7&drmContextId=default'}}, 'isBranching': False, 'partiallyHydrated': False, 'maxRecommendedAudioRank': 1, 'maxRecommendedTextRank': 1, 'duration': 1339000, 'expiration': 1684809382256, 'urlExpirationDuration': 43199974, 'manifestExpirationDuration': 28799966, 'viewableType': 'EPISODE', 'isSupplemental': False, 'packageId': '1218822', 'drmContextId': 'default', 'eligibleABTestMap': {}, 'media': [{'id': 'A:2:1;6;en;1;0;|V:2:1;2;;default;-1;none;-1;|T:2:1;1;en;0;0;0;', 'tracks': {'AUDIO': 'A:2:1;6;en;1;0;', 'TEXT': 'T:2:1;1;en;0;0;0;', 'VIDEO': 'V:2:1;2;;default;-1;none;-1;'}}, {'id': 'A:2:1;2;en;1;0;|V:2:1;2;;default;-1;none;-1;|T:2:1;1;en;0;0;0;', 'tracks': {'AUDIO': 'A:2:1;2;en;1;0;', 'TEXT': 'T:2:1;1;en;0;0;0;', 'VIDEO': 'V:2:1;2;;default;-1;none;-1;'}}, {'id': 'A:2:1;6;en;1;0;|V:2:1;2;;default;-1;none;-1;|T:2:1;1;NONE;0;1;0;', 'tracks': {'AUDIO': 'A:2:1;6;en;1;0;', 'TEXT': 'T:2:1;1;NONE;0;1;0;', 'VIDEO': 'V:2:1;2;;default;-1;none;-1;'}}, {'id': 'A:2:1;2;en;1;0;|V:2:1;2;;default;-1;none;-1;|T:2:1;1;NONE;0;1;0;', 'tracks': {'AUDIO': 'A:2:1;2;en;1;0;', 'TEXT': 'T:2:1;1;NONE;0;1;0;', 'VIDEO': 'V:2:1;2;;default;-1;none;-1;'}}, {'id': 'A:2:1;6;en;1;0;|V:2:1;2;;default;-1;none;-1;|T:2:0;1;hi;0;0;0;', 'tracks': {'AUDIO': 'A:2:1;6;en;1;0;', 'TEXT': 'T:2:0;1;hi;0;0;0;', 'VIDEO': 'V:2:1;2;;default;-1;none;-1;'}}, {'id': 'A:2:1;2;en;1;0;|V:2:1;2;;default;-1;none;-1;|T:2:0;1;hi;0;0;0;', 'tracks': {'AUDIO': 'A:2:1;2;en;1;0;', 'TEXT': 'T:2:0;1;hi;0;0;0;', 'VIDEO': 'V:2:1;2;;default;-1;none;-1;'}}], 'defaultTrackOrderList': [{'mediaId': 'A:2:1;6;en;1;0;|V:2:1;2;;default;-1;none;-1;|T:2:1;1;en;0;0;0;', 'audioTrackId': '656e7c352e317c5072696d6172797c747275657c6e6f6e657c756e6b6e6f776e7c756e6b6e6f776e7c417564696f7c756e6b6e6f776e7c7c7c6e6f6e657c30', 'videoTrackId': '6e6f6e657c554e4b4e4f574e7c756e6b6e6f776e7c66616c73657c6e6f6e657c756e6b6e6f776e7c32447c566964656f7c756e6b6e6f776e7c7c7c64656661756c74', 'subtitleTrackId': '6e6f6e657c554e4b4e4f574e7c756e6b6e6f776e7c66616c73657c656e7c436c6f73656443617074696f6e737c756e6b6e6f776e7c546578747c7072696d6172797c7c7c6e6f6e657c30', 'preferenceOrder': 0}, {'mediaId': 'A:2:1;2;en;1;0;|V:2:1;2;;default;-1;none;-1;|T:2:1;1;en;0;0;0;', 'audioTrackId': '656e7c322e307c5072696d6172797c747275657c6e6f6e657c756e6b6e6f776e7c756e6b6e6f776e7c417564696f7c756e6b6e6f776e7c7c7c6e6f6e657c30', 'videoTrackId': '6e6f6e657c554e4b4e4f574e7c756e6b6e6f776e7c66616c73657c6e6f6e657c756e6b6e6f776e7c32447c566964656f7c756e6b6e6f776e7c7c7c64656661756c74', 'subtitleTrackId': '6e6f6e657c554e4b4e4f574e7c756e6b6e6f776e7c66616c73657c656e7c436c6f73656443617074696f6e737c756e6b6e6f776e7c546578747c7072696d6172797c7c7c6e6f6e657c30', 'preferenceOrder': 1}], 'timedtexttracks': [{'type': 'timedtext', 'trackType': 'PRIMARY', 'rawTrackType': 'subtitles', 'id': '6e6f6e657c554e4b4e4f574e7c756e6b6e6f776e7c66616c73657c68697c5375627469746c65737c756e6b6e6f776e7c546578747c7072696d6172797c7c7c6e6f6e657c30', 'new_track_id': 'T:2:0;1;hi;0;0;0;', 'isForcedNarrative': False, 'isNoneTrack': False, 'language': 'hi', 'languageDescription': 'Hindi', 'isLanguageLeftToRight': True, 'rank': 1, 'hydrated': True, 'downloadableIds': {'webvtt-lssdh-ios8': '249661662'}, 'ttDownloadables': {'webvtt-lssdh-ios8': {'size': 107927, 'hashValue': 'QSaV6Fbh/q+YBl7lMHOw6Ch6C18=', 'hashAlgo': 'sha1', 'isImage': False, 'textKey': None, 'downloadUrls': {'62436': 'https://ipv4-c019-maa001-ix.1.oca.nflxvideo.net/?o=1&v=146&e=1684809382&t=awkmvC_N-4gbIFCGCplqA1jG3sRnBMPGpNouAET9-pG2J2AtxIl-vWjSLTygCNaSFSoioc2sHq7GBK8vEOtUZToyCtFtfgQctqPG2Yd3NHo_osfbdiDLmJ1RvvS7h1FnWiDoX93D8P7a4yzXAtGqwRXI2wOT-3CXyTOfrMWtiqoU1rT4Ld0oBCVsjKsmsnWkW-VJXu9XsNgF4YAxUkXV_1p1QeHbfzLWrRexs_8z-6HtLw', '68094': 'https://ipv4-c030-bom001-ix.1.oca.nflxvideo.net/?o=1&v=94&e=1684809382&t=hhqY0NcY5bCMdOrjVm04FO4X6cbazPURGiS8Se_oJR2f7CTpqS1g8WMkb0ctc-yQe17uzT6gI28_awYLRSxrVctNN13YOM8C_pDTnZ6HTYyNNdXnPXFnQZK1VTOuS43kybl2EgCms_av2KfBQABwFDDlZhsrLriO8qQTIQJfZvmIa2dtPbmBw5rIt-PinI_EdivAY_n69O18OykYxlkqPb86rPTLkMki0G6t1NYPMfpMtA', '68102': 'https://ipv4-c038-bom001-ix.1.oca.nflxvideo.net/?o=1&v=74&e=1684809382&t=6TlXPoX07uzpa8xRqQe-ht-gaWzl7NUaun70mhzcWXAQBi9F0sQVy0nl2LKWVzKccX3AezVB6L5z4jvfCSD-Yeci3cpMhgEBrpG7f0cCb1OtT6HVlF9XPj6KpHNKW1xzPBE0W8ruiX4BiCD13yekQNrqBxFHvhDyI5zl3MRwVji_NPFRl6bqdkHkNxU7KNARJ4RNoEltlbhSS3_qdOlVXbRfKplty9qIG4qdbEBYx-hm9A'}}}, 'cdnlist': [{'id': 68102, 'key': '2-133287-high', 'lowgrade': False, 'name': 'c038.bom001.ix.nflxvideo.net', 'rank': 2, 'type': 'OPEN_CONNECT_APPLIANCE'}, {'id': 68094, 'key': '2-133287-high', 'lowgrade': False, 'name': 'c030.bom001.ix.nflxvideo.net', 'rank': 3, 'type': 'OPEN_CONNECT_APPLIANCE'}, {'id': 62436, 'key': '3-133287-high', 'lowgrade': False, 'name': 'c019.maa001.ix.nflxvideo.net', 'rank': 6, 'type': 'OPEN_CONNECT_APPLIANCE'}]}, {'type': 'timedtext', 'trackType': 'ASSISTIVE', 'rawTrackType': 'closedcaptions', 'id': '6e6f6e657c554e4b4e4f574e7c756e6b6e6f776e7c66616c73657c656e7c436c6f73656443617074696f6e737c756e6b6e6f776e7c546578747c7072696d6172797c7c7c6e6f6e657c30', 'new_track_id': 'T:2:1;1;en;0;0;0;', 'isForcedNarrative': False, 'isNoneTrack': False, 'language': 'en', 'languageDescription': 'English', 'isLanguageLeftToRight': True, 'rank': 0, 'hydrated': True, 'downloadableIds': {'dfxp-ls-sdh': '133503893', 'webvtt-lssdh-ios8': '133504719'}, 'ttDownloadables': {'dfxp-ls-sdh': {'size': 57060, 'hashValue': '0TA/hVKsf1Zx2wB2BI4lcIj6pWM=', 'hashAlgo': 'sha1', 'isImage': False, 'textKey': None, 'downloadUrls': {'62584': 'https://ipv4-c021-bom001-ix.1.oca.nflxvideo.net/?o=1&v=146&e=1684809382&t=mpIBqxmY3XMsiFRd63CI8AcZKy5C1jwREmmoZWPtJaZYWHEGxAth4ejhvJ1ATLyrMhTMNIk0h6Rj3pcSmcD0X6oyb68B1t0c_C8kvUtnmhxZWFPnyyi2tgrm77kcVsY0UIcAJFinx65tJHCAulmCgmP2AxUKvdkjabC71nMNrED2EAHo4ZG0-dHAxMEq20qcZAEVWlsuv0Iu2ZelS1vZBkif_uujQ4OuQUbpMGtk9YJmqug', '63137': 'https://ipv4-c001-rja001-apsfl-isp.1.oca.nflxvideo.net/?o=1&v=146&e=1684809382&t=_4ZURcGTwlbz-GHchlcH3UsAqC_lP7pFyETrbOJjq-vHJ2b3xxnvsiORZHBFnsjPgblnTqUz2ZO9-TT7lwAJdXW1czuL2xOfrI_9HZF2QSppSH9-iSbv8e-AyByXjyewnPEvfv6UOqiRCYLK5QL-i3mzzF6KAvE79iSnvZOrouKAAcgBR3FVvPZkKwHct4U19vS66qz9_umPHjTk69aMg58bSXERVa3_4sxWbEj5JgmSOGo', '68102': 'https://ipv4-c038-bom001-ix.1.oca.nflxvideo.net/?o=1&v=74&e=1684809382&t=b8CsFVHJuLwC_DPyzIvWgOEvtAcT5cmrXBTMa2JWFKFxFLnmQPUVu4Z4QlvwP6dFEvYM0II1691wxUeXUNMdqWjOa1RmQ7wEGHEFUL4s3gcvgZtH3J9njcf3WP7jnlph9NjHmWi5tL3_gN-0B1D4KvUSTn4YgQutgyufNjEvjgGVX9CsA3Z6wa8HKe3IMIaqB932ouKj8BZ2bhmnVR3o0SXbrxHMTyl0F2uwLazPSnW1WcU'}}, 'webvtt-lssdh-ios8': {'size': 60204, 'hashValue': 'FnjyxEC6SuVQZEFCSnlCHV4hXGw=', 'hashAlgo': 'sha1', 'isImage': False, 'textKey': None, 'downloadUrls': {'63137': 'https://ipv4-c001-rja001-apsfl-isp.1.oca.nflxvideo.net/?o=1&v=146&e=1684809382&t=208AXqNeG-blHLgCheXChPyKp5DKRRYVqlC-vt3TAiDHo8qCs50k57nk8WysSLUOAQO0z_DoBA8Pes8-nkQh6s01PTtg_FzdVMSQxlPsAAgkxyzfLpCTcqVicn_H7Nw5Tk3rPhyg_T8vkxIO54GDD9LO-3JX11MiJRL5D60IWEqrtr5YfmnJaqrYEz7zFsrsRTVW54jrIh02DR2sIrQtRD2W5lYfw4PP-du9HCsWWP6k2Q', '68102': 'https://ipv4-c038-bom001-ix.1.oca.nflxvideo.net/?o=1&v=74&e=1684809382&t=cb8ccJI-nONAtC5Y4kOUmzOZ6_GAXj5dBJ5qGO0p6gVwTdJzE7XxXIBjlE0-Z01OgBc6_SGDHV02uWusasOsMsUypDuwt-v868c4DVNVaRoYfZBZpeSWvROvakEV0uu4wUaT_3lXPJR3JSrk-WkXaJ0o7MLFKC47T2vd-wYFAL_nP0mNqJqbawsSoQ4Jcw1HDeI1LUtpOEVNRnf2c-Enepd24eopjhZcbS0gHdH1w50yIA', '71710': 'https://ipv4-c042-bom001-ix.1.oca.nflxvideo.net/?o=1&v=37&e=1684809382&t=c4D897WKGdbyCm6iuhaVx3PQUzh1E_5nsA2A4sSNQhTIE9U2RK7e60AoAd2BkVv0S-hRc5FH2Q1Iyv-MQ0PNplPuc8p66J0NwUXVQSJz3B5x4AyHE7fgJe_rRY3qvFeqNqQGYN8YJyAySdR3XZo6cibnHLc07xPJPzpIUzrcWWU4zt9-VO1htelz1ZkdmspNQO1OPlREJGEYzya8Xh9BGerba54uHCcmq2vZtLAO9ipFUw'}}}, 'cdnlist': [{'id': 63137, 'key': '1-133287-high', 'lowgrade': False, 'name': 'c001.rja001.apsfl.isp.nflxvideo.net', 'rank': 1, 'type': 'OPEN_CONNECT_APPLIANCE'}, {'id': 68102, 'key': '2-133287-high', 'lowgrade': False, 'name': 'c038.bom001.ix.nflxvideo.net', 'rank': 2, 'type': 'OPEN_CONNECT_APPLIANCE'}, {'id': 62584, 'key': '2-133287-high', 'lowgrade': False, 'name': 'c021.bom001.ix.nflxvideo.net', 'rank': 4, 'type': 'OPEN_CONNECT_APPLIANCE'}, {'id': 71710, 'key': '2-133287-high', 'lowgrade': False, 'name': 'c042.bom001.ix.nflxvideo.net', 'rank': 5, 'type': 'OPEN_CONNECT_APPLIANCE'}]}, {'type': 'timedtext', 'trackType': 'PRIMARY', 'rawTrackType': 'subtitles', 'id': 'none', 'new_track_id': 'T:2:1;1;NONE;0;1;0;', 'isForcedNarrative': False, 'isNoneTrack': True, 'language': None, 'languageDescription': 'Off', 'isLanguageLeftToRight': True, 'rank': -1, 'hydrated': True, 'downloadableIds': {}, 'ttDownloadables': {}, 'cdnlist': []}], 'video_tracks': [{'trackType': 'PRIMARY', 'track_id': '6e6f6e657c554e4b4e4f574e7c756e6b6e6f776e7c66616c73657c6e6f6e657c756e6b6e6f776e7c32447c566964656f7c756e6b6e6f776e7c7c7c64656661756c74', 'new_track_id': 'V:2:1;2;;default;-1;none;-1;', 'dimensionsCount': 2, 'dimensionsLabel': '2D', 'stereo': False, 'profileType': "AbstractDynamicEnum{name='VIDEO'}", 'type': 1, 'ict': False, 'streams': [{'trackType': 'PRIMARY', 'content_profile': 'playready-h264mpl30-dash', 'bitrate': 100, 'peakBitrate': 193, 'dimensionsCount': 2, 'dimensionsLabel': '2D', 'drmHeaderId': '0000000003f748a20000000000000000', 'pix_w': 4, 'pix_h': 3, 'res_w': 320, 'res_h': 240, 'framerate_value': 24000, 'framerate_scale': 1001, 'size': 17782007, 'startByteOffset': 38296, 'isDrm': True, 'vmaf': 5, 'segmentVmaf': [], 'crop_x': 0, 'crop_y': 0, 'crop_w': 320, 'crop_h': 240, 'downloadable_id': '283955769', 'tags': ['CBE2', 'POI', 'ladder'], 'new_stream_id': 'todo', 'type': 1, 'urls': [{'url': 'https://ipv4-c038-bom001-ix.1.oca.nflxvideo.net/?o=1&v=74&e=1684809382&t=_s-ZmoV0jl775aevwNg9Pd8ZIpdWxhSySZvzmgNBrZvwgp59ExO5JI-Vx-wqZCvJKODMbS_v4H0C47ZvgDDQyaH2aiPG0ymGeaJYDBjH5so_jvX3tOt3uXfKljJiAJU_LlThssAlogDRVhTGyEkBvjG-hJB-RBnqfhj1umq7rUnvLVoWHLt6-02havi79b1UVNIqJYZQTC0_EQIMlf665Az4JRyBcrhHqUzo-QQI8qGDHeEgKA', 'cdn_id': 68102}, {'url': 'https://ipv4-c042-bom001-ix.1.oca.nflxvideo.net/?o=1&v=37&e=1684809382&t=IBApswVbyezAH_5ISvpC6bWPLNunDbjDaLbFQY-9xsUdZ7uaPgymJuQB2bfci4Sry8Ogu_tupX-2lrfUdjx_4yt8AIYzgcMjDQ508dn17FKQ2YFIQIOQKcPHhuqZnzJ63D4edHkHnVe6DcdTyy79VVHC5KyvvkhYoHNJYIS2O4WpNYjLVB-66z62j9S0BFN28zPBWOKjMkGCnnqx6uDIaltquQ9ty1UY-YNDrIPOCtAXO9IJSw', 'cdn_id': 71710}, {'url': 'https://ipv4-c026-maa001-ix.1.oca.nflxvideo.net/?o=1&v=58&e=1684809382&t=1gKhDp9Nnx0bJif23HCz11FvCIYZMD4fVDcDTABZIcBk1hGHeffKSwMLrrDa1SJUgYtWsvfg3sksEqVYmoZgqRLHHZAzPaS4V1_C52nByj9rAczB-ninGLXG5ge3YlHWK_77FUGXPKaiU4_e04WGQ8fc7KbIw_okwvrF8DSkpTn75EY65-tG70SGF3ull2gg8I0qTxdnDbCqegXXsp2e8SRLyumDWjR9lswhYrdAaCDZ6BwXeQ', 'cdn_id': 69998}]}, {'trackType': 'PRIMARY', 'content_profile': 'playready-h264bpl30-dash', 'bitrate': 100, 'peakBitrate': 0, 'dimensionsCount': 2, 'dimensionsLabel': '2D', 'drmHeaderId': '0000000003f748a20000000000000000', 'pix_w': 4, 'pix_h': 3, 'res_w': 480, 'res_h': 360, 'framerate_value': 24000, 'framerate_scale': 1001, 'size': 17981385, 'startByteOffset': 30967, 'isDrm': True, 'vmaf': 0, 'segmentVmaf': [], 'crop_x': 0, 'crop_y': 0, 'crop_w': 480, 'crop_h': 360, 'downloadable_id': '568262583', 'tags': [], 'new_stream_id': 'todo', 'type': 1, 'urls': [{'url': 'https://ipv4-c038-bom001-ix.1.oca.nflxvideo.net/?o=1&v=74&e=1684809382&t=ziHkKhT4weR4Bkz93nvHU37HZ0bmc7aerkrb7YydwOL7hTzpIMnOx5LycL97vkb1QIebHcepKO0Me1q8GOao2Gvkmram6_EdJabwyIETGzsuu3gfSXoYD4Rc_Oo6Y0Nd4yFSzho1vls1KaTXUR6_TBz8xYxzM967NvsA9JMMQh1t4lM3cm_zxlGlDerduKvPcnlPXQGlkR32nC_hxi1NvFYLuS6iTkTGJ120Es_Q1DdKNyGadA', 'cdn_id': 68102}, {'url': 'https://ipv4-c042-bom001-ix.1.oca.nflxvideo.net/?o=1&v=37&e=1684809382&t=jw_wCAeh9TfQzOZDpCyL9gHz6yt7Q-2nAjUxEmpSDPRGeMIHy2J17AHwNDb3G30Woh_G5nW6zGgi0gBk_Ff6ZwMwDoEWGRFWC9LZlZnUckbU1D-UyMODtMTNbegYn2j7TX-kyLOCKR_gzk1R0G55MyFRAeEk37iyH1sOzxj4yqmY9ZjaxBCtin_hGPy4hkZYPyxLocGqXyIv_MgfbLk4WbwjpYEIzCT77BuFW-2ikZArFSzxzw', 'cdn_id': 71710}, {'url': 'https://ipv4-c026-maa001-ix.1.oca.nflxvideo.net/?o=1&v=58&e=1684809382&t=-0CY9yHC-7Uahzwd9AO7mcGs1u5LGO6nwgWCySHxji70DSbqqTy0qtH2ktXtqleLFA-fs1balc9u_-5kpiTJi6Udyh2rMH1oj77yX3N5Zfe34hm9wG9W5bC7YXioFxHLlXO2OuNW8Rwp7nx1BM_2h1hqJSA3WZTh-qByv8B__GsP-BwW4lC2qYBK2JY6k2Yd4kMryq8A0s-Up4C9LmI4JEQLECYWkqASGSdaj2UHYs3yfILcnw', 'cdn_id': 69998}]}, {'trackType': 'PRIMARY', 'content_profile': 'playready-h264mpl30-dash', 'bitrate': 149, 'peakBitrate': 297, 'dimensionsCount': 2, 'dimensionsLabel': '2D', 'drmHeaderId': '0000000003f748a20000000000000000', 'pix_w': 4, 'pix_h': 3, 'res_w': 320, 'res_h': 240, 'framerate_value': 24000, 'framerate_scale': 1001, 'size': 26036134, 'startByteOffset': 38296, 'isDrm': True, 'vmaf': 9, 'segmentVmaf': [], 'crop_x': 0, 'crop_y': 0, 'crop_w': 320, 'crop_h': 240, 'downloadable_id': '283964008', 'tags': ['CBE2', 'POI', 'ladder'], 'new_stream_id': 'todo', 'type': 1, 'urls': [{'url': 'https://ipv4-c038-bom001-ix.1.oca.nflxvideo.net/?o=1&v=74&e=1684809382&t=F3xE8MK0sO1xdi30joNPApkqADlYDtlZU7kv5GA5X7H5kojGxh9hEt-kV9zcePULCj7H-4x1MUNI_Xcc8zOP4Ig_jlCse1tPokEOS7miWHyd0XgzSeNRd_fSSWCTQjdlUh5SaJUzL2ziHTxKsD9cJTUcCyZnSlQA8kU22p64-ZUqZih3_vmpFkgRl9JVtJcniFRb6Iw_rrYJZoy7lmvVrQU5WlQXg9xD5sYrxaC9MWrRL2KI6w', 'cdn_id': 68102}, {'url': 'https://ipv4-c042-bom001-ix.1.oca.nflxvideo.net/?o=1&v=37&e=1684809382&t=NfW6KvDTcF9LucQhvQYVJakBg9axW1HeYRTTXXX4JfbUCMbF1efrwnEMNrFhBGqERdI8Oudl6IanCvPmqiivpNj_Z0Gk7R1i_mMFpZ8B8RRDcBd8eD-mNxEp0xTlEI5GejNDt9HjNY21Fpem7Q28M8Je5yTQm1b-i1a7Wg7Bi6ZcQYQgZucdMwZYGmXHZD_uZAMNgHulesA5GJZK7gSB9CwJTefESz6KR9LW1OG4N_88mlr_0Q', 'cdn_id': 71710}, {'url': 'https://ipv4-c026-maa001-ix.1.oca.nflxvideo.net/?o=1&v=58&e=1684809382&t=v68Jz7DOzlEpCWSxXpXwBkSiSeO6-ZrAGm5VEhHTjQ94mFT3VeRFIf91dIqBVdODjyi6THOnJl9NkZPLekCGLz48uXb69YtMFKJ1Kh_GGizPWddQWIhK2t6cf13guPX69-njIKgzRZC4SP4hCCEghG7OsSpLz83UEk-94kjp-vLc3isr3nIzh5gy47ZwfMoDK9PsU9wOYaz8tn_dlS7R39NyhTi9yeSiJUnxVXMJwWlpYWTJOw', 'cdn_id': 69998}]}, {'trackType': 'PRIMARY', 'content_profile': 'playready-h264bpl30-dash', 'bitrate': 175, 'peakBitrate': 0, 'dimensionsCount': 2, 'dimensionsLabel': '2D', 'drmHeaderId': '0000000003f748a20000000000000000', 'pix_w': 4, 'pix_h': 3, 'res_w': 480, 'res_h': 360, 'framerate_value': 24000, 'framerate_scale': 1001, 'size': 30373510, 'startByteOffset': 30968, 'isDrm': True, 'vmaf': 0, 'segmentVmaf': [], 'crop_x': 0, 'crop_y': 0, 'crop_w': 480, 'crop_h': 360, 'downloadable_id': '568263008', 'tags': [], 'new_stream_id': 'todo', 'type': 1, 'urls': [{'url': 'https://ipv4-c038-bom001-ix.1.oca.nflxvideo.net/?o=1&v=74&e=1684809382&t=cbosWIR2PP0VRnEPzkerNvVCKa83OtaqZ5Z0kYGAldRN4YcxNXMVutmjH7y051vIJfORVM6_uPRYWUFX11FwaHJNfUA094ms_KR66utPDwceghrCIR6zX27RmLxuYVFTbJbU4kJXQPdsH6BybDuGum4TFch_iQopLGBS-8x7rM2ptZfPT-akAVc6p_LAW7mprsWUZKvnD6lR-2mYsekjVDvjcjQ-T5yE99hZOameFpMpBXmUuQ', 'cdn_id': 68102}, {'url': 'https://ipv4-c042-bom001-ix.1.oca.nflxvideo.net/?o=1&v=37&e=1684809382&t=T_oZ04JQq_oM5T_m6_2YTPJWZ6Al_RY1yO_hzgz1xj-J3mbXbWLbmhMese34sbe4KW5carMNuowIvcNiqaVfi1EIZKJXpCAo_WVnBNqWEfOlfjSCLeWAW7ABn6uCbyD29Gi_1lLBacYwt_ayrBAHeCEVMDkHXk7F3Qmj59S-_0rG5awlcMxZaN9xjhSXs_f-H9IkG9Ermjf0ahOxfNUGNQAbWjRi7J698zbde4OAsUg7V8jOkA', 'cdn_id': 71710}, {'url': 'https://ipv4-c026-maa001-ix.1.oca.nflxvideo.net/?o=1&v=58&e=1684809382&t=qCaqLvFBKF9YeOOFQGtez8VF3uyEqd-CICqk4fEVBAseXceWQ4V1DGIqs9LtqgOJn5IQfb2sfo0caDROv62aadWEwBBWCDZgyzDseBkAE23UH2xMYNDPzvPxK-CZLsic9_UB7WkYexmeZzevg6iOPcBUfvSA2VO-aw2dgGU4KncSZk4IUCnHlLhU3PRA70gi7fHyvd4DwMCp8Dgxs9BYImSvx4zBWiqyHu5VYLBlUX7iNM5Glg', 'cdn_id': 69998}]}, {'trackType': 'PRIMARY', 'content_profile': 'playready-h264mpl30-dash', 'bitrate': 246, 'peakBitrate': 594, 'dimensionsCount': 2, 'dimensionsLabel': '2D', 'drmHeaderId': '0000000003f748a20000000000000000', 'pix_w': 4, 'pix_h': 3, 'res_w': 320, 'res_h': 240, 'framerate_value': 24000, 'framerate_scale': 1001, 'size': 42110980, 'startByteOffset': 38296, 'isDrm': True, 'vmaf': 14, 'segmentVmaf': [], 'crop_x': 0, 'crop_y': 0, 'crop_w': 320, 'crop_h': 240, 'downloadable_id': '283952354', 'tags': ['CBE2', 'POI', 'ladder'], 'new_stream_id': 'todo', 'type': 1, 'urls': [{'url': 'https://ipv4-c038-bom001-ix.1.oca.nflxvideo.net/?o=1&v=74&e=1684809382&t=pRtB5SmRlgEmmG0e0pkegfxYWMgyYspdFqTkUjkLlqbeD9cqXgQ1i214LiUHe2wUx7PXUcu3tYQb1uWd8aDeVbks9nWDgmlkL4zyzxuKeetT4iIgnykaE_EUSR4onRPuYgSgy1EOv9lsHuh6SJBbxICmoAPvj8nibhInKHcHvlHn3V6aB2546v5gwFnQbb3XtjRDb54WEMhkC5UaLSCMe3sQ0G2ChULDq8-JO2agRv9CMn0YYw', 'cdn_id': 68102}, {'url': 'https://ipv4-c042-bom001-ix.1.oca.nflxvideo.net/?o=1&v=37&e=1684809382&t=SzlV12PW8DnqFzI0LjjwNH2IPGdrQVDFyr_rgo6VuL1Ck_R6x8R1e2TukygRCYJN11QOI2_-f3sxfczMbHiRAy6gixm7E8rQCfTeHVGjCGaSCMmLm5LWhyh3Oy0nFpCRme8Vh_nTlkNQyc6idagB4WsO_QsJ4owILp_EZGByNBSJRmA5lh08A3XDYH-9JJYyiUg0f8J3ZgSBpEQfVdiCAK8601idM2gcf0RNUsi-bnPxRbeCYw', 'cdn_id': 71710}, {'url': 'https://ipv4-c026-maa001-ix.1.oca.nflxvideo.net/?o=1&v=58&e=1684809382&t=V_3GTXth0ph_4QGBu9LW_iIJ0BFhB1cntsIo00Frc3WqBXG1L84MGpryA8o5uMz1TdJCKbs4I5Ra8hy9FXgFtUK6UJSS9SAIsW8rp4lDEl-2N7oJJIQ25NXXnKv3vC6VOz2ZsAMv3LDRKDtu0oVr-EKfrEJ-4d-z1wUVGo9t7n3NosWCNdK6baiMUAQL7tmPS4aXw7-dRykn4UgAJ3DmUiX0KVc7BF4SEoPZgky8Bnbmuv2ofA', 'cdn_id': 69998}]}, {'trackType': 'PRIMARY', 'content_profile': 'playready-h264bpl30-dash', 'bitrate': 250, 'peakBitrate': 0, 'dimensionsCount': 2, 'dimensionsLabel': '2D', 'drmHeaderId': '0000000003f748a20000000000000000', 'pix_w': 4, 'pix_h': 3, 'res_w': 480, 'res_h': 360, 'framerate_value': 24000, 'framerate_scale': 1001, 'size': 42779224, 'startByteOffset': 30968, 'isDrm': True, 'vmaf': 0, 'segmentVmaf': [], 'crop_x': 0, 'crop_y': 0, 'crop_w': 480, 'crop_h': 360, 'downloadable_id': '568327749', 'tags': [], 'new_stream_id': 'todo', 'type': 1, 'urls': [{'url': 'https://ipv4-c038-bom001-ix.1.oca.nflxvideo.net/?o=1&v=74&e=1684809382&t=dkWcwyoAhrN_NiKi3atrBMjJt6ieN7mHnvmZEmSPGrGboj3LL1OruWNogOisTqIqYidFiOipJC9a6g2FBq4c9MZLkyHnq5OxlwBXzE5sYUl7zo2QlAE2s9ZNg0gysFil2XhBn102UJ865zTvCSa-aEmaZ5F-oulIUWZQyyy8c8aPAqIqYa9ZA9ishO1SYwhNbd-NyoJZ7ZTh5GBtHp-xg2RZCdEEfcrxv3WGHzPgcMjfS_npqQ', 'cdn_id': 68102}, {'url': 'https://ipv4-c042-bom001-ix.1.oca.nflxvideo.net/?o=1&v=37&e=1684809382&t=3Kg2JvEupcPWBOoMHmLpPDBVbnQzQdU-DY5OBj-mAApKbnpu-Jnq6NuZbvuNA1oNM1Mh7IEODrZYzmOiKPyI_w69TpEHENHB4dbfN2gsSkdk3WCrWkuoGAbpAdDXIuk1NdQV_A15Ag4qr0RK4S88w4d6FCD3tbCG5pOs5ZG4ShbM6KIngFLqdFyS0ujnLmz0RPYEVmj5lcLIGE8vram2FLD6qNEjhFjBw6vkx1h_mlhGZ7hcCA', 'cdn_id': 71710}, {'url': 'https://ipv4-c026-maa001-ix.1.oca.nflxvideo.net/?o=1&v=58&e=1684809382&t=k-0kXJ2CO2QIqVpcS6c6y2MAsZWQ0ejAJA7DQb47pVmI_2QX-zAXHEasPlAUMyyKA-Y0fL_qD9WCQeArCsOMHWYGJIwag8D9SSTDfwC_D902uumL5DYFk223gZjTn8FZTAM0gnMXyVq583kstEWjKWAdRyAVlEpdVqQwdzSLARSY3QZj73R-bi8MLNLBtZQXkGAF1250JVwwiITEx8iyjH0IbQw_CS50BxzsaWAnSPyCNVg_Yw', 'cdn_id': 69998}]}, {'trackType': 'PRIMARY', 'content_profile': 'playready-h264mpl30-dash', 'bitrate': 320, 'peakBitrate': 761, 'dimensionsCount': 2, 'dimensionsLabel': '2D', 'drmHeaderId': '0000000003f748a20000000000000000', 'pix_w': 4, 'pix_h': 3, 'res_w': 384, 'res_h': 288, 'framerate_value': 24000, 'framerate_scale': 1001, 'size': 54261684, 'startByteOffset': 38297, 'isDrm': True, 'vmaf': 29, 'segmentVmaf': [], 'crop_x': 0, 'crop_y': 0, 'crop_w': 384, 'crop_h': 288, 'downloadable_id': '283963156', 'tags': ['CBE2', 'POI', 'ladder'], 'new_stream_id': 'todo', 'type': 1, 'urls': [{'url': 'https://ipv4-c038-bom001-ix.1.oca.nflxvideo.net/?o=1&v=74&e=1684809382&t=S4qntimgDvkAKcpKb6p1payYwg7w5d1_G8EslZVOGhms9T8jH2PPpZ8Xm0H5TQOYRJNDt8Dn9o_r-EHpkrqpXqsD-cypGLU7pce1xoEfYXFwJ9YdbfVorXAcPrR05QM54ibLDzAx7_5iNBQO9OsAK_8p70ZlNNRFkPtLvTLfJradbMxMZtoBxoqBnArcP8aBm_SZOBhbYJBZJLYLMHhnBBe2-7ZeUWJ_D60_vO_fxt6JUYCFNg', 'cdn_id': 68102}, {'url': 'https://ipv4-c042-bom001-ix.1.oca.nflxvideo.net/?o=1&v=37&e=1684809382&t=nptrxU76qxc2l2qdoVMondx7yPP9wGwToT29tmjFcsQmpGqxWIsB1aGKAUykYuaLwiKR0UXrgFsly2_2qTNuZTUR3D1tObBaVzIycpHwvvNl3COYqAxsrK2eFiGjbJjd-lzKTIJBYVrbH4tYAMlEbzGuQ6Ebo30u2MGq_yWpzYheaPR1kyADNBA2RVvp7Adv3MAZKRH0rCWgh8exu7bSoMfFiwvPV9m-M9MUqprOOSfHauQPhw', 'cdn_id': 71710}, {'url': 'https://ipv4-c026-maa001-ix.1.oca.nflxvideo.net/?o=1&v=58&e=1684809382&t=qHXz_4UpJO3Dop0QLIP2acW4T455mOwTa0vj4LEiQo8iBf3KeNFqgTAvelOHeywODuil58NrWli36g_IH409p1GoJGfHuG8J2NvLX-bCd4yhhcDj2oRtqxGwhNuYyejBihoEK8ZB7FuW0XD_qTOiPwr0ef5PijP7NZLRB2iJlOOB9PVZQvR6yfsWx-Sead21QYr586W8KP_9REVXUPzLfLRnEUhjqZvEaIr1CDcI6ReSSx1s5Q', 'cdn_id': 69998}]}, {'trackType': 'PRIMARY', 'content_profile': 'playready-h264mpl30-dash', 'bitrate': 479, 'peakBitrate': 1162, 'dimensionsCount': 2, 'dimensionsLabel': '2D', 'drmHeaderId': '0000000003f748a20000000000000000', 'pix_w': 4, 'pix_h': 3, 'res_w': 512, 'res_h': 384, 'framerate_value': 24000, 'framerate_scale': 1001, 'size': 80767225, 'startByteOffset': 38298, 'isDrm': True, 'vmaf': 53, 'segmentVmaf': [], 'crop_x': 0, 'crop_y': 0, 'crop_w': 512, 'crop_h': 384, 'downloadable_id': '284715161', 'tags': ['CBE2', 'POI', 'ladder'], 'new_stream_id': 'todo', 'type': 1, 'urls': [{'url': 'https://ipv4-c038-bom001-ix.1.oca.nflxvideo.net/?o=1&v=74&e=1684809382&t=IOg9A67QCmkUu12W79JTpCY7P7TlxFb777vuJJBCfPeG5kw0D3mrvN0Q6PJThgjDIFU-hnIJwss4xQV0x-KgpxpbuTODh9ZCMDsJSJHLHeY0VteaEl1C-jftVn2gteoA9STM3IbdKQG732BAvhK5Wg0JrB0QgSxxoyqv-fOCaZ7izVvvw1YvHcZ2LRUY_l5N17yarLGnk23Gm9EDxQUZwHknKD44zUIRr60i9uwI5wL9gjvPTQ', 'cdn_id': 68102}, {'url': 'https://ipv4-c042-bom001-ix.1.oca.nflxvideo.net/?o=1&v=37&e=1684809382&t=WuRSrvPzW_8RTLWYcpBQo_Z_VwnXuwZmGi-CdCHnLl-fWGDa0B0OtxTJHz1SokcWkitp9tEuc9DibQM2zAk7m_r3H3dtrzSsDk__uWshXToJzgEi_zr3k8s0y9V0YqvjP6LNBnDnGrWDdrK3GVPrU0w84MJ9P0sCOVLbGXrX58k_-sWR2Bro0DGx4yuNQuBzNr9Y3blTASkXMmXF17iwHsQXwf7tXRBEhdYTN2FOU8jVAnmQdg', 'cdn_id': 71710}, {'url': 'https://ipv4-c026-maa001-ix.1.oca.nflxvideo.net/?o=1&v=58&e=1684809382&t=wRGowaH5eBsRPbE6xLlWyIeT9hTiwJ4dJYYkejF2IVkuq3lwahK0rZ2Irc8Uz2d-kt4bsGhZsRgpemysoUbVjR3iscPDkevCVwS-nXNtG_VslgQ5fnFiaE9U3zhZWNhkfKCAaACtmmqskAg-qelK-tpX8HXP7ACPvf-6M5VntSTRMzCBuGUzKIj3Vea6gOAvSylcEu8TH01BTKd2T27Cxouvfz67-mkhWkrsNslyWP-h61hUag', 'cdn_id': 69998}]}, {'trackType': 'PRIMARY', 'content_profile': 'playready-h264bpl30-dash', 'bitrate': 500, 'peakBitrate': 0, 'dimensionsCount': 2, 'dimensionsLabel': '2D', 'drmHeaderId': '0000000003f748a20000000000000000', 'pix_w': 4, 'pix_h': 3, 'res_w': 480, 'res_h': 360, 'framerate_value': 24000, 'framerate_scale': 1001, 'size': 83937181, 'startByteOffset': 30968, 'isDrm': True, 'vmaf': 0, 'segmentVmaf': [], 'crop_x': 0, 'crop_y': 0, 'crop_w': 480, 'crop_h': 360, 'downloadable_id': '568263460', 'tags': [], 'new_stream_id': 'todo', 'type': 1, 'urls': [{'url': 'https://ipv4-c038-bom001-ix.1.oca.nflxvideo.net/?o=1&v=74&e=1684809382&t=fENq_y1fqV33EQUpuXg54fTXtyC8-RKZwJj0IynobRIAFEWNqBZpKODNNxgdaOlY1oqqgeXKJzsrGAeK_6OooRvvg-6SNi8WwHNqOl8BTmJ95DSg_pixUHqmLx8cqPhZEN8n-6IcoH4Ps7FpVUdMgJNAcH2rWhXb9AxEs00fUqfP8v7DcQbZVpA4CykTe0XAgrWnzkcJ_8qFsfjIqZT0NFnk5NNafrLe9VZUomsqk11C1fbvTA', 'cdn_id': 68102}, {'url': 'https://ipv4-c042-bom001-ix.1.oca.nflxvideo.net/?o=1&v=37&e=1684809382&t=WpegcwAb-v-5dUCDex_2K-kaOTQOW3qhuYwE4w0XdqPSxNrblcO0v9mfsTMsVlr8zDVhz_hbKMlLvWllySWsl3U1JaLe5GccDPKo-LB0fpDOYrnXHAgQZI_Y5i22vMUt3Pzv2BNNsz-oK9aoaJ7DLNMGg8C6ZpSgPYk68W4-0Xebx73y7Z2sWMxWxF9RMzCQpVPy-IomYXMeyMs3z6U5GZ9djhfIyzXyok45cTUJi990vezU2w', 'cdn_id': 71710}, {'url': 'https://ipv4-c026-maa001-ix.1.oca.nflxvideo.net/?o=1&v=58&e=1684809382&t=wagDyol_i_Z_ARC5yxKhoUpcXsCSGlxeX1FzBTW4U1elAJfJPS4V6l7SCUfhqZTmMNOhKVQDyp22LlUrKU4Ipo_amSjqdvLSz04lSFRfQAknbx1-OBH6Ydfws8Oyxbd32WOkaGqZCTUafBkRdl8MfpdKDbkBloAH0P6cjmfNzeRxALcBHtbLLlHJYPaX_t5f1fKFtqj8myXtwHQZ0mOLTsnlXz_xcJm4RbqwQ5BQBdvdY11IWg', 'cdn_id': 69998}]}, {'trackType': 'PRIMARY', 'content_profile': 'playready-h264mpl30-dash', 'bitrate': 695, 'peakBitrate': 1712, 'dimensionsCount': 2, 'dimensionsLabel': '2D', 'drmHeaderId': '0000000003f748a20000000000000000', 'pix_w': 32, 'pix_h': 27, 'res_w': 720, 'res_h': 480, 'framerate_value': 24000, 'framerate_scale': 1001, 'size': 116586769, 'startByteOffset': 38302, 'isDrm': True, 'vmaf': 73, 'segmentVmaf': [], 'crop_x': 0, 'crop_y': 0, 'crop_w': 720, 'crop_h': 480, 'downloadable_id': '285197520', 'tags': ['CBE2', 'POI', 'ladder'], 'new_stream_id': 'todo', 'type': 1, 'urls': [{'url': 'https://ipv4-c038-bom001-ix.1.oca.nflxvideo.net/?o=1&v=74&e=1684809382&t=kCTBzmKqsKxoqN0JOfljIfsb6Tplf1XUUEhfNrseO4nZWbmf234FoYMCVQ67Ti0ejOPqKvj4W87gagWiyRtm8TjzI60d7XNoChhDyCHL8C7pCUbiFdxU8fMtJdfCQ8arFYjOKkZO9gk-A6xyYnKmVoTBn3eR3UE4Mb_5Q67gRA7JJQqKt_cKHiiy-ABAkeg6CV3iM9rtm2jpZZVRHk2fa1Z2g-RM0otRgkanLM0Zxnp4jshikw', 'cdn_id': 68102}, {'url': 'https://ipv4-c042-bom001-ix.1.oca.nflxvideo.net/?o=1&v=37&e=1684809382&t=apn3Us0C6F6qnnsK-MpFj0nkspu6XP-boK4G9WbB-svZsLJq77bj25ztR491aQaPc33nu2_a2n8aUIXYDGOSVTO1oFkfTL0PJNHW3-yvbUJq1_34PWMHkyEpppAXwkRjqdZUBt4IpLLTX2izf3WTX73fKT8gucl-Fk26PRFynF0wrEX0bh7t2E5WLDv6KPwNO9BE0sH7D64QEbgJlicUMw2GqWuvaMX02dg6iiGOZhqtDONb6w', 'cdn_id': 71710}, {'url': 'https://ipv4-c026-maa001-ix.1.oca.nflxvideo.net/?o=1&v=58&e=1684809382&t=IcRtBNtlwY1ZKgurghfooNqZhKs1CZXNjkExdUZPBOins1i7lfjSod_qChbXYywZxJDjd5pz7igIbP7XbpKHQphOIFWwYRZpOtg4GpMnLLiKu5r7bBCGCLHeSmxYasRh1Ri9OyQK6ahg8MwydSMi0RLLUTPJMDYo-JKBhRiOlPVPEsHdieDFiMZUe-k2unHvgkW-yQfkS63qAU3JUlJ1BKeHZIgaRbSnlMIe-vxrJi9jPP-kVg', 'cdn_id': 69998}]}, {'trackType': 'PRIMARY', 'content_profile': 'playready-h264mpl30-dash', 'bitrate': 902, 'peakBitrate': 2273, 'dimensionsCount': 2, 'dimensionsLabel': '2D', 'drmHeaderId': '0000000003f748a20000000000000000', 'pix_w': 32, 'pix_h': 27, 'res_w': 720, 'res_h': 480, 'framerate_value': 24000, 'framerate_scale': 1001, 'size': 150987050, 'startByteOffset': 38302, 'isDrm': True, 'vmaf': 75, 'segmentVmaf': [], 'crop_x': 0, 'crop_y': 0, 'crop_w': 720, 'crop_h': 480, 'downloadable_id': '285189923', 'tags': ['CBE2', 'POI', 'ladder'], 'new_stream_id': 'todo', 'type': 1, 'urls': [{'url': 'https://ipv4-c038-bom001-ix.1.oca.nflxvideo.net/?o=1&v=74&e=1684809382&t=hOPO-gOItTC7wazdfDsaY8vHCp8C6PqZKVQBbOQo5WFXiq-y5_3CuX6eZ3nLD-Wxe8AJ5_QRSwDGciQ6Dz2dZfrawAAolp-u_n-KVABX7DG5IgfmsCXydCW7y19iLNmbTXbfntH2jm10A6x4AD1gIoid13KJI_Stb9AW5ZPD5HvHbi_S8wTZjGHsekJh44E53Z6M6GLHYHKZpQFCXTbzLDJGdhFC6nn-kRHJnSqTWuo9sUiJCA', 'cdn_id': 68102}, {'url': 'https://ipv4-c042-bom001-ix.1.oca.nflxvideo.net/?o=1&v=37&e=1684809382&t=ruHk9Cu4U2siFoJ8FEay3Pibabqercs6AqlXtb_45LH9qzrnouG9vylcaSMGuknljGOaVbrfRIFdaWa-yWCJnJA_wprepQfbnhpD4UEm5SM7kjVvKubMfgCV5OtNn29eHARuWsnMGyNll2wfcQQM-eDadskqUYDW4Bo50KzJU6AUIGxNzswjweqy-k9TYV5DyFcHiMYlXHfdGZKeJcrh9TYXTPg59-W-dvF3r0TaQJQSi1IY4Q', 'cdn_id': 71710}, {'url': 'https://ipv4-c026-maa001-ix.1.oca.nflxvideo.net/?o=1&v=58&e=1684809382&t=OJHH8f3o2PxIigEX0vK-xxHhOA_lZ4xvmxvIFyoGh7di54s69ygaOQKgLUJjcWsH9adlE54_UyV8CtSD9WFG32khWkydgme_DUc3CGIBVPGj3By8sdVH2HJIFCPcV7wO_aLZZjES61e0vhN0SkFkbR-lz9GaYSBcMsac_6SSfjYci2VkQ1FFH4txjMu5ZZXy3JhX_I--xSUE5M4uVQNaqn0UG_zxifuraVrdaIyPXjktngHVXQ', 'cdn_id': 69998}]}, {'trackType': 'PRIMARY', 'content_profile': 'playready-h264bpl30-dash', 'bitrate': 1350, 'peakBitrate': 0, 'dimensionsCount': 2, 'dimensionsLabel': '2D', 'drmHeaderId': '0000000003f748a20000000000000000', 'pix_w': 4, 'pix_h': 3, 'res_w': 640, 'res_h': 480, 'framerate_value': 24000, 'framerate_scale': 1001, 'size': 223876521, 'startByteOffset': 30970, 'isDrm': True, 'vmaf': 0, 'segmentVmaf': [], 'crop_x': 0, 'crop_y': 0, 'crop_w': 640, 'crop_h': 480, 'downloadable_id': '568264095', 'tags': [], 'new_stream_id': 'todo', 'type': 1, 'urls': [{'url': 'https://ipv4-c038-bom001-ix.1.oca.nflxvideo.net/?o=1&v=74&e=1684809382&t=7iF8oH3FWwkpM9xcXB6Dpos5RDS5nVKOyBxVgO4CkdZA83LBPjJhnzGuhXPmWJtY5d92NPHjQ7ajUjI9O-ZygHrXslolz8g1SLlUpDineIepTq2ltNqn52OkY9SPA7GLAhN-jcn09gihhtZKYTN0oXSyhLatuBFtrQFcOs1HLWdef9E3x2H2SbbSwCEIIHki3CFfwlOYndv1ktw2tbk8qSTg5-XOyzSYMMOB6qSCx7fLhTczAO4', 'cdn_id': 68102}, {'url': 'https://ipv4-c042-bom001-ix.1.oca.nflxvideo.net/?o=1&v=37&e=1684809382&t=WR7Gl7Zl3thbMoLC0_VnYRzIwfnM0upaC6w-AAC2Ty6uou1DuUIuE2XJx3U2eWZPXWqkdvGhRoi94AQFSstHEaLQTlW_-zChrOe5Mk1rCsSD5i840Jb-zsDRYGAc2b8S2wQ5h7Hh1BrVjwY2NkNRj6h9WHrY3mLgzP2-Yq-wlgOmxgNylMvrHu_PxEYo7_qeCKKl8aVONcnEmKiHCq_3eTeKq0B64Op7JxcavXiZkpD0f-ESmvU', 'cdn_id': 71710}, {'url': 'https://ipv4-c026-maa001-ix.1.oca.nflxvideo.net/?o=1&v=58&e=1684809382&t=cn3_7VBH6lbb4pNwBjS7zK4dJgFVRDilm_3PAP6TqYfSN550wBpW9gGFqbxnruVZbHv436lIWiR5QXdkAfmv9ckjQi9reRlHcQcDmdG1Ri9ilKfDKI5YVz4EG__khV2ol3n624fyABfbolxHQOQ474yJSUTPYSDbPPBRRlLU0MxryMO-e4HrE81ErsWDIyP5uOCUJcoXodNWMRmvuaCkzQwFGwIU0VIA2Rqa9ISGoEhzpXLqcos', 'cdn_id': 69998}]}, {'trackType': 'PRIMARY', 'content_profile': 'playready-h264mpl40-dash', 'bitrate': 1846, 'peakBitrate': 5523, 'dimensionsCount': 2, 'dimensionsLabel': '2D', 'drmHeaderId': '0000000003f748a20000000000000000', 'pix_w': 1, 'pix_h': 1, 'res_w': 1920, 'res_h': 1080, 'framerate_value': 24000, 'framerate_scale': 1001, 'size': 307728281, 'startByteOffset': 38300, 'isDrm': True, 'vmaf': 96, 'segmentVmaf': [], 'crop_x': 0, 'crop_y': 0, 'crop_w': 1920, 'crop_h': 1080, 'downloadable_id': '286567324', 'tags': ['CBE2', 'POI', 'ladder'], 'new_stream_id': 'todo', 'type': 1, 'urls': [{'url': 'https://ipv4-c038-bom001-ix.1.oca.nflxvideo.net/?o=1&v=74&e=1684809382&t=pvR_DPWzHhE7CYKChsFPmnRpHXZUZS0xkibF1W239byhfkF_6p8MGZFIBPX2K3e4rEPKBkzcsoc2_mKKwQ-Z_Cg6_fEzoLdd17OKMFUvnsAOmTWq--JpP9H8jwmGUkE0Ab4gsrcZ3lpQgNjFU5l9xs0GUzY3F_dIAgT1BnUHvweoj1r5_uSddR_7Ihr1FWr7oe4F_AdRLulgrtrKhXzUr-a406gp_B_zhDTPmnc6wW5xGveJHsA', 'cdn_id': 68102}, {'url': 'https://ipv4-c042-bom001-ix.1.oca.nflxvideo.net/?o=1&v=37&e=1684809382&t=JuR96CK_UsSQkOoRxhn6xGjWoMnJbk8_LpJBw7D_eyKNxWhJo_uksKMNXZMM984s9u370Uj5NZEZjVGt-I5wCbO-oRAnRhhE1fEf3E4gGbOGzV0byAL0TQ9OKmgln35vW3rfyxT5lbn6Jt_1NPR-G3pgccR4gDnUrXKvcq9FRyyGyMTi-9QbG1ai_6k9BUhUcqE8qcCKHm3bUiBQ4pAJRLXyyEfwlAw-g4bL4YLRv3crZ70YEGI', 'cdn_id': 71710}, {'url': 'https://ipv4-c026-maa001-ix.1.oca.nflxvideo.net/?o=1&v=58&e=1684809382&t=utZf062fXVJgLk0aqMk8rpPiFKjo5Lbne_5hCVrAwDhT-REc-ZD2CHDRqgVeRT6De1Qc6olqcieeDjU3PLaz3AvfNsMR2fM_mekuwUnRbRTSgV7xcVB_kF6jbqtp2hisY9XHBoBQC6sKIJi2uNcIoRASWMxvA_HLrcqtFYZ2wkGrSe7BuD6ypsgJJ_hf3ID0-hwrobGbdOuCanxCfzR2evbi8Rtbmp1hWHdlXi53uoGa9YgGinA', 'cdn_id': 69998}]}, {'trackType': 'PRIMARY', 'content_profile': 'playready-h264mpl40-dash', 'bitrate': 2953, 'peakBitrate': 8455, 'dimensionsCount': 2, 'dimensionsLabel': '2D', 'drmHeaderId': '0000000003f748a20000000000000000', 'pix_w': 1, 'pix_h': 1, 'res_w': 1920, 'res_h': 1080, 'framerate_value': 24000, 'framerate_scale': 1001, 'size': 491499791, 'startByteOffset': 38300, 'isDrm': True, 'vmaf': 97, 'segmentVmaf': [], 'crop_x': 0, 'crop_y': 0, 'crop_w': 1920, 'crop_h': 1080, 'downloadable_id': '288397444', 'tags': ['CBE2', 'POI', 'ladder'], 'new_stream_id': 'todo', 'type': 1, 'urls': [{'url': 'https://ipv4-c001-rja001-apsfl-isp.1.oca.nflxvideo.net/?o=1&v=146&e=1684809382&t=cyJXK74NAu6BHDiCsvrziZpQTrpdNbewwRkFIwM44NPM1FxU4BOgvBNDIOItFwJ8r6w5UjODMhl4QVXxJN2IA1b-mB7BA4Z-t9gSQETezevDOClfWJIzvixrUE01iQkj75erLi8MmJtd8zM58W9bhfRzMoRcyEaCV_TejUTU_wL3rpk9ccU5HFeY1cQI8zb8UL-qIS5BSgghNOnVnrUzFJ2pZz329HROEEbw_usO46rqv2L_oCI', 'cdn_id': 63137}, {'url': 'https://ipv4-c038-bom001-ix.1.oca.nflxvideo.net/?o=1&v=74&e=1684809382&t=lakp7Q3vvFxjTqL6PVT1GnAR-JEpXrB6Oo6S3SCh13V_ERmUHtt73ZwrmetjnYOGKRnjrFaTBDT5i-q0YPaF4wj_BWgfVIryAxfMVTT_oBtBoQtMiXdlglZmI79wHcAdimrKV1KCng-zcQj1tDXMua9yBXtsdorq4LWrA-ERcMl2kWhhoNkQ5KT_JEAVEI38KqubbZ1YTLim5CXKKvqc9biQQUmNNOIbDHlTMIaU7Ds5HwluXx8', 'cdn_id': 68102}, {'url': 'https://ipv4-c042-bom001-ix.1.oca.nflxvideo.net/?o=1&v=37&e=1684809382&t=MHQRkjZMSx7SmodN99Hq4eMB-NJzVnYzVZlH0ziAbibw109fKPz4y0rX7dwrvu5TuZHkCV5IFyNIt4oqkGICP7aK7B6EfB5drnVJWj4PJCNJ-oIu8ES6Rai3vWRnzeIGnuvJKTLUg9KlLLIp2qgMPF-TUQmHaLKi6KtdXW2zGfoLF18kQUB3KbRrS8dF1t3kKlYSrmmHYA0hRYsk8JDamUJTaFvzIE9FGpsvCYqKDiU5EbjjiDE', 'cdn_id': 71710}]}], 'hasClearProfile': False, 'hasDrmProfile': True, 'hasClearStreams': False, 'hasDrmStreams': True, 'profile': 'playready-h264mpl40-dash', 'pixelAspectX': 1, 'pixelAspectY': 1, 'maxWidth': 1920, 'maxHeight': 1080, 'maxCroppedWidth': 1920, 'maxCroppedHeight': 1080, 'maxCroppedX': 0, 'maxCroppedY': 0, 'max_framerate_value': 24000, 'max_framerate_scale': 1001, 'minWidth': 320, 'minHeight': 240, 'minCroppedWidth': 320, 'minCroppedHeight': 240, 'minCroppedX': 0, 'minCroppedY': 0, 'flavor': 'CBE2', 'drmHeader': {'bytes': 'AAAANHBzc2gAAAAA7e+LqXnWSs6jyCfc1R0h7QAAABQIARIQAAAAAAP3SKIAAAAAAAAAAA==', 'drmHeaderId': '0000000003f748a20000000000000000', 'keyId': 'AAAAAAP3SKIAAAAAAAAAAA==', 'checksum': '', 'resolution': {'width': 1920, 'height': 1080}}}], 'hasClearProfile': False, 'hasDrmProfile': True, 'hasClearStreams': False, 'hasDrmStreams': True, 'audio_tracks': [{'trackType': 'PRIMARY', 'rawTrackType': 'primary', 'channels': '2.0', 'surroundFormatLabel': '2.0', 'channelsFormat': '2.0', 'language': 'en', 'languageDescription': 'English [Original]', 'disallowedSubtitleTracks': [], 'track_id': '656e7c322e307c5072696d6172797c747275657c6e6f6e657c756e6b6e6f776e7c756e6b6e6f776e7c417564696f7c756e6b6e6f776e7c7c7c6e6f6e657c30', 'id': '656e7c322e307c5072696d6172797c747275657c6e6f6e657c756e6b6e6f776e7c756e6b6e6f776e7c417564696f7c756e6b6e6f776e7c7c7c6e6f6e657c30', 'new_track_id': 'A:2:1;2;en;1;0;', 'type': 0, 'profileType': "AbstractDynamicEnum{name='AUDIO'}", 'isNative': True, 'isNoneTrack': False, 'defaultTimedText': None, 'rank': 1, 'offTrackDisallowed': False, 'hydrated': True, 'stereo': False, 'profile': 'ddplus-2.0-dash', 'codecName': 'DDPLUS', 'streams': [{'trackType': 'PRIMARY', 'content_profile': 'ddplus-2.0-dash', 'bitrate': 96, 'size': 16736447, 'isDrm': False, 'downloadable_id': '1167715820', 'new_stream_id': '1167715820', 'type': 0, 'channels': '2.0', 'surroundFormatLabel': '2.0', 'channelsFormat': '2.0', 'language': 'en', 'audioKey': None, 'tags': [], 'moov': {'size': 621, 'offset': 241}, 'sidx': {'size': 8080, 'offset': 862}, 'ssix': {'size': 8056, 'offset': 8942}, 'urls': [{'url': 'https://ipv4-c038-bom001-ix.1.oca.nflxvideo.net/?o=1&v=74&e=1684809382&t=v0Og5zJYTSXJ1-F3UC0TeQzpdEs_uE_w9DqaxwEqP5ZU7WeGzI_fwUb3gPrbH-ecEz_z2agCykNwbmF2B3NfQdz31dD_JztH9r-baOomsVv_Omd0oUz4yMzzfVooP-bqlhGLCKwq8Sx-6pwZMvOD9KfBnjZyubuxn4PvyzQYxNjvbbE40We4LXfacewGdLgLQ8UvwC8OcsqUBqVnZhX1LiTL_ieRuMZugbolRpBBLtaFDdvs7A', 'cdn_id': 68102}, {'url': 'https://ipv4-c030-bom001-ix.1.oca.nflxvideo.net/?o=1&v=94&e=1684809382&t=yLXANl3LMmkIrdT7o_T-PGZOgZK6dJ4SD3tgJTtipTBef4nXr8-4VBmYy7GLrSU4jKh7Z1uJ4y5T3qvr_r9DQ8u2_a1eZM66wrOIlyIuLMlzGXPoox2svMBNG4M7LQl7q-C6HbfrzWKtymGJ8LwuWauRCwp7yNcT94SstMAjOUunOLusaWgh-DeW7sDSOhEEhqcKe_qbrhVIVrEeWfaa3-Mq09UrEmwX9sKf0osQLxAVh8jAxQ', 'cdn_id': 68094}, {'url': 'https://ipv4-c019-maa001-ix.1.oca.nflxvideo.net/?o=1&v=146&e=1684809382&t=6SLNDJiNy_XbQlXrX68JgNovNeBqhsZ_GQ7OESx2H7JxtGICkci9KiLssys3pNZKgtdrYfu4FEE0d4eVqZcnPgBMfL9UgbSqbb3rSayrJVW4yJV-oKPAHxKZlcWMR62GfAxX791ZGukRrw6fInCqcp20OxbQYLGVE96A3P36F5AwKPHpdJG8WojJW-yYitWuPjsooEOdM4ALEGpG4G98xYWfjMj00NXxpm8IyHpYh1315MXYEA', 'cdn_id': 62436}]}, {'trackType': 'PRIMARY', 'content_profile': 'ddplus-2.0-dash', 'bitrate': 128, 'size': 22094655, 'isDrm': False, 'downloadable_id': '1167712126', 'new_stream_id': '1167712126', 'type': 0, 'channels': '2.0', 'surroundFormatLabel': '2.0', 'channelsFormat': '2.0', 'language': 'en', 'audioKey': None, 'tags': [], 'moov': {'size': 621, 'offset': 241}, 'sidx': {'size': 8080, 'offset': 862}, 'ssix': {'size': 8056, 'offset': 8942}, 'urls': [{'url': 'https://ipv4-c038-bom001-ix.1.oca.nflxvideo.net/?o=1&v=74&e=1684809382&t=MvxEt0OqC8q3nIFoIhA6ynk4YWxORJ-ZPR3qc0sfdsQOhftIB6k9GijRT1T0Sc7DQEvSDNCy3knvKiYnjEiiJkRgSIoBZ5YdlNgXm4fwLbvgyrRUcvZgbG9RlRgiUWNQdTcHt3OvkoJzM27jCclXQG-iRnENhegCCnTivLiu5tvVumKd30ZmOzNnCPONdZjU0SQWHGPYILFS6Qvk7IqTu_F5pIuknz7AWlbwNpHwghaW8j59Z2Y', 'cdn_id': 68102}, {'url': 'https://ipv4-c030-bom001-ix.1.oca.nflxvideo.net/?o=1&v=94&e=1684809382&t=KDsUXPGiP9r78-cTo-rgIAvE3b8jaAM6moL7yqRZyFLd1yM7H-P-0NF1vW_X9rXN26EeLJ8-6dH4O9lRwP3j-Tx5VZaIuCAVuOc09wYxT_dAUmIhID6olRC5-hWK_gq3HohwlXJ9gLHcEBOEtvV_eKbCKYzU1tdHiOZoJMaWcAzWQ0rYND8oQg8jDFfS6jWPzptqVJ0cSpxiSSFoEBqOmZY_acFesjH4JQiHmj8r8b8FFCjv4L8', 'cdn_id': 68094}, {'url': 'https://ipv4-c019-maa001-ix.1.oca.nflxvideo.net/?o=1&v=146&e=1684809382&t=CVx1YgmpYwkk2YS-oAKLKDey_Ky5pYAuvzJs01g-n5Y8iLIQSIXe4od9xQV1hI4wTa94NgLk_rwqNPsu0Wp2bEVi2NWqdkenUL-I5u710YgCZ_cKSp6QYvRNdO-jJ0FKloiFvWxtb5zZH-uTkfX-Bo_FepQJdZJgCsWLor6xm_iMEaTQmcgX32xMw75xB_qIF6zNDRhBMmq2WJoybir1_pHdUMxy_Qc6sE50AxxH7cFjRad-c-E', 'cdn_id': 62436}]}]}, {'trackType': 'PRIMARY', 'rawTrackType': 'primary', 'channels': '5.1', 'surroundFormatLabel': '5.1', 'channelsFormat': '5.1', 'language': 'en', 'languageDescription': 'English [Original]', 'disallowedSubtitleTracks': [], 'track_id': '656e7c352e317c5072696d6172797c747275657c6e6f6e657c756e6b6e6f776e7c756e6b6e6f776e7c417564696f7c756e6b6e6f776e7c7c7c6e6f6e657c30', 'id': '656e7c352e317c5072696d6172797c747275657c6e6f6e657c756e6b6e6f776e7c756e6b6e6f776e7c417564696f7c756e6b6e6f776e7c7c7c6e6f6e657c30', 'new_track_id': 'A:2:1;6;en;1;0;', 'type': 0, 'profileType': "AbstractDynamicEnum{name='AUDIO'}", 'isNative': True, 'isNoneTrack': False, 'defaultTimedText': None, 'rank': 0, 'offTrackDisallowed': False, 'hydrated': True, 'stereo': False, 'profile': 'ddplus-5.1-dash', 'codecName': 'DDPLUS', 'streams': [{'trackType': 'PRIMARY', 'content_profile': 'ddplus-5.1-dash', 'bitrate': 192, 'size': 32817319, 'isDrm': False, 'downloadable_id': '1168142740', 'new_stream_id': '1168142740', 'type': 0, 'channels': '5.1', 'surroundFormatLabel': '5.1', 'channelsFormat': '5.1', 'language': 'en', 'audioKey': None, 'tags': [], 'moov': {'size': 621, 'offset': 241}, 'sidx': {'size': 8080, 'offset': 862}, 'ssix': {'size': 8056, 'offset': 8942}, 'urls': [{'url': 'https://ipv4-c001-rja001-apsfl-isp.1.oca.nflxvideo.net/?o=1&v=146&e=1684809382&t=9wtOZohi03Y9WK_Zfc2M7hDs-pDDrKV0JIk280TYbraWVu8WNOXs8d4tuA3vsxXVKFzLsjwSoN0rYlntPrFkpC30I-Cl8TE7yK1LSx-IY2dI2cr6Vf3SEErYoAeZ7d1VuGy0f_13mn-a9iOX5m2arZfcQ5vHhXub_JrzGPGp_cUypvTeVBnuqJEa6aXIyoFnAyGclttSqlHpsjBD0L3HXaOo2mAg3mMLo7Rm5LFeESeI-CMV6NA', 'cdn_id': 63137}, {'url': 'https://ipv4-c038-bom001-ix.1.oca.nflxvideo.net/?o=1&v=74&e=1684809382&t=0L6l-XcwOLKxHsFppOR3xMLwQfgqTpJx0fGjl66LlTayZ-emhz7-kJOxTEI_Hw-oM9NncHA65Z_gtTlEfp-VYPQpYrCeJ3xgrZ2vXVT5fxG3pYi4lBcZQiDs7vrPAOVZkCWiSji7ALIPBf2iY1Q5OeprwkFYrj_1jN3SIIljsX4mInfXoYwgPHTr6pddCLTMkut6XHy9K2AnjL0b-x8SnML9tDxuYbTkOIfK3rl4ZY35AmFpE6I', 'cdn_id': 68102}, {'url': 'https://ipv4-c042-bom001-ix.1.oca.nflxvideo.net/?o=1&v=37&e=1684809382&t=t_PR-0H0yxdTmW_N0DaF9AJe6f1WdHKaw-5aCmvgWVOn1uYaFgujxlLjXPTwmI0kTaS9M5Acrz6HSsls55dxP6dRivW1V2bICrysaJCwqkN-DR-bW7AhDY-2C3wVMhQGUlhWktaMo2OWHOlQIQIWkQrD7ji3GqWL_VuVK98GHE0dgawybgXiYHNEybrA6x2D1AtADYF-cH4rM6Q1gP96afjGkQNYHeh2B4941bM9ZSmZaghwpCQ', 'cdn_id': 71710}]}, {'trackType': 'PRIMARY', 'content_profile': 'ddplus-5.1hq-dash', 'bitrate': 256, 'size': 43535783, 'isDrm': False, 'downloadable_id': '1168302674', 'new_stream_id': '1168302674', 'type': 0, 'channels': '5.1', 'surroundFormatLabel': '5.1', 'channelsFormat': '5.1', 'language': 'en', 'audioKey': None, 'tags': [], 'moov': {'size': 621, 'offset': 241}, 'sidx': {'size': 8080, 'offset': 862}, 'ssix': {'size': 8056, 'offset': 8942}, 'urls': [{'url': 'https://ipv4-c001-rja001-apsfl-isp.1.oca.nflxvideo.net/?o=1&v=146&e=1684809382&t=4cEpZUUHcrv3bYNkQzU_tQ3a_jjABCx5pLZ1N0cRnW0YWhE5SXZmBfBCLlkn6IuV-l9D6MuiCPIF94WXZ4b0KE0R5l02Psg2z6xel_9HevDYEJlFwxtASBooPhWxFccEzhGHXaflWE_BwjbRZuNqW7ZFKuP8uYnEZT-tUhH7IfYL35hlV8Gm13eEjKSejr_A--oBdWGXoCkGjaEZ2RSRPCdaQZIN9QsuN1YtUn15YniLfN4lnBs', 'cdn_id': 63137}, {'url': 'https://ipv4-c038-bom001-ix.1.oca.nflxvideo.net/?o=1&v=74&e=1684809382&t=pKRzuXj4ijhexveZ8CYF2w_BCzP1HiNPGg08tCc-WIWBVE4Hp0ZKqLcY6pip8Si8XiGNP9kMvG3F6-PfwdkcTnb9g8uDIrBLg-_FP6dQ7x6liL8LjJp20igImFYq1CfDaJ3RQIEc00_IvgCC8RcWi5BZadmfzg5fdvuf5RtL1TtFhm_lXC4SGBxn4JTZWkSvjo9WEfsCyxKmqsjfgm50PkmurdeCH1B8sV-8rIxSp_KWB9kXzUs', 'cdn_id': 68102}, {'url': 'https://ipv4-c042-bom001-ix.1.oca.nflxvideo.net/?o=1&v=37&e=1684809382&t=1b0OhA6XQld_9MmwBahpNs0uDUrBkgkSnN8LTy6XUoBqYGDr8QvyW0NiNGR9jskl-XkeZSx--4vurE5aH8dYlV9JtsIsf_7rARPLg1Ngw6NiVMS0ME5P66fhj1S1FJpOveSg-N3PgfN7pmz0jt4FgBb-pFvdrchGQsOxPpMDWPJTdWELBH_MBmfWOlndZvcQB1GHVYe_srgUkb-3sT60snuygrwVVD0UfbBq9vXezCY0A7kelS4', 'cdn_id': 71710}]}, {'trackType': 'PRIMARY', 'content_profile': 'dd-5.1-dash', 'bitrate': 384, 'size': 64972709, 'isDrm': False, 'downloadable_id': '1167718939', 'new_stream_id': '1167718939', 'type': 0, 'channels': '5.1', 'surroundFormatLabel': '5.1', 'channelsFormat': '5.1', 'language': 'en', 'audioKey': None, 'tags': [], 'moov': {'size': 619, 'offset': 241}, 'sidx': {'size': 8080, 'offset': 860}, 'ssix': {'size': 8056, 'offset': 8940}, 'urls': [{'url': 'https://ipv4-c038-bom001-ix.1.oca.nflxvideo.net/?o=1&v=74&e=1684809382&t=H-vSavZ4l4dZldPEXX4lxA6qjVETLdT1FQabbxsbWcJ2U6N9UoPulh5O-a3vjIVC_cs5ilqay506VhejWly2Au5StDWx7zywz5vsuqGs7zaPE4_cRwGWkxX71Zmi7V8vayVVhWIvJ3Om_3NNJjKFY6gtq98TCdHXLG5FNhYxsiNwyPbRxnjh16j8ytluJH3P2K55eo7aqeqV72Zo043SlEb1dviMX_zBTVj7d_CyNkjQK7syrkk', 'cdn_id': 68102}, {'url': 'https://ipv4-c042-bom001-ix.1.oca.nflxvideo.net/?o=1&v=37&e=1684809382&t=8tWAF-TMAQ2BdCd4n0MV1BFgOhOULVkBNzsYVabaoWbS9kD9N-QLaVShxr1RtD70u9AJo1KZyT-2DX1tYQvWWxXeZ0zE6bh26AUGMtKh0UGs-38H_NTYpeUyAljUn_0mOyip_pMrTKMGHDJ8tGiHx0QhcyWZxadJMZSUwR8g5ndWWpDLBKIG_B2FbPGngawt20swBQEDXPghDaQ23xn51QAqVEdXEE0ZAZmP-xVYS9z2nuy9h-U', 'cdn_id': 71710}, {'url': 'https://ipv4-c026-maa001-ix.1.oca.nflxvideo.net/?o=1&v=58&e=1684809382&t=BdeK2290BurHmqTvdysGP1YHM_8RhbB_IlSd2j5G9vhkHv3EJRos7SmLiy5T2ut-aPf5hr3Pasry7DAbWgm2y_iGyVz5f0VoZr0Ryd4eOUS8LsOWjDA4vGE7QnmMZLo11Sy3Orw6FFaIUM_-DAKk_EnOkKaKx0gVaxTmhBP7krHhnMDfCFv_kw3_nyITVpQe2wC9eTFseqJZC_MUz8orqOqymXpsXQOgCJ-HH0BW-aY6N_irFyc', 'cdn_id': 69998}]}, {'trackType': 'PRIMARY', 'content_profile': 'ddplus-5.1hq-dash', 'bitrate': 384, 'size': 64972711, 'isDrm': False, 'downloadable_id': '1167873132', 'new_stream_id': '1167873132', 'type': 0, 'channels': '5.1', 'surroundFormatLabel': '5.1', 'channelsFormat': '5.1', 'language': 'en', 'audioKey': None, 'tags': [], 'moov': {'size': 621, 'offset': 241}, 'sidx': {'size': 8080, 'offset': 862}, 'ssix': {'size': 8056, 'offset': 8942}, 'urls': [{'url': 'https://ipv4-c038-bom001-ix.1.oca.nflxvideo.net/?o=1&v=74&e=1684809382&t=6rJ95x7Brwfkk2jUE97MwnrBtCr0T0YUpzx1_NYxDxF-lTw1tgfjBI3qlvh7Zi2kqw5RZmEp-TkRw2I_ucZmmXzKlIBRLKd_lw0uKrTuRVJ-akd22O-gd052MsKkv2IfDANBzJITTCBqTiiFWYeEIKJh4wTgmrwpi5N83VWnsANNBU2HRaFNJ8p2h4lcFlICFs26U6PSqjgtNsvsUknkZoxVB2nUIwWvsKM2Kyh0QzLTXYfw7WE', 'cdn_id': 68102}, {'url': 'https://ipv4-c030-bom001-ix.1.oca.nflxvideo.net/?o=1&v=94&e=1684809382&t=saEoXUk25VPu14KEUbFZz0tqxwzBF30Niz6kB-xBS8ywjIxknl5wicaKkxX3wGRq6t74F1mqVtmVz-JHYdBeg-pK4zO4h8NFyn52fusbhQIz7rQNnolGmKO7VyfTozi6Ix5JYeNHF_bnDyzYXcyS10r4rlm_34smjWjJ32dClGwrjUAqZA-j14E2rXOiMuD3TqDrW68pD1qA-sJ9yBtzQ-AP3_2lcgMvQPHy3zJBqHk0SosQd4M', 'cdn_id': 68094}, {'url': 'https://ipv4-c019-maa001-ix.1.oca.nflxvideo.net/?o=1&v=146&e=1684809382&t=BC1E7UKGUgg8jDKwVunVe8AbmPtQqgQUCMyRqKWViT674UPU_H-DzYjSTNBMr4m202urHIP3H19PWQ5vVFbDFShcwaESh_GwJrLj_Gm-Wa0SnWxvDeZK8JGEJUfrsXGOIKXrpgaNb0DM-PENOTI_wMdQOVuulzgIo75vwjd4rMZRwraJiB6O0-vrqqUV5wbx10i2GzWuZm5FhRrHrJwMwfFNpRRUTs6d0uGRJD17HwdU3jjFqL8', 'cdn_id': 62436}]}, {'trackType': 'PRIMARY', 'content_profile': 'ddplus-5.1hq-dash', 'bitrate': 448, 'size': 75691175, 'isDrm': False, 'downloadable_id': '1167868211', 'new_stream_id': '1167868211', 'type': 0, 'channels': '5.1', 'surroundFormatLabel': '5.1', 'channelsFormat': '5.1', 'language': 'en', 'audioKey': None, 'tags': [], 'moov': {'size': 621, 'offset': 241}, 'sidx': {'size': 8080, 'offset': 862}, 'ssix': {'size': 8056, 'offset': 8942}, 'urls': [{'url': 'https://ipv4-c001-rja001-apsfl-isp.1.oca.nflxvideo.net/?o=1&v=146&e=1684809382&t=N8PNFemW9gZuxFzUetIr5P55phpVwH9HQ9ompPuvi0eZVLVE98uLBGnrZ1KeN4ujaMQHrxmUuRc_5geRl08Ci0o7M5ryddQ8NIghl7ca6DOhxIQKGz-Da-2BiJNwfywqqpUzuep9n5KUPgFGtv-pVULN67L0kvZGu2XYD_Zpf7fbRqrv3j976i_8Mbq3KzuH7yRnyNyZDtPi39SRTajaGvvY-HR7FOSw0oVCY6cNSohF4AvcQhA', 'cdn_id': 63137}, {'url': 'https://ipv4-c038-bom001-ix.1.oca.nflxvideo.net/?o=1&v=74&e=1684809382&t=DWZqb4RSzAisU9Z4q4-iVJOcggbmzm-_LCbLfSZ89pVch0X2IRHWfWDcYLSKVST3OBGagUimGUHZbbAwWJC0gyCBM7ne7oJTbM5aCrJw74qEc9YOaXELu1AfX7M7aDY-NgQkR2d9iP1zKcAzLJXznJMA7N8XlA_GqDqIs03fD4XOmD7v1DbFwkwGO0ufAFGcFx9svW72mM5XPw76Q7DuGg5f4069p_jDBPViMqgz1Af9br0MV3U', 'cdn_id': 68102}, {'url': 'https://ipv4-c042-bom001-ix.1.oca.nflxvideo.net/?o=1&v=37&e=1684809382&t=uvCql_EeXfKLN-9RaQeFAsHBzt425pnCMWLS7kH2AO96p-hkTbX22wvFGeoAbcQctN6kO-f4hwWwyuIbzYPqkhzO2zYBFkfmqNHZOapW6MwzTLH3DuFzJeC5W2KG4rLhA1p4cmp57CEeoQcP5u9RkYjEM8Y-RRR_b8wctLzioJzj1i8TkZnxBYI7XfFrTJ-1ELCQ2ZbjY6ZWbGRdXA6BuJ6AmYGzXNaLpoJnAqB4x_5ZNcLePZU', 'cdn_id': 71710}]}]}], 'trickplays': [{'id': '1269162422', 'interval': 10, 'pixelsAspectX': 1, 'pixelsAspectY': 1, 'width': 240, 'height': 122, 'size': 959800, 'downloadable_id': '1269162422', 'urls': ['https://occ-0-4619-2164.1.nflxso.net/tp/tpa1/422/823d1151ebadbf8b59712d2d3447911a.bif']}, {'id': '1269162804', 'interval': 10, 'pixelsAspectX': 1, 'pixelsAspectY': 1, 'width': 320, 'height': 180, 'size': 1694830, 'downloadable_id': '1269162804', 'urls': ['https://occ-0-4619-2164.1.nflxso.net/tp/tpa3/804/e9a6198fbfb24ab7b32312e9aed96847.bif']}], 'servers': [{'id': 63137, 'key': '1-133287-high', 'lowgrade': False, 'name': 'c001.rja001.apsfl.isp.nflxvideo.net', 'rank': 1, 'type': 'OPEN_CONNECT_APPLIANCE', 'dns': {'host': 'ipv4-c001-rja001-apsfl-isp.1.oca.nflxvideo.net', 'ipv4': '223.196.181.11', 'ipv6': None, 'forceLookup': False}}, {'id': 68102, 'key': '2-133287-high', 'lowgrade': False, 'name': 'c038.bom001.ix.nflxvideo.net', 'rank': 2, 'type': 'OPEN_CONNECT_APPLIANCE', 'dns': {'host': 'ipv4-c038-bom001-ix.1.oca.nflxvideo.net', 'ipv4': '45.57.51.147', 'ipv6': None, 'forceLookup': False}}, {'id': 68094, 'key': '2-133287-high', 'lowgrade': False, 'name': 'c030.bom001.ix.nflxvideo.net', 'rank': 3, 'type': 'OPEN_CONNECT_APPLIANCE', 'dns': {'host': 'ipv4-c030-bom001-ix.1.oca.nflxvideo.net', 'ipv4': '45.57.50.145', 'ipv6': None, 'forceLookup': False}}, {'id': 71710, 'key': '2-133287-high', 'lowgrade': False, 'name': 'c042.bom001.ix.nflxvideo.net', 'rank': 5, 'type': 'OPEN_CONNECT_APPLIANCE', 'dns': {'host': 'ipv4-c042-bom001-ix.1.oca.nflxvideo.net', 'ipv4': '45.57.50.151', 'ipv6': None, 'forceLookup': False}}, {'id': 62436, 'key': '3-133287-high', 'lowgrade': False, 'name': 'c019.maa001.ix.nflxvideo.net', 'rank': 6, 'type': 'OPEN_CONNECT_APPLIANCE', 'dns': {'host': 'ipv4-c019-maa001-ix.1.oca.nflxvideo.net', 'ipv4': '45.57.84.141', 'ipv6': None, 'forceLookup': False}}, {'id': 69998, 'key': '3-133287-high', 'lowgrade': False, 'name': 'c026.maa001.ix.nflxvideo.net', 'rank': 7, 'type': 'OPEN_CONNECT_APPLIANCE', 'dns': {'host': 'ipv4-c026-maa001-ix.1.oca.nflxvideo.net', 'ipv4': '45.57.84.142', 'ipv6': None, 'forceLookup': False}}], 'locations': [{'key': '1-133287-high', 'rank': 1, 'weight': 180, 'level': 1}, {'key': '2-133287-high', 'rank': 3, 'weight': 140, 'level': 2}, {'key': '3-133287-high', 'rank': 6, 'weight': 120, 'level': 3}], 'cdnResponseData': {'pbcid': '6.pC7SLCiJXzZJK87OGbBwKn7fQGIEV5vYsWg5Zpw0o7c'}, 'steeringAdditionalInfo': {'steeringId': '6.pC7SLCiJXzZJK87OGbBwKn7fQGIEV5vYsWg5Zpw0o7c', 'additionalGroupNames': [], 'streamingClientConfig': {}}, 'badgingInfo': {'dolbyDigitalAudio': True, 'hdrVideo': False, 'dolbyVisionVideo': False, 'ultraHdVideo': False, '3dVideo': False, 'dolbyAtmosAudio': False, 'assistiveAudio': False, 'sdVideo': True, 'hdVideo': True}, 'audioTextShortcuts': [{'id': 'ecaabde9-5521-4518-b869-60786d52da46', 'audioTrackId': 'A:2:1;6;en;1;0;', 'textTrackId': 'T:2:1;1;NONE;0;1;0;'}, {'id': '931dce3b-8409-4ccb-b1a4-31caef53519f', 'audioTrackId': 'A:2:1;6;en;1;0;', 'textTrackId': 'T:2:1;1;en;0;0;0;'}]}}
2023-05-22 20:06:24,085 - helpers.tracks - INFO - 
Selected Tracks
2023-05-22 20:06:24,147 - services.netflix - INFO - 
Getting KEYS...
2023-05-22 20:06:24,147 - helpers.Parsers.netflix.License - INFO - 
Getting MAIN...
2023-05-22 20:06:24,212 - helpers.Parsers.netflix.MSLClient - DEBUG - Using esn: NFCDIE-03-3C9415E6B927027CA3E83EFE2E5D12
2023-05-22 20:06:24,212 - helpers.Parsers.netflix.MSLClient - DEBUG - Using profiles: ['playready-h264bpl30-dash', 'playready-h264bpl30-dash-prk', 'BIF240', 'ddplus-5.1hq-dash', 'ddplus-atmos-dash', 'playready-h264mpl31-dash', 'dd-5.1-dash', 'playready-h264mpl22-dash', 'dfxp-ls-sdh', 'webvtt-lssdh-ios8', 'playready-h264mpl22-dash-prk', 'playready-h264mpl30-dash-prk', 'playready-h264mpl31-dash-prk', 'ddplus-2.0-dash', 'BIF320', 'playready-h264mpl30-dash', 'ddplus-5.1-dash']
2023-05-22 20:06:24,212 - helpers.Parsers.netflix.MSLClient - DEBUG - Using the following esn: NFCDIE-03-3C9415E6B927027CA3E83EFE2E5D12
2023-05-22 20:06:24,212 - helpers.Parsers.netflix.MSLClient - DEBUG - rsa file found
2023-05-22 20:06:25,010 - hpack.table - DEBUG - Resizing header table to 65536 from 4096
2023-05-22 20:06:25,010 - hpack.hpack - DEBUG - HPACK encoding <generator object _check_path_header.<locals>.inner at 0x7f6715cecd60>
2023-05-22 20:06:25,010 - hpack.hpack - DEBUG - Encoding 65536 with 5 bits
2023-05-22 20:06:25,011 - hpack.hpack - DEBUG - Adding (b':method', b'POST') to the header table
2023-05-22 20:06:25,011 - hpack.hpack - DEBUG - Encoding 3 with 7 bits
2023-05-22 20:06:25,011 - hpack.hpack - DEBUG - Adding (b':scheme', b'https') to the header table
2023-05-22 20:06:25,011 - hpack.hpack - DEBUG - Encoding 7 with 7 bits
2023-05-22 20:06:25,011 - hpack.hpack - DEBUG - Adding (b':authority', b'www.netflix.com') to the header table
2023-05-22 20:06:25,011 - hpack.hpack - DEBUG - Encoding 1 with 6 bits
2023-05-22 20:06:25,012 - hpack.hpack - DEBUG - Encoding 12 with 7 bits
2023-05-22 20:06:25,012 - hpack.hpack - DEBUG - Adding (b':path', b'/nq/msl_v1/cadmium/pbo_licenses/%5E1.0.0/router?reqName=manifest') to the header table
2023-05-22 20:06:25,012 - hpack.hpack - DEBUG - Encoding 4 with 6 bits
2023-05-22 20:06:25,012 - hpack.hpack - DEBUG - Encoding 46 with 7 bits
2023-05-22 20:06:25,012 - hpack.hpack - DEBUG - Adding (b'user-agent', b'python-requests/2.28.1') to the header table
2023-05-22 20:06:25,012 - hpack.hpack - DEBUG - Encoding 58 with 6 bits
2023-05-22 20:06:25,012 - hpack.hpack - DEBUG - Encoding 16 with 7 bits
2023-05-22 20:06:25,012 - hpack.hpack - DEBUG - Adding (b'accept-encoding', b'gzip') to the header table
2023-05-22 20:06:25,013 - hpack.hpack - DEBUG - Encoding 16 with 6 bits
2023-05-22 20:06:25,013 - hpack.hpack - DEBUG - Encoding 3 with 7 bits
2023-05-22 20:06:25,013 - hpack.hpack - DEBUG - Adding (b'accept-encoding', b'deflate') to the header table
2023-05-22 20:06:25,013 - hpack.hpack - DEBUG - Encoding 16 with 6 bits
2023-05-22 20:06:25,013 - hpack.hpack - DEBUG - Encoding 5 with 7 bits
2023-05-22 20:06:25,013 - hpack.hpack - DEBUG - Adding (b'accept-encoding', b'br') to the header table
2023-05-22 20:06:25,013 - hpack.hpack - DEBUG - Encoding 16 with 6 bits
2023-05-22 20:06:25,013 - hpack.hpack - DEBUG - Encoding 2 with 7 bits
2023-05-22 20:06:25,013 - hpack.hpack - DEBUG - Adding (b'accept', b'*/*') to the header table
2023-05-22 20:06:25,013 - hpack.hpack - DEBUG - Encoding 19 with 6 bits
2023-05-22 20:06:25,014 - hpack.hpack - DEBUG - Encoding 3 with 7 bits
2023-05-22 20:06:25,014 - hpack.hpack - DEBUG - Adding (b'content-length', b'4622') to the header table
2023-05-22 20:06:25,014 - hpack.hpack - DEBUG - Encoding 28 with 6 bits
2023-05-22 20:06:25,014 - hpack.hpack - DEBUG - Encoding 3 with 7 bits
2023-05-22 20:06:25,014 - hpack.hpack - DEBUG - Encoded header block to b'?\xe1\xff\x03\x83\x87A\x8c\xf1\xe3\xc2\xf5\x152\xd0o+\x90\xf4\xffD\xaeb\xae\xccR\x8a"\xee\x16\x089)5\xb4\xb1\\g\x8a\x83\x10\xb5 \xa8aV\xf0\x05p.\x06,=\xa9-\x9f\xe5\x85\xed\xa4t\x96\nGQ\xa5*\x13z\x90\xaf\xd2g=KX^\xd6\x95\tC\x02\\O.\x1fP\x83\x9b\xd9\xabP\x85\x90\xb2\xd04\x97P\x82\x8e\xcfS\x83\xf9c\xe7\\\x83i\xc1\x0b'
2023-05-22 20:06:26,005 - hpack.hpack - DEBUG - Decoding b'\x88vHnq_cadmium_pbo_licenses-prod-^1.0.0 c9de0d5b-2e7d-4a39-98a8-9e0fcabdef66_\x10application/jsona\x1dMon, 22 May 2023 14:36:25 GMT@\x1dx-envoy-upstream-service-time\x0268@\x0cx-b3-traceid\x1093d4224a7f981111@\x0cx-request-id$33d30033-03d5-4e46-8662-fc8fdff110b3@\x1bx-envoy-decorator-operation\x06lo_svc|!2 i-0fce6a23402bcf1e2 (us-west-2)@\x10x-xss-protectionL1; mode=block; report=https://www.netflix.com/ichnaea/log/freeform/xssreport@\x16x-content-type-options\x07nosniffx#max-age=31536000; includeSubDomains@\x11x-originating-urlVhttp://www.netflix.com/nq/msl_v1/cadmium/pbo_licenses/%5E1.0.0/router?reqName=manifestw\x7fWnfvdid=BQFmAAEBEAzH1hmjLur0-ppHrQ8i9I9gBd19Bmi6-xF5p2k3_ev9Lu_HhbiE85CsLLWV16JQhSTMrEHcq1779UP35QYXHDrDlE5jBdQfNySDZyqOv8C_OR0VcEGT-YJwPqmEiImlCHDpYv1unE62PkgOF0L5KK66; Domain=.netflix.com; Path=/; Max-Age=31536000@\x12x-netflix.nfstatus\x031_1@\x1ex-netflix.proxy.execution-time\x03386@.x-netflix.zuul.netty.content.compressor.target\x04gzipZ\x04gzip'
2023-05-22 20:06:26,005 - hpack.hpack - DEBUG - Decoded 8, consumed 1 bytes
2023-05-22 20:06:26,006 - hpack.hpack - DEBUG - Decoded (b':status', b'200'), consumed 1
2023-05-22 20:06:26,006 - hpack.hpack - DEBUG - Decoded 54, consumed 1 bytes
2023-05-22 20:06:26,006 - hpack.hpack - DEBUG - Decoded 72, consumed 1 bytes
2023-05-22 20:06:26,006 - hpack.hpack - DEBUG - Decoded (b'server', <memory at 0x7f6715e7d9c0>), total consumed 74 bytes, indexed True
2023-05-22 20:06:26,006 - hpack.hpack - DEBUG - Decoded 31, consumed 1 bytes
2023-05-22 20:06:26,006 - hpack.hpack - DEBUG - Decoded 16, consumed 1 bytes
2023-05-22 20:06:26,006 - hpack.hpack - DEBUG - Decoded (b'content-type', <memory at 0x7f6715e7d6c0>), total consumed 18 bytes, indexed True
2023-05-22 20:06:26,006 - hpack.hpack - DEBUG - Decoded 33, consumed 1 bytes
2023-05-22 20:06:26,006 - hpack.hpack - DEBUG - Decoded 29, consumed 1 bytes
2023-05-22 20:06:26,006 - hpack.hpack - DEBUG - Decoded (b'date', <memory at 0x7f6715e7e200>), total consumed 31 bytes, indexed True
2023-05-22 20:06:26,006 - hpack.hpack - DEBUG - Decoded 29, consumed 1 bytes
2023-05-22 20:06:26,006 - hpack.hpack - DEBUG - Decoded 2, consumed 1 bytes
2023-05-22 20:06:26,006 - hpack.hpack - DEBUG - Decoded (<memory at 0x7f6715e7ca00>, <memory at 0x7f6715e7e2c0>), total consumed 34 bytes, indexed True
2023-05-22 20:06:26,006 - hpack.hpack - DEBUG - Decoded 12, consumed 1 bytes
2023-05-22 20:06:26,006 - hpack.hpack - DEBUG - Decoded 16, consumed 1 bytes
2023-05-22 20:06:26,006 - hpack.hpack - DEBUG - Decoded (<memory at 0x7f6715bd2680>, <memory at 0x7f6715bd25c0>), total consumed 31 bytes, indexed True
2023-05-22 20:06:26,006 - hpack.hpack - DEBUG - Decoded 12, consumed 1 bytes
2023-05-22 20:06:26,006 - hpack.hpack - DEBUG - Decoded 36, consumed 1 bytes
2023-05-22 20:06:26,006 - hpack.hpack - DEBUG - Decoded (<memory at 0x7f6715bd28c0>, <memory at 0x7f6715bd2740>), total consumed 51 bytes, indexed True
2023-05-22 20:06:26,006 - hpack.hpack - DEBUG - Decoded 27, consumed 1 bytes
2023-05-22 20:06:26,006 - hpack.hpack - DEBUG - Decoded 6, consumed 1 bytes
2023-05-22 20:06:26,006 - hpack.hpack - DEBUG - Decoded (<memory at 0x7f6715bd2a40>, <memory at 0x7f6715bd2980>), total consumed 36 bytes, indexed True
2023-05-22 20:06:26,006 - hpack.hpack - DEBUG - Decoded 60, consumed 1 bytes
2023-05-22 20:06:26,007 - hpack.hpack - DEBUG - Decoded 33, consumed 1 bytes
2023-05-22 20:06:26,007 - hpack.hpack - DEBUG - Decoded (b'via', <memory at 0x7f6715bd2800>), total consumed 35 bytes, indexed True
2023-05-22 20:06:26,007 - hpack.hpack - DEBUG - Decoded 16, consumed 1 bytes
2023-05-22 20:06:26,007 - hpack.hpack - DEBUG - Decoded 76, consumed 1 bytes
2023-05-22 20:06:26,007 - hpack.hpack - DEBUG - Decoded (<memory at 0x7f6715bd2bc0>, <memory at 0x7f6715bd2b00>), total consumed 95 bytes, indexed True
2023-05-22 20:06:26,007 - hpack.hpack - DEBUG - Decoded 22, consumed 1 bytes
2023-05-22 20:06:26,007 - hpack.hpack - DEBUG - Decoded 7, consumed 1 bytes
2023-05-22 20:06:26,007 - hpack.hpack - DEBUG - Decoded (<memory at 0x7f6715bd2d40>, <memory at 0x7f6715bd2c80>), total consumed 32 bytes, indexed True
2023-05-22 20:06:26,007 - hpack.hpack - DEBUG - Decoded 56, consumed 1 bytes
2023-05-22 20:06:26,007 - hpack.hpack - DEBUG - Decoded 35, consumed 1 bytes
2023-05-22 20:06:26,007 - hpack.hpack - DEBUG - Decoded (b'strict-transport-security', <memory at 0x7f6715bd2ec0>), total consumed 37 bytes, indexed True
2023-05-22 20:06:26,007 - hpack.hpack - DEBUG - Decoded 17, consumed 1 bytes
2023-05-22 20:06:26,007 - hpack.hpack - DEBUG - Decoded 86, consumed 1 bytes
2023-05-22 20:06:26,007 - hpack.hpack - DEBUG - Decoded (<memory at 0x7f6715bd2f80>, <memory at 0x7f6715bd2e00>), total consumed 106 bytes, indexed True
2023-05-22 20:06:26,007 - hpack.hpack - DEBUG - Decoded 55, consumed 1 bytes
2023-05-22 20:06:26,007 - hpack.hpack - DEBUG - Decoded 214, consumed 2 bytes
2023-05-22 20:06:26,007 - hpack.hpack - DEBUG - Decoded (b'set-cookie', <memory at 0x7f6715bd3100>), total consumed 217 bytes, indexed True
2023-05-22 20:06:26,007 - hpack.hpack - DEBUG - Decoded 18, consumed 1 bytes
2023-05-22 20:06:26,007 - hpack.hpack - DEBUG - Decoded 3, consumed 1 bytes
2023-05-22 20:06:26,007 - hpack.hpack - DEBUG - Decoded (<memory at 0x7f6715bd31c0>, <memory at 0x7f6715bd3040>), total consumed 24 bytes, indexed True
2023-05-22 20:06:26,007 - hpack.hpack - DEBUG - Decoded 30, consumed 1 bytes
2023-05-22 20:06:26,007 - hpack.hpack - DEBUG - Decoded 3, consumed 1 bytes
2023-05-22 20:06:26,007 - hpack.hpack - DEBUG - Decoded (<memory at 0x7f6715bd3340>, <memory at 0x7f6715bd3280>), total consumed 36 bytes, indexed True
2023-05-22 20:06:26,007 - hpack.hpack - DEBUG - Decoded 46, consumed 1 bytes
2023-05-22 20:06:26,008 - hpack.hpack - DEBUG - Decoded 4, consumed 1 bytes
2023-05-22 20:06:26,008 - hpack.hpack - DEBUG - Decoded (<memory at 0x7f6715bd34c0>, <memory at 0x7f6715bd3400>), total consumed 53 bytes, indexed True
2023-05-22 20:06:26,008 - hpack.hpack - DEBUG - Decoded 26, consumed 1 bytes
2023-05-22 20:06:26,008 - hpack.hpack - DEBUG - Decoded 4, consumed 1 bytes
2023-05-22 20:06:26,008 - hpack.hpack - DEBUG - Decoded (b'content-encoding', <memory at 0x7f6715bd3700>), total consumed 6 bytes, indexed True
