2023-05-22 20:06:49,771 - helpers.Utils.ProxyHandler - INFO - Getting IP...
2023-05-22 20:06:49,773 - urllib3.connectionpool - DEBUG - Starting new HTTPS connection (1): ipinfo.io:443
2023-05-22 20:06:50,213 - urllib3.connectionpool - DEBUG - https://ipinfo.io:443 "GET /json HTTP/1.1" 200 None
2023-05-22 20:06:51,146 - urllib3.util.retry - DEBUG - Converted retries value: 5 -> Retry(total=5, connect=None, read=None, redirect=None, status=None)
2023-05-22 20:06:51,146 - services.netflix - INFO - Getting Metadata...
2023-05-22 20:06:51,148 - urllib3.connectionpool - DEBUG - Starting new HTTPS connection (1): www.netflix.com:443
2023-05-22 20:06:52,493 - urllib3.connectionpool - DEBUG - https://www.netflix.com:443 "GET /nq/website/memberapi/v074af8b7/metadata?movieid=80014749&drmSystem=widevine&isWatchlistEnabled=false&isShortformEnabled=false&isVolatileBillboardsEnabled=false&languages=en HTTP/1.1" 200 None
2023-05-22 20:06:52,719 - titlecase - DEBUG - Rick and Morty
2023-05-22 20:06:52,719 - titlecase - DEBUG - Pilot
2023-05-22 20:06:52,720 - titlecase - DEBUG - Lawnmower Dog
2023-05-22 20:06:52,720 - titlecase - DEBUG - Anatomy Park
2023-05-22 20:06:52,720 - titlecase - DEBUG - Shaym
2023-05-22 20:06:52,720 - titlecase - DEBUG - Aliens!
2023-05-22 20:06:52,721 - titlecase - DEBUG - M. Night Shaym-Aliens!
2023-05-22 20:06:52,721 - titlecase - DEBUG - Meeseeks and Destroy
2023-05-22 20:06:52,721 - titlecase - DEBUG - Rick Potion #9
2023-05-22 20:06:52,721 - titlecase - DEBUG - Raising Gazorpazorp
2023-05-22 20:06:52,721 - titlecase - DEBUG - Rixty Minutes
2023-05-22 20:06:52,722 - titlecase - DEBUG - Something Ricked This Way Comes
2023-05-22 20:06:52,722 - titlecase - DEBUG - Rick
2023-05-22 20:06:52,722 - titlecase - DEBUG - Counters
2023-05-22 20:06:52,722 - titlecase - DEBUG - Close Rick-Counters of the Rick Kind
2023-05-22 20:06:52,722 - titlecase - DEBUG - Ricksy Business
2023-05-22 20:06:52,723 - titlecase - DEBUG - A Rickle in Time
2023-05-22 20:06:52,723 - titlecase - DEBUG - Mortynight Run
2023-05-22 20:06:52,723 - titlecase - DEBUG - Auto Erotic Assimilation
2023-05-22 20:06:52,723 - titlecase - DEBUG - Total Rickall
2023-05-22 20:06:52,724 - titlecase - DEBUG - Get Schwifty
2023-05-22 20:06:52,724 - titlecase - DEBUG - The Ricks Must Be Crazy
2023-05-22 20:06:52,724 - titlecase - DEBUG - Big Trouble in Little Sanchez
2023-05-22 20:06:52,724 - titlecase - DEBUG - Interdimensional Cable 2 Tempting Fate
2023-05-22 20:06:52,725 - titlecase - DEBUG - Look Whos Purging Now
2023-05-22 20:06:52,725 - titlecase - DEBUG - The Wedding Squanchers
2023-05-22 20:06:52,725 - titlecase - DEBUG - The Rickshank Rickdemption
2023-05-22 20:06:52,725 - titlecase - DEBUG - Rickmancing the Stone
2023-05-22 20:06:52,725 - titlecase - DEBUG - Pickle Rick
2023-05-22 20:06:52,726 - titlecase - DEBUG - Vindicators 3 the Return of Worldender
2023-05-22 20:06:52,726 - titlecase - DEBUG - The Whirly Dirly Conspiracy
2023-05-22 20:06:52,726 - titlecase - DEBUG - Rest and Ricklaxation
2023-05-22 20:06:52,726 - titlecase - DEBUG - The Ricklantis Mixup
2023-05-22 20:06:52,727 - titlecase - DEBUG - Mortys Mind Blowers
2023-05-22 20:06:52,727 - titlecase - DEBUG - The ABCs of Beth
2023-05-22 20:06:52,727 - titlecase - DEBUG - The Rickchurian Mortydate
2023-05-22 20:06:52,727 - titlecase - DEBUG - Edge of Tomorty Rick Die Rickpeat
2023-05-22 20:06:52,727 - titlecase - DEBUG - The Old Man and the Seat
2023-05-22 20:06:52,728 - titlecase - DEBUG - One Crew Over the Crewcoos Morty
2023-05-22 20:06:52,728 - titlecase - DEBUG - Claw and Hoarder Special Ricktims Morty
2023-05-22 20:06:52,728 - titlecase - DEBUG - Rattlestar Ricklactica
2023-05-22 20:06:52,728 - titlecase - DEBUG - Never Ricking Morty
2023-05-22 20:06:52,729 - titlecase - DEBUG - Promortyus
2023-05-22 20:06:52,729 - titlecase - DEBUG - The Vat of Acid Episode
2023-05-22 20:06:52,729 - titlecase - DEBUG - Childrick of Mort
2023-05-22 20:06:52,729 - titlecase - DEBUG - Star Mort Rick Turn of the Jerri
2023-05-22 20:06:52,730 - titlecase - DEBUG - Mort Dinner Rick Andre
2023-05-22 20:06:52,730 - titlecase - DEBUG - Mortyplicity
2023-05-22 20:06:52,730 - titlecase - DEBUG - A Rickconvenient Mort
2023-05-22 20:06:52,730 - titlecase - DEBUG - Rickdependence Spray
2023-05-22 20:06:52,730 - titlecase - DEBUG - Amortycan Grickfitti
2023-05-22 20:06:52,731 - titlecase - DEBUG - Rick and Mortys Thanksploitation Spectacular
2023-05-22 20:06:52,731 - titlecase - DEBUG - GoTron Jerrysis Rickvangelian
2023-05-22 20:06:52,731 - titlecase - DEBUG - Rickternal Friendshine of the Spotless Mort
2023-05-22 20:06:52,731 - titlecase - DEBUG - Forgetting Sarick Mortshall
2023-05-22 20:06:52,732 - titlecase - DEBUG - Rickmurai Jack
2023-05-22 20:06:52,732 - titlecase - DEBUG - Solaricks
2023-05-22 20:06:52,732 - titlecase - DEBUG - Rick a Mort Well Lived
2023-05-22 20:06:52,732 - titlecase - DEBUG - Bethic Twinstinct
2023-05-22 20:06:52,732 - titlecase - DEBUG - Night Family
2023-05-22 20:06:52,733 - titlecase - DEBUG - Final DeSmithation
2023-05-22 20:06:52,733 - titlecase - DEBUG - JuRicksic Mort
2023-05-22 20:06:52,733 - titlecase - DEBUG - Full Meta JackRick
2023-05-22 20:06:52,733 - titlecase - DEBUG - Analyze Piss
2023-05-22 20:06:52,733 - titlecase - DEBUG - A Rick in King Morturs Mort
2023-05-22 20:06:52,734 - titlecase - DEBUG - Ricktional Mortpoons Rickmas Mortcation
2023-05-22 20:06:52,734 - services.netflix - INFO - 
Total items will be downloaded : 1
2023-05-22 20:06:52,735 - services.netflix - INFO - 
Ripping : 01 of 01
2023-05-22 20:06:52,735 - titlecase - DEBUG - Rick and Morty S01E01 Pilot
2023-05-22 20:06:52,735 - helpers.Parsers.netflix.Manifest - INFO - Getting MAIN Profile Manifest...
2023-05-22 20:06:52,808 - helpers.Parsers.netflix.MSLClient - DEBUG - Using esn: NFCDIE-03-DB36D42350CD721B4725ABC9705AAF
2023-05-22 20:06:52,808 - helpers.Parsers.netflix.MSLClient - DEBUG - Using profiles: ['playready-h264mpl22-dash', 'playready-h264mpl41-dash-prk', 'ddplus-atmos-dash', 'dfxp-ls-sdh', 'webvtt-lssdh-ios8', 'playready-h264mpl40-dash', 'dd-5.1-dash', 'playready-h264bpl30-dash-prk', 'playready-h264mpl22-dash-prk', 'ddplus-5.1hq-dash', 'playready-h264mpl30-dash-prk', 'playready-h264mpl30-dash', 'BIF240', 'ddplus-2.0-dash', 'playready-h264mpl40-dash-prk', 'playready-h264bpl30-dash', 'ddplus-5.1-dash', 'playready-h264mpl41-dash', 'BIF320']
2023-05-22 20:06:52,808 - helpers.Parsers.netflix.MSLClient - DEBUG - Using the following esn: NFCDIE-03-DB36D42350CD721B4725ABC9705AAF
2023-05-22 20:06:52,808 - helpers.Parsers.netflix.MSLClient - DEBUG - rsa file found
2023-05-22 20:06:53,711 - hpack.table - DEBUG - Resizing header table to 65536 from 4096
2023-05-22 20:06:53,712 - hpack.hpack - DEBUG - HPACK encoding <generator object _check_path_header.<locals>.inner at 0x7fe042d0a960>
2023-05-22 20:06:53,713 - hpack.hpack - DEBUG - Encoding 65536 with 5 bits
2023-05-22 20:06:53,713 - hpack.hpack - DEBUG - Adding (b':method', b'POST') to the header table
2023-05-22 20:06:53,713 - hpack.hpack - DEBUG - Encoding 3 with 7 bits
2023-05-22 20:06:53,713 - hpack.hpack - DEBUG - Adding (b':scheme', b'https') to the header table
2023-05-22 20:06:53,713 - hpack.hpack - DEBUG - Encoding 7 with 7 bits
2023-05-22 20:06:53,713 - hpack.hpack - DEBUG - Adding (b':authority', b'www.netflix.com') to the header table
2023-05-22 20:06:53,713 - hpack.hpack - DEBUG - Encoding 1 with 6 bits
2023-05-22 20:06:53,713 - hpack.hpack - DEBUG - Encoding 12 with 7 bits
2023-05-22 20:06:53,713 - hpack.hpack - DEBUG - Adding (b':path', b'/nq/msl_v1/cadmium/pbo_licenses/%5E1.0.0/router?reqName=manifest') to the header table
2023-05-22 20:06:53,714 - hpack.hpack - DEBUG - Encoding 4 with 6 bits
2023-05-22 20:06:53,714 - hpack.hpack - DEBUG - Encoding 46 with 7 bits
2023-05-22 20:06:53,714 - hpack.hpack - DEBUG - Adding (b'user-agent', b'python-requests/2.28.1') to the header table
2023-05-22 20:06:53,714 - hpack.hpack - DEBUG - Encoding 58 with 6 bits
2023-05-22 20:06:53,714 - hpack.hpack - DEBUG - Encoding 16 with 7 bits
2023-05-22 20:06:53,714 - hpack.hpack - DEBUG - Adding (b'accept-encoding', b'gzip') to the header table
2023-05-22 20:06:53,714 - hpack.hpack - DEBUG - Encoding 16 with 6 bits
2023-05-22 20:06:53,714 - hpack.hpack - DEBUG - Encoding 3 with 7 bits
2023-05-22 20:06:53,714 - hpack.hpack - DEBUG - Adding (b'accept-encoding', b'deflate') to the header table
2023-05-22 20:06:53,714 - hpack.hpack - DEBUG - Encoding 16 with 6 bits
2023-05-22 20:06:53,714 - hpack.hpack - DEBUG - Encoding 5 with 7 bits
2023-05-22 20:06:53,714 - hpack.hpack - DEBUG - Adding (b'accept-encoding', b'br') to the header table
2023-05-22 20:06:53,715 - hpack.hpack - DEBUG - Encoding 16 with 6 bits
2023-05-22 20:06:53,715 - hpack.hpack - DEBUG - Encoding 2 with 7 bits
2023-05-22 20:06:53,715 - hpack.hpack - DEBUG - Adding (b'accept', b'*/*') to the header table
2023-05-22 20:06:53,715 - hpack.hpack - DEBUG - Encoding 19 with 6 bits
2023-05-22 20:06:53,715 - hpack.hpack - DEBUG - Encoding 3 with 7 bits
2023-05-22 20:06:53,715 - hpack.hpack - DEBUG - Adding (b'content-length', b'4766') to the header table
2023-05-22 20:06:53,715 - hpack.hpack - DEBUG - Encoding 28 with 6 bits
2023-05-22 20:06:53,715 - hpack.hpack - DEBUG - Encoding 3 with 7 bits
2023-05-22 20:06:53,715 - hpack.hpack - DEBUG - Encoded header block to b'?\xe1\xff\x03\x83\x87A\x8c\xf1\xe3\xc2\xf5\x152\xd0o+\x90\xf4\xffD\xaeb\xae\xccR\x8a"\xee\x16\x089)5\xb4\xb1\\g\x8a\x83\x10\xb5 \xa8aV\xf0\x05p.\x06,=\xa9-\x9f\xe5\x85\xed\xa4t\x96\nGQ\xa5*\x13z\x90\xaf\xd2g=KX^\xd6\x95\tC\x02\\O.\x1fP\x83\x9b\xd9\xabP\x85\x90\xb2\xd04\x97P\x82\x8e\xcfS\x83\xf9c\xe7\\\x83i\xd7\x1c'
2023-05-22 20:06:54,755 - hpack.hpack - DEBUG - Decoding b'\x88vHnq_cadmium_pbo_licenses-prod-^1.0.0 2310d7f9-f6b7-4b38-b065-238cecde5478_\x10application/jsona\x1dMon, 22 May 2023 14:36:54 GMT@\x1dx-envoy-upstream-service-time\x0286@\x0cx-b3-traceid\x10d2c69a6c1d99b193@\x0cx-request-id$85cdf81a-76c7-44e7-9e45-001d7cd8d14f@\x1bx-envoy-decorator-operation\x06lo_svc|!2 i-0027c4c46d3b20fe0 (us-west-2)@\x10x-xss-protectionL1; mode=block; report=https://www.netflix.com/ichnaea/log/freeform/xssreport@\x16x-content-type-options\x07nosniffx#max-age=31536000; includeSubDomains@\x11x-originating-urlVhttp://www.netflix.com/nq/msl_v1/cadmium/pbo_licenses/%5E1.0.0/router?reqName=manifestw\x7fWnfvdid=BQFmAAEBEKsrnPVItB0Xithxu6lEKGBgrq9OkWKNqWw4erf4bX_bECCFRuZ5kro4kt86fehqvbIazbePqlJVH_DRk_QLapbnuyee56rjEUO5ur4r1DMLpZ3sxvMe1I3dHmIhr4HuDZJ871_KOKRxjQizIo0fPTmB; Domain=.netflix.com; Path=/; Max-Age=31536000@\x12x-netflix.nfstatus\x031_1@\x1ex-netflix.proxy.execution-time\x03405@.x-netflix.zuul.netty.content.compressor.target\x04gzipZ\x04gzip'
2023-05-22 20:06:54,755 - hpack.hpack - DEBUG - Decoded 8, consumed 1 bytes
2023-05-22 20:06:54,756 - hpack.hpack - DEBUG - Decoded (b':status', b'200'), consumed 1
2023-05-22 20:06:54,756 - hpack.hpack - DEBUG - Decoded 54, consumed 1 bytes
2023-05-22 20:06:54,756 - hpack.hpack - DEBUG - Decoded 72, consumed 1 bytes
2023-05-22 20:06:54,756 - hpack.hpack - DEBUG - Decoded (b'server', <memory at 0x7fe042d18dc0>), total consumed 74 bytes, indexed True
2023-05-22 20:06:54,756 - hpack.hpack - DEBUG - Decoded 31, consumed 1 bytes
2023-05-22 20:06:54,756 - hpack.hpack - DEBUG - Decoded 16, consumed 1 bytes
2023-05-22 20:06:54,756 - hpack.hpack - DEBUG - Decoded (b'content-type', <memory at 0x7fe042d18e80>), total consumed 18 bytes, indexed True
2023-05-22 20:06:54,756 - hpack.hpack - DEBUG - Decoded 33, consumed 1 bytes
2023-05-22 20:06:54,756 - hpack.hpack - DEBUG - Decoded 29, consumed 1 bytes
2023-05-22 20:06:54,757 - hpack.hpack - DEBUG - Decoded (b'date', <memory at 0x7fe042d18f40>), total consumed 31 bytes, indexed True
2023-05-22 20:06:54,757 - hpack.hpack - DEBUG - Decoded 29, consumed 1 bytes
2023-05-22 20:06:54,757 - hpack.hpack - DEBUG - Decoded 2, consumed 1 bytes
2023-05-22 20:06:54,757 - hpack.hpack - DEBUG - Decoded (<memory at 0x7fe042d19000>, <memory at 0x7fe042d18d00>), total consumed 34 bytes, indexed True
2023-05-22 20:06:54,757 - hpack.hpack - DEBUG - Decoded 12, consumed 1 bytes
2023-05-22 20:06:54,757 - hpack.hpack - DEBUG - Decoded 16, consumed 1 bytes
2023-05-22 20:06:54,757 - hpack.hpack - DEBUG - Decoded (<memory at 0x7fe042d19180>, <memory at 0x7fe042d190c0>), total consumed 31 bytes, indexed True
2023-05-22 20:06:54,757 - hpack.hpack - DEBUG - Decoded 12, consumed 1 bytes
2023-05-22 20:06:54,757 - hpack.hpack - DEBUG - Decoded 36, consumed 1 bytes
2023-05-22 20:06:54,757 - hpack.hpack - DEBUG - Decoded (<memory at 0x7fe042d19300>, <memory at 0x7fe042d19240>), total consumed 51 bytes, indexed True
2023-05-22 20:06:54,758 - hpack.hpack - DEBUG - Decoded 27, consumed 1 bytes
2023-05-22 20:06:54,758 - hpack.hpack - DEBUG - Decoded 6, consumed 1 bytes
2023-05-22 20:06:54,758 - hpack.hpack - DEBUG - Decoded (<memory at 0x7fe042d19480>, <memory at 0x7fe042d193c0>), total consumed 36 bytes, indexed True
2023-05-22 20:06:54,758 - hpack.hpack - DEBUG - Decoded 60, consumed 1 bytes
2023-05-22 20:06:54,758 - hpack.hpack - DEBUG - Decoded 33, consumed 1 bytes
2023-05-22 20:06:54,758 - hpack.hpack - DEBUG - Decoded (b'via', <memory at 0x7fe042d19600>), total consumed 35 bytes, indexed True
2023-05-22 20:06:54,758 - hpack.hpack - DEBUG - Decoded 16, consumed 1 bytes
2023-05-22 20:06:54,758 - hpack.hpack - DEBUG - Decoded 76, consumed 1 bytes
2023-05-22 20:06:54,758 - hpack.hpack - DEBUG - Decoded (<memory at 0x7fe042d196c0>, <memory at 0x7fe042d19540>), total consumed 95 bytes, indexed True
2023-05-22 20:06:54,758 - hpack.hpack - DEBUG - Decoded 22, consumed 1 bytes
2023-05-22 20:06:54,758 - hpack.hpack - DEBUG - Decoded 7, consumed 1 bytes
2023-05-22 20:06:54,759 - hpack.hpack - DEBUG - Decoded (<memory at 0x7fe042d19840>, <memory at 0x7fe042d19780>), total consumed 32 bytes, indexed True
2023-05-22 20:06:54,759 - hpack.hpack - DEBUG - Decoded 56, consumed 1 bytes
2023-05-22 20:06:54,759 - hpack.hpack - DEBUG - Decoded 35, consumed 1 bytes
2023-05-22 20:06:54,759 - hpack.hpack - DEBUG - Decoded (b'strict-transport-security', <memory at 0x7fe042d199c0>), total consumed 37 bytes, indexed True
2023-05-22 20:06:54,759 - hpack.hpack - DEBUG - Decoded 17, consumed 1 bytes
2023-05-22 20:06:54,759 - hpack.hpack - DEBUG - Decoded 86, consumed 1 bytes
2023-05-22 20:06:54,759 - hpack.hpack - DEBUG - Decoded (<memory at 0x7fe042d19a80>, <memory at 0x7fe042d19900>), total consumed 106 bytes, indexed True
2023-05-22 20:06:54,759 - hpack.hpack - DEBUG - Decoded 55, consumed 1 bytes
2023-05-22 20:06:54,759 - hpack.hpack - DEBUG - Decoded 214, consumed 2 bytes
2023-05-22 20:06:54,759 - hpack.hpack - DEBUG - Decoded (b'set-cookie', <memory at 0x7fe042d19c00>), total consumed 217 bytes, indexed True
2023-05-22 20:06:54,759 - hpack.hpack - DEBUG - Decoded 18, consumed 1 bytes
2023-05-22 20:06:54,760 - hpack.hpack - DEBUG - Decoded 3, consumed 1 bytes
2023-05-22 20:06:54,760 - hpack.hpack - DEBUG - Decoded (<memory at 0x7fe042d19cc0>, <memory at 0x7fe042d19b40>), total consumed 24 bytes, indexed True
2023-05-22 20:06:54,760 - hpack.hpack - DEBUG - Decoded 30, consumed 1 bytes
2023-05-22 20:06:54,760 - hpack.hpack - DEBUG - Decoded 3, consumed 1 bytes
2023-05-22 20:06:54,760 - hpack.hpack - DEBUG - Decoded (<memory at 0x7fe042d19e40>, <memory at 0x7fe042d19d80>), total consumed 36 bytes, indexed True
2023-05-22 20:06:54,760 - hpack.hpack - DEBUG - Decoded 46, consumed 1 bytes
2023-05-22 20:06:54,760 - hpack.hpack - DEBUG - Decoded 4, consumed 1 bytes
2023-05-22 20:06:54,760 - hpack.hpack - DEBUG - Decoded (<memory at 0x7fe042d19fc0>, <memory at 0x7fe042d19f00>), total consumed 53 bytes, indexed True
2023-05-22 20:06:54,760 - hpack.hpack - DEBUG - Decoded 26, consumed 1 bytes
2023-05-22 20:06:54,760 - hpack.hpack - DEBUG - Decoded 4, consumed 1 bytes
2023-05-22 20:06:54,760 - hpack.hpack - DEBUG - Decoded (b'content-encoding', <memory at 0x7fe042d1a200>), total consumed 6 bytes, indexed True
2023-05-22 20:06:55,890 - helpers.Parsers.netflix.Manifest - DEBUG - Manifest resp: {'version': 2, 'id': 1684766212, 'serverTime': 1684766214244, 'from': 'nq_cadmium_pbo_licenses@2.133.0/pbo-client@2.133.0', 'result': {'movieId': 80098733, 'drmType': 'widevine', 'type': 'standard', 'drmVersion': 25, 'dpsid': None, 'clientIpAddress': '160.238.75.143', 'bookmark': -1, 'playbackContextId': 'E3-BQFRAAELEPdWx6Xvg7BFR1XYOEI3YdKBUyg-LLetl0_-1fjsjX-tS0GAbXvXB4_Tqfuk3ypoHVa41QL1TqNGkG_xH09in33QTfSxLgoJZ2HyAVcjCEsmWw3zQWVWxWMc3Ivv6tiYZaUBOAjaCdwYFuJWgsditn8WqDWA5lBOc45tvcGrfbxhjSj23_0aYgG9Gue6btpvlqd9k1-AE8R1GAVdZUP5h221RZ_c-Xles26xM8nyKi9tnsS5TUysz2NALDFF2uVyqK9nBWRQ19uEy2LPl2CUbU-bmw4TlhvKi_79TRgPcZBdWsepgREWr2c2l3Dl2u0T-qzeDzxjYMFJQ8b5BRL6EbnvlM1ZXXcNIjMk2E_EtH2-94tkiDEBqJEgL12YRKVGJZeDQj1N1Ugo9BLLcBW9QO4rKQ2p4okOy4YCrpTS4E7Wgg53-z37LVgf5beryO_RNbtbAg53PnqAKVeaujDZbe0LflXilg==', 'links': {'events': {'rel': 'events', 'href': '/events?playbackContextId=E3-BQFRAAELEPdWx6Xvg7BFR1XYOEI3YdKBUyg-LLetl0_-1fjsjX-tS0GAbXvXB4_Tqfuk3ypoHVa41QL1TqNGkG_xH09in33QTfSxLgoJZ2HyAVcjCEsmWw3zQWVWxWMc3Ivv6tiYZaUBOAjaCdwYFuJWgsditn8WqDWA5lBOc45tvcGrfbxhjSj23_0aYgG9Gue6btpvlqd9k1-AE8R1GAVdZUP5h221RZ_c-Xles26xM8nyKi9tnsS5TUysz2NALDFF2uVyqK9nBWRQ19uEy2LPl2CUbU-bmw4TlhvKi_79TRgPcZBdWsepgREWr2c2l3Dl2u0T-qzeDzxjYMFJQ8b5BRL6EbnvlM1ZXXcNIjMk2E_EtH2-94tkiDEBqJEgL12YRKVGJZeDQj1N1Ugo9BLLcBW9QO4rKQ2p4okOy4YCrpTS4E7Wgg53-z37LVgf5beryO_RNbtbAg53PnqAKVeaujDZbe0LflXilg==&esn=NFCDIE-03-79E8B8409D1E65513A65BF82793ED7'}, 'license': {'rel': 'license', 'href': '/license?licenseType=standard&playbackContextId=E3-BQFRAAELEPdWx6Xvg7BFR1XYOEI3YdKBUyg-LLetl0_-1fjsjX-tS0GAbXvXB4_Tqfuk3ypoHVa41QL1TqNGkG_xH09in33QTfSxLgoJZ2HyAVcjCEsmWw3zQWVWxWMc3Ivv6tiYZaUBOAjaCdwYFuJWgsditn8WqDWA5lBOc45tvcGrfbxhjSj23_0aYgG9Gue6btpvlqd9k1-AE8R1GAVdZUP5h221RZ_c-Xles26xM8nyKi9tnsS5TUysz2NALDFF2uVyqK9nBWRQ19uEy2LPl2CUbU-bmw4TlhvKi_79TRgPcZBdWsepgREWr2c2l3Dl2u0T-qzeDzxjYMFJQ8b5BRL6EbnvlM1ZXXcNIjMk2E_EtH2-94tkiDEBqJEgL12YRKVGJZeDQj1N1Ugo9BLLcBW9QO4rKQ2p4okOy4YCrpTS4E7Wgg53-z37LVgf5beryO_RNbtbAg53PnqAKVeaujDZbe0LflXilg==&esn=NFCDIE-03-79E8B8409D1E65513A65BF82793ED7&drmContextId=default'}, 'ldl': {'rel': 'ldl', 'href': '/license?licenseType=limited&playbackContextId=E3-BQFRAAELEPdWx6Xvg7BFR1XYOEI3YdKBUyg-LLetl0_-1fjsjX-tS0GAbXvXB4_Tqfuk3ypoHVa41QL1TqNGkG_xH09in33QTfSxLgoJZ2HyAVcjCEsmWw3zQWVWxWMc3Ivv6tiYZaUBOAjaCdwYFuJWgsditn8WqDWA5lBOc45tvcGrfbxhjSj23_0aYgG9Gue6btpvlqd9k1-AE8R1GAVdZUP5h221RZ_c-Xles26xM8nyKi9tnsS5TUysz2NALDFF2uVyqK9nBWRQ19uEy2LPl2CUbU-bmw4TlhvKi_79TRgPcZBdWsepgREWr2c2l3Dl2u0T-qzeDzxjYMFJQ8b5BRL6EbnvlM1ZXXcNIjMk2E_EtH2-94tkiDEBqJEgL12YRKVGJZeDQj1N1Ugo9BLLcBW9QO4rKQ2p4okOy4YCrpTS4E7Wgg53-z37LVgf5beryO_RNbtbAg53PnqAKVeaujDZbe0LflXilg==&esn=NFCDIE-03-79E8B8409D1E65513A65BF82793ED7&drmContextId=default'}}, 'isBranching': False, 'partiallyHydrated': False, 'maxRecommendedAudioRank': 1, 'maxRecommendedTextRank': 1, 'duration': 1339000, 'expiration': 1684809414209, 'urlExpirationDuration': 43199967, 'manifestExpirationDuration': 28799959, 'viewableType': 'EPISODE', 'isSupplemental': False, 'packageId': '1218822', 'drmContextId': 'default', 'eligibleABTestMap': {}, 'media': [{'id': 'A:2:1;6;en;1;0;|V:2:1;2;;default;-1;none;-1;|T:2:1;1;en;0;0;0;', 'tracks': {'AUDIO': 'A:2:1;6;en;1;0;', 'TEXT': 'T:2:1;1;en;0;0;0;', 'VIDEO': 'V:2:1;2;;default;-1;none;-1;'}}, {'id': 'A:2:1;2;en;1;0;|V:2:1;2;;default;-1;none;-1;|T:2:1;1;en;0;0;0;', 'tracks': {'AUDIO': 'A:2:1;2;en;1;0;', 'TEXT': 'T:2:1;1;en;0;0;0;', 'VIDEO': 'V:2:1;2;;default;-1;none;-1;'}}, {'id': 'A:2:1;6;en;1;0;|V:2:1;2;;default;-1;none;-1;|T:2:1;1;NONE;0;1;0;', 'tracks': {'AUDIO': 'A:2:1;6;en;1;0;', 'TEXT': 'T:2:1;1;NONE;0;1;0;', 'VIDEO': 'V:2:1;2;;default;-1;none;-1;'}}, {'id': 'A:2:1;2;en;1;0;|V:2:1;2;;default;-1;none;-1;|T:2:1;1;NONE;0;1;0;', 'tracks': {'AUDIO': 'A:2:1;2;en;1;0;', 'TEXT': 'T:2:1;1;NONE;0;1;0;', 'VIDEO': 'V:2:1;2;;default;-1;none;-1;'}}, {'id': 'A:2:1;6;en;1;0;|V:2:1;2;;default;-1;none;-1;|T:2:0;1;hi;0;0;0;', 'tracks': {'AUDIO': 'A:2:1;6;en;1;0;', 'TEXT': 'T:2:0;1;hi;0;0;0;', 'VIDEO': 'V:2:1;2;;default;-1;none;-1;'}}, {'id': 'A:2:1;2;en;1;0;|V:2:1;2;;default;-1;none;-1;|T:2:0;1;hi;0;0;0;', 'tracks': {'AUDIO': 'A:2:1;2;en;1;0;', 'TEXT': 'T:2:0;1;hi;0;0;0;', 'VIDEO': 'V:2:1;2;;default;-1;none;-1;'}}], 'defaultTrackOrderList': [{'mediaId': 'A:2:1;6;en;1;0;|V:2:1;2;;default;-1;none;-1;|T:2:1;1;en;0;0;0;', 'audioTrackId': '656e7c352e317c5072696d6172797c747275657c6e6f6e657c756e6b6e6f776e7c756e6b6e6f776e7c417564696f7c756e6b6e6f776e7c7c7c6e6f6e657c30', 'videoTrackId': '6e6f6e657c554e4b4e4f574e7c756e6b6e6f776e7c66616c73657c6e6f6e657c756e6b6e6f776e7c32447c566964656f7c756e6b6e6f776e7c7c7c64656661756c74', 'subtitleTrackId': '6e6f6e657c554e4b4e4f574e7c756e6b6e6f776e7c66616c73657c656e7c436c6f73656443617074696f6e737c756e6b6e6f776e7c546578747c7072696d6172797c7c7c6e6f6e657c30', 'preferenceOrder': 0}, {'mediaId': 'A:2:1;2;en;1;0;|V:2:1;2;;default;-1;none;-1;|T:2:1;1;en;0;0;0;', 'audioTrackId': '656e7c322e307c5072696d6172797c747275657c6e6f6e657c756e6b6e6f776e7c756e6b6e6f776e7c417564696f7c756e6b6e6f776e7c7c7c6e6f6e657c30', 'videoTrackId': '6e6f6e657c554e4b4e4f574e7c756e6b6e6f776e7c66616c73657c6e6f6e657c756e6b6e6f776e7c32447c566964656f7c756e6b6e6f776e7c7c7c64656661756c74', 'subtitleTrackId': '6e6f6e657c554e4b4e4f574e7c756e6b6e6f776e7c66616c73657c656e7c436c6f73656443617074696f6e737c756e6b6e6f776e7c546578747c7072696d6172797c7c7c6e6f6e657c30', 'preferenceOrder': 1}], 'timedtexttracks': [{'type': 'timedtext', 'trackType': 'PRIMARY', 'rawTrackType': 'subtitles', 'id': '6e6f6e657c554e4b4e4f574e7c756e6b6e6f776e7c66616c73657c68697c5375627469746c65737c756e6b6e6f776e7c546578747c7072696d6172797c7c7c6e6f6e657c30', 'new_track_id': 'T:2:0;1;hi;0;0;0;', 'isForcedNarrative': False, 'isNoneTrack': False, 'language': 'hi', 'languageDescription': 'Hindi', 'isLanguageLeftToRight': True, 'rank': 1, 'hydrated': True, 'downloadableIds': {'webvtt-lssdh-ios8': '249661662'}, 'ttDownloadables': {'webvtt-lssdh-ios8': {'size': 107927, 'hashValue': 'QSaV6Fbh/q+YBl7lMHOw6Ch6C18=', 'hashAlgo': 'sha1', 'isImage': False, 'textKey': None, 'downloadUrls': {'65419': 'https://ipv4-c007-nag001-jio-isp.1.oca.nflxvideo.net/?o=1&v=129&e=1684809414&t=D9yfUca3kCYMjTf6pXpHQQ5GkGNVx7hQIN3o6ub7Jk6eyH7xP19iTOz_W43EjeisHzFzle7KMU57r0b389TFN1OmfUjG3Z-GO7JTW_l0bbdtRSC59hZBtnsnRVJC0DPfSoex2dExiqzQyVlYTzf628b13D90slz7dvS-NX1et-3VU3rdHyGpXVxOVHB6nyYiUbzetINQikcJ4WnPYqMMmBVmX6nxcvh9iDpwDOa8GOwJPQ', '65852': 'https://ipv4-c005-maa001-jio-isp.1.oca.nflxvideo.net/?o=1&v=124&e=1684809414&t=PQQAzHwV_tyiPbsO2u4k5DzlELtQH3o418nkbO45-x4UUzqaPE_ApixNZLL1WtsTOoR5isVg_ipNZCgTROrK2UR5xOxduKTOjnT_k_ZAYRJJsGfcxyaZ2WI6QJ_24TD_ikXcL5aNIy7w885XwqqQJnkePVYNwzc-K-YW5nNsNjlirXED8IT4GT-2RSEd_DSipUMWWZAMXt6LPWxRduDiBLZQmBxsgwhelBrSxumutkrCsQ', '65854': 'https://ipv4-c002-bpm002-jio-isp.1.oca.nflxvideo.net/?o=1&v=130&e=1684809414&t=zGKapm6us35ZLMTf49R12QnBIERLTg504H7sJUXJJ0OGooxA00Rm9MacKfnazIzyZVRit7AN4arK96Y_21aLAyFioqxcCPzCAgWCtTlOK7kk3rByzrTldAv2L_C2QDpzJK6jFWKyrXMYuyT5E4Qp9WsyDsgMOqNbZO-BX_5QHxLHXrw2ymNiQg8i3itBqC-PsqMe7NOqqMzru3rWFWH0kWR18eRsP73bugmCYmuJhrAcew'}}}, 'cdnlist': [{'id': 65854, 'key': '2-133287-high', 'lowgrade': False, 'name': 'c002.bpm002.jio.isp.nflxvideo.net', 'rank': 2, 'type': 'OPEN_CONNECT_APPLIANCE'}, {'id': 65419, 'key': '3-133287-high', 'lowgrade': False, 'name': 'c007.nag001.jio.isp.nflxvideo.net', 'rank': 3, 'type': 'OPEN_CONNECT_APPLIANCE'}, {'id': 65852, 'key': '4-133287-high', 'lowgrade': False, 'name': 'c005.maa001.jio.isp.nflxvideo.net', 'rank': 4, 'type': 'OPEN_CONNECT_APPLIANCE'}]}, {'type': 'timedtext', 'trackType': 'ASSISTIVE', 'rawTrackType': 'closedcaptions', 'id': '6e6f6e657c554e4b4e4f574e7c756e6b6e6f776e7c66616c73657c656e7c436c6f73656443617074696f6e737c756e6b6e6f776e7c546578747c7072696d6172797c7c7c6e6f6e657c30', 'new_track_id': 'T:2:1;1;en;0;0;0;', 'isForcedNarrative': False, 'isNoneTrack': False, 'language': 'en', 'languageDescription': 'English', 'isLanguageLeftToRight': True, 'rank': 0, 'hydrated': True, 'downloadableIds': {'dfxp-ls-sdh': '133503893', 'webvtt-lssdh-ios8': '133504719'}, 'ttDownloadables': {'dfxp-ls-sdh': {'size': 57060, 'hashValue': '0TA/hVKsf1Zx2wB2BI4lcIj6pWM=', 'hashAlgo': 'sha1', 'isImage': False, 'textKey': None, 'downloadUrls': {'63137': 'https://ipv4-c001-rja001-apsfl-isp.1.oca.nflxvideo.net/?o=1&v=146&e=1684809414&t=vC2zMKGIo2_3-P54JI62ALqfRWxn9E8kElKBG9djoUbAEHKHoZxqfuctXTdRvc3viQdX2piz-E7bgcAthG8Uzr8fLfntb6ne6PzJodPPYuln34CFkrDfL8Rzlcha0QwRQ-F0QbSpoDfvyCSKab7cmFzfT5kXvFTu-c0xjMeTUyIoi3e85WxiiFceNE1iuEkKf9VnMB2sWOm4NXfs41QMcSgRbmdYJu1BKktEgpAX_XdyCdU', '65419': 'https://ipv4-c007-nag001-jio-isp.1.oca.nflxvideo.net/?o=1&v=129&e=1684809414&t=oDtjjRqhD2gFZyrGxt0UAcGx2yoQnRMzYsMZZp5VIfDfZeUrIvOlcSsKRtqKZD8knxhE_yRlJcKVUIVt-TxxTMdPp_8nmJijxI17K_bDUm8Eu3wD6lHHqMNBhHHitenrcyd1JsZ2ttjtJzchRwN89fedUPVKFCGJz2LKyszle6J3Bc8qNrBuYtBXoMI76L8EtcNH1ODtC9GjEHQrtuUoMf0SqvJPqVKr653nbK49kpTJyyY', '65854': 'https://ipv4-c002-bpm002-jio-isp.1.oca.nflxvideo.net/?o=1&v=130&e=1684809414&t=lUOp-yZf0kopdGPRICw0-p7g0Ia2Ndn2vD8BJTqvW9WTDjDG1S91qT23sUjKgCzhh9_R4RunjW8IN_b5M03kRkRwVRRyRzdvsbNpktqlMRkrE5Uh8wOLNQKSlQQDqZkrXOpgB-9MrDAc-ENb5MH7nLlkw5C-FbQu2aL6MMw52shASuWrZbsOQyxmp-FONTVzTyoQUi9UI8IaaeOCgdOyIGTYZ4s931t8Kv--o2HAsqM5gr0'}}, 'webvtt-lssdh-ios8': {'size': 60204, 'hashValue': 'FnjyxEC6SuVQZEFCSnlCHV4hXGw=', 'hashAlgo': 'sha1', 'isImage': False, 'textKey': None, 'downloadUrls': {'63137': 'https://ipv4-c001-rja001-apsfl-isp.1.oca.nflxvideo.net/?o=1&v=146&e=1684809414&t=1Qwcf-yz4pa0I9BDmd-TQW3EUACWDBShLz-B80zphSBVeGp2Hij6eRHMb0Ly6OikfvjcwgmuRB8Jyfs2QphLbWFiD-HIRj4At58nE0RsHznl0jKWcJ_vLOi6NSXsgswyf81Fvuwj1H6cGYzI115z0Ps9b8iEL-BUODb5jigPFRtKmZrVR8bQILu-DKyFoyxxruwwl5UanyKVajmHUZgMyilreK4x5DkiE6v83HBKsbaamg', '65419': 'https://ipv4-c007-nag001-jio-isp.1.oca.nflxvideo.net/?o=1&v=129&e=1684809414&t=v24pDfr919mTD9DoqNskgysSg8Ev9FqZiDvMB15pvVuIvaHHIzt3mysedgYzfbvWhZMWGZpT-QTEOXcpOVmVFFRQSAJ06xNY40ZGZtXRXcKv_cU9AXvvFy5uZIVgWpgWMRYyWtleQm6xkegd5j2nU9KBmYAguOF-h5_-MTSFhNo-HKnFV1sHnI9Pp3FR7lrHvgkDm6XrQtVbtFk9Lnvf2ncgSVbtfYPHKLEQAwi13Kea6A', '65854': 'https://ipv4-c002-bpm002-jio-isp.1.oca.nflxvideo.net/?o=1&v=130&e=1684809414&t=1tqzgqkDwTWp86-pv7d3T4XBYuHc4dp4wLFAQnsMPAQBy_ZdNx8c9-hrumNBIGXJzExyEt5JXwqH1JIlrP98lzQ0DzslFniWiV09HgME42SNOMaEqxhwyH3cfo8xr_h1aESX8x8MNzdH0AFrcqcUX5hHc9J7TZ9ekMpiwLUduWm09MiqvAQD5vgpDKL0SRZWMFZiRSlkXGhzGXSRxQeouzF3Wlyhs9vv_ebW6T2hV2iQYg'}}}, 'cdnlist': [{'id': 63137, 'key': '1-133287-high', 'lowgrade': False, 'name': 'c001.rja001.apsfl.isp.nflxvideo.net', 'rank': 1, 'type': 'OPEN_CONNECT_APPLIANCE'}, {'id': 65854, 'key': '2-133287-high', 'lowgrade': False, 'name': 'c002.bpm002.jio.isp.nflxvideo.net', 'rank': 2, 'type': 'OPEN_CONNECT_APPLIANCE'}, {'id': 65419, 'key': '3-133287-high', 'lowgrade': False, 'name': 'c007.nag001.jio.isp.nflxvideo.net', 'rank': 3, 'type': 'OPEN_CONNECT_APPLIANCE'}]}, {'type': 'timedtext', 'trackType': 'PRIMARY', 'rawTrackType': 'subtitles', 'id': 'none', 'new_track_id': 'T:2:1;1;NONE;0;1;0;', 'isForcedNarrative': False, 'isNoneTrack': True, 'language': None, 'languageDescription': 'Off', 'isLanguageLeftToRight': True, 'rank': -1, 'hydrated': True, 'downloadableIds': {}, 'ttDownloadables': {}, 'cdnlist': []}], 'video_tracks': [{'trackType': 'PRIMARY', 'track_id': '6e6f6e657c554e4b4e4f574e7c756e6b6e6f776e7c66616c73657c6e6f6e657c756e6b6e6f776e7c32447c566964656f7c756e6b6e6f776e7c7c7c64656661756c74', 'new_track_id': 'V:2:1;2;;default;-1;none;-1;', 'dimensionsCount': 2, 'dimensionsLabel': '2D', 'stereo': False, 'profileType': "AbstractDynamicEnum{name='VIDEO'}", 'type': 1, 'ict': False, 'streams': [{'trackType': 'PRIMARY', 'content_profile': 'playready-h264mpl30-dash', 'bitrate': 100, 'peakBitrate': 193, 'dimensionsCount': 2, 'dimensionsLabel': '2D', 'drmHeaderId': '0000000003f748a20000000000000000', 'pix_w': 4, 'pix_h': 3, 'res_w': 320, 'res_h': 240, 'framerate_value': 24000, 'framerate_scale': 1001, 'size': 17782007, 'startByteOffset': 38296, 'isDrm': True, 'vmaf': 5, 'segmentVmaf': [], 'crop_x': 0, 'crop_y': 0, 'crop_w': 320, 'crop_h': 240, 'downloadable_id': '283955769', 'tags': ['CBE2', 'POI', 'ladder'], 'new_stream_id': 'todo', 'type': 1, 'urls': [{'url': 'https://ipv4-c002-bpm002-jio-isp.1.oca.nflxvideo.net/?o=1&v=130&e=1684809414&t=NFOOQukSrcePhkEzNkmZpQxpfo8UrcNsDN2bK0h_9Jov5k4Uu6gIKeHkk0Y40dU24fkjouOTOYjvW1OekPfNIjLYuQ3bigHlfhkAd7IQ1zTzhUxJjJMleoYpa24tZ9tqVOp25CtoJ5yMZns5OjxzNPCcoertEwshsJCeCp8MEebayt5Pe2om5BoxyKiFaIbfiRr97CIDTPbuY08Lw_CLYsQ46eolZeOHVZ1i_9kzZNNGLyrtsw', 'cdn_id': 65854}, {'url': 'https://ipv4-c001-blr002-jio-isp.1.oca.nflxvideo.net/?o=1&v=139&e=1684809414&t=dpbiYXmr1znrm18aquGfGMzUmdRiift0LdK3EVsmCf5_cWrbd3Y6PhB3vv_bTLmdhbwHtNS8GtB6yiQodMFHoLbVxlvderCH4inANd_ySUsOa0wpNIbvwA4Gr35ekcsJJsHmYzQuX1GL6fwm7tkJSYvxBrmam0d2iHUti885gmqam14p61s_T3J7DnsBHP049TZYhMQp9HJqrKi8h1lcH4qrBhDC9KRs2moTacsVS3yswN1cLw', 'cdn_id': 65328}, {'url': 'https://ipv4-c005-ccu002-jio-isp.1.oca.nflxvideo.net/?o=1&v=45&e=1684809414&t=C5QwYm19Bbyz8mbK25J_J0MEiyV1wxvk5elrajSFXUm-K8jOgoWRzDkRZYgVyvcFPgJ74Byme3BJxIp_MMSeJdCc2ZSLsG4nENFmv0uXKyDkQoi0tvQHL0FvIZWSA8_EM8uGGx2mD5_NdAAJaYYS3jH57G--xzB997M75wQhbRphJOaa5pADxv000SMjMNcGnDUlmFfK_dvpLnJkEJviEZNrM62e52HDFKCaxC96fSIincneWw', 'cdn_id': 70474}]}, {'trackType': 'PRIMARY', 'content_profile': 'playready-h264bpl30-dash', 'bitrate': 100, 'peakBitrate': 0, 'dimensionsCount': 2, 'dimensionsLabel': '2D', 'drmHeaderId': '0000000003f748a20000000000000000', 'pix_w': 4, 'pix_h': 3, 'res_w': 480, 'res_h': 360, 'framerate_value': 24000, 'framerate_scale': 1001, 'size': 17981385, 'startByteOffset': 30967, 'isDrm': True, 'vmaf': 0, 'segmentVmaf': [], 'crop_x': 0, 'crop_y': 0, 'crop_w': 480, 'crop_h': 360, 'downloadable_id': '568262583', 'tags': [], 'new_stream_id': 'todo', 'type': 1, 'urls': [{'url': 'https://ipv4-c038-bom001-ix.1.oca.nflxvideo.net/?o=1&v=74&e=1684809414&t=07VdyHfswELDvT3lSPUdKtvJylEA6lsSqu0OQqMuHxsrfxIfXw6LtbEc5spjt6SuqrfOnWqNTjjc0OY7yPhzq_2FueHQYFOwm93yX8-c95SFtZoH7Mpco-KTMvRYNoOI2p4GrkRMVBHCRQQNJdx7HWkcsa8uY43d256X9dr9oOt2Rkb2kk7hIC5iSArdbV6dZmv_Dvo30JSYm7R4eA5kehYBWMh2_PcshRLbSoaCRCeSnVQQjQ', 'cdn_id': 68102}, {'url': 'https://ipv4-c042-bom001-ix.1.oca.nflxvideo.net/?o=1&v=37&e=1684809414&t=min2oZexcBqvpwG9KddYtzzbSBAoPJmKljDOIvzJTtNJX4jrNYPWOedxhg-0QyVksDghJgqGdFKPbfFXb2JfyJXdTUd_IQQmx1iqy6UV8U-T09uVaayzWqsr3mspSYQKVzLsTUOxfkcL5YnOBh6F5qr65NvnBA8GL-OfAV_9dPEap6I3dZAW1y5sYjrp3X7XymEGUPGZlIVcUjhF2dQlf5HqQa-LrJ3_FAlsULR00F2WqkMPsQ', 'cdn_id': 71710}, {'url': 'https://ipv4-c060-sin001-ix.1.oca.nflxvideo.net/?o=1&v=107&e=1684809414&t=Wd3vJ-r9RdFL2DXBlEdQpYd15lhc-s64dcQzPgYJOBSoso6zRsKnSbJrG9aq9ldvE3xErLidiiS5cvqkojntJDwwYTYnRyWLlbFB4L3ZAh6g3kWD7Osu4nh5K57GF942xAwbhyJFDy9HBFcMJ-nExFkSpRbXBb6rEUwKO_Xh9Lr2mqgZrwwNm_Wh_SAzM_zZ03Yp4uKhcuCiMFcTfDcKAoyftToU4GOjZLqFwKbwYOjjvgHrqA', 'cdn_id': 67301}]}, {'trackType': 'PRIMARY', 'content_profile': 'playready-h264mpl30-dash', 'bitrate': 149, 'peakBitrate': 297, 'dimensionsCount': 2, 'dimensionsLabel': '2D', 'drmHeaderId': '0000000003f748a20000000000000000', 'pix_w': 4, 'pix_h': 3, 'res_w': 320, 'res_h': 240, 'framerate_value': 24000, 'framerate_scale': 1001, 'size': 26036134, 'startByteOffset': 38296, 'isDrm': True, 'vmaf': 9, 'segmentVmaf': [], 'crop_x': 0, 'crop_y': 0, 'crop_w': 320, 'crop_h': 240, 'downloadable_id': '283964008', 'tags': ['CBE2', 'POI', 'ladder'], 'new_stream_id': 'todo', 'type': 1, 'urls': [{'url': 'https://ipv4-c002-bpm002-jio-isp.1.oca.nflxvideo.net/?o=1&v=130&e=1684809414&t=sbWsgzugFy3bfWSLpL6JEt0E-3zpOTW0s-ydjtXoy6PtKS0KSRqGlBmQXmalRHX2Z20x1ZRpoLgEd41EcqTgAeQWRsFZl0WjAxdFvm8FIMvnh3krJmv05soDBOOJRPMTGPHLR1F0SFS67CeSZ_ByLchy289DWmyBw7fwXufS08nVmPrybqF7qI15tNokn0kViOxFcITE65wxkLMRJ74agc7YfRR_SuEdiwqdR8HBD98E5gJ_Rw', 'cdn_id': 65854}, {'url': 'https://ipv4-c001-blr002-jio-isp.1.oca.nflxvideo.net/?o=1&v=139&e=1684809414&t=I15sovfp2nzu5b55TVtiSy0eFiHoe6rbFVgGxMrPmpn1AEEpxkmql9VpB248a1OPc28Kjfz3htCHEeF3a06TiF7M54T7-0cLarcognthcgI1dKRkpebvNjvP3BN5x2YIpfffjwNe1F8g2BHaQ6mlLOwAWDduEfl7N9iHs_6trc3UjEeJbdB85zgmljQCSKzEJAGq10jiEdAe_dlDRF7Rh0iU0mciSvXck6JUREs90XVraObfCg', 'cdn_id': 65328}, {'url': 'https://ipv4-c005-ccu002-jio-isp.1.oca.nflxvideo.net/?o=1&v=45&e=1684809414&t=n4kfZbuwdGd0S0bIABk0T1LxvFU_FiOCLT-SUYSlVIBHNdpPWahbgGCC8yJcqzjoZXxbesDbkjaZzz3Ckgkh2JFpM64E1jPCSocvKS8R2Py90iHkYIpGhrLe_Q1ImYmz6vUoULK1b80HLrXgqd_stRYFjx1oPq-cQ_aJoq7fEPR5aqWIXvIl4mLYFhknjX535pz3ro8R5mHuhDfsNOiJ9RgjboTgi4imdBXcdQigX0mgq9TZ7Q', 'cdn_id': 70474}]}, {'trackType': 'PRIMARY', 'content_profile': 'playready-h264bpl30-dash', 'bitrate': 175, 'peakBitrate': 0, 'dimensionsCount': 2, 'dimensionsLabel': '2D', 'drmHeaderId': '0000000003f748a20000000000000000', 'pix_w': 4, 'pix_h': 3, 'res_w': 480, 'res_h': 360, 'framerate_value': 24000, 'framerate_scale': 1001, 'size': 30373510, 'startByteOffset': 30968, 'isDrm': True, 'vmaf': 0, 'segmentVmaf': [], 'crop_x': 0, 'crop_y': 0, 'crop_w': 480, 'crop_h': 360, 'downloadable_id': '568263008', 'tags': [], 'new_stream_id': 'todo', 'type': 1, 'urls': [{'url': 'https://ipv4-c038-bom001-ix.1.oca.nflxvideo.net/?o=1&v=74&e=1684809414&t=MwBHWPkeB-apPU5UR_M0Ggz5_ef0MrUPAYZJyNvvRF7fmZ4EHly59ZaZKh97usVU3ktWsAb54XvEx9FB47IaCm3sgQeiege2KoS55TnZawQKbqMQMJx8US19ow1WciJ6jrYHY5fg2dQPhVb_SXixr3WeWtp7gHaYKTcdAlr54shK0ueD8BiF-bq28CmD9udPdMr0rKW7MDoc7IrFxkLGklRtGtz8Rhi-ZO_BOmkQ5u9L3MawKA', 'cdn_id': 68102}, {'url': 'https://ipv4-c042-bom001-ix.1.oca.nflxvideo.net/?o=1&v=37&e=1684809414&t=UwRHc6AQhgKLfjDeK6n-NT50jjAE1xMkg4n2lIKFqJMDRZLBK6Vqsf5X6shbs8ZCTyoMzhqC_x3GtBkUYboCuYGTmPcfP-7-pYnThgRZymuBoKb5rWJJSdrEds4Bw2Ocxtlr4y6FjzFr9sEu_HKwWd41L7x36rYax_FUM7G3ZbKyWVpG11PFIAyiKaSzsrf16W-fPJ67SA9UYJP9sY3xAoll4jPDSI-fgTA1WSqGoYqTZdedig', 'cdn_id': 71710}, {'url': 'https://ipv4-c060-sin001-ix.1.oca.nflxvideo.net/?o=1&v=107&e=1684809414&t=j-6EKv7V6GCGx77qM9yvmwrt8GAWGCr3fjjrdESA_qb7Hs-JMxU_qo_SZhKB7duFAJO0ZKnqTD4ibVjfj4eCjBbtr9387pk8veiBmIJE0dO6ceNuQehJss-yOb0GfwUX4nF420qDl78KHDOv3uvYjNnTTF4Tv7eThmxJbAbU0XiwpvK6TM8xjK7eo2FT-fYtKy8BAd3C1DApL-179XowsVgEXBgr1UrRcStjzZLvMVUV1x2lWg', 'cdn_id': 67301}]}, {'trackType': 'PRIMARY', 'content_profile': 'playready-h264mpl30-dash', 'bitrate': 246, 'peakBitrate': 594, 'dimensionsCount': 2, 'dimensionsLabel': '2D', 'drmHeaderId': '0000000003f748a20000000000000000', 'pix_w': 4, 'pix_h': 3, 'res_w': 320, 'res_h': 240, 'framerate_value': 24000, 'framerate_scale': 1001, 'size': 42110980, 'startByteOffset': 38296, 'isDrm': True, 'vmaf': 14, 'segmentVmaf': [], 'crop_x': 0, 'crop_y': 0, 'crop_w': 320, 'crop_h': 240, 'downloadable_id': '283952354', 'tags': ['CBE2', 'POI', 'ladder'], 'new_stream_id': 'todo', 'type': 1, 'urls': [{'url': 'https://ipv4-c002-bpm002-jio-isp.1.oca.nflxvideo.net/?o=1&v=130&e=1684809414&t=rYpuBNzIxIrJ47cePTsSpw8wKK-JBb-3GhUYkY9TTAjC47JkmgoSCn7Z9ZDgdhS6BNtxD7eR3x1iQ4-MQ7kLz1B8EFetDSUBgG2EFOQ2ly5wd7PwnCtp_dkgJL5f9HsjNvePAbE6-2ZbaRZ7VuulJKiEHHfhTcH5KXny6Yd65Jvd9acGeSpHGnY59EHvhm5087EjR1oqI9UXb3jnAPtK0VD2sVkN2JlfP8kHKax4Av39PFhCuQ', 'cdn_id': 65854}, {'url': 'https://ipv4-c001-blr002-jio-isp.1.oca.nflxvideo.net/?o=1&v=139&e=1684809414&t=3p3NEK3lxmGqV1Dgo_L743GVbloYziL1QvxX5mUVaZkmNGpmtjyyUiJLmT4YIEgD_rY5ZQcTlDxMUIuR7vLARAg73sRu4cfxFiadjNfIO345yApQd56z7j1BnJn77RkZJGm7yIP82ptW2XEtJfWRUzSwkX4DgqYKEDJk99L3mP6Ve2FMLw71hhEOweSbiRRYQ2rnpob4VH7EKgsYFTWzLjQ5aVGZUSxesA7uQRTCOtMiiOHEWQ', 'cdn_id': 65328}, {'url': 'https://ipv4-c005-ccu002-jio-isp.1.oca.nflxvideo.net/?o=1&v=45&e=1684809414&t=HWY5W_nbF2SHH5oj1VCR6eArf52jrO2fh3GDgCaMj4n58SrTSxZiT152FkS4k4pY3OWwXTfGtSgwnziNqQZKFvdo2QZjbcabhZlqO6UEjCL5GOoBZLPvH_Ery_TMsin6HKILt_gnVlr4x9mLY_yDnMeNqtJs6uHSfwyWabxXiElqwD2wYHBHOQwTRPOjAq4myPFaOTiZK7kiRTvN9uzXub9feqRWFEiDnelWxX9EkjkGdhYrKQ', 'cdn_id': 70474}]}, {'trackType': 'PRIMARY', 'content_profile': 'playready-h264bpl30-dash', 'bitrate': 250, 'peakBitrate': 0, 'dimensionsCount': 2, 'dimensionsLabel': '2D', 'drmHeaderId': '0000000003f748a20000000000000000', 'pix_w': 4, 'pix_h': 3, 'res_w': 480, 'res_h': 360, 'framerate_value': 24000, 'framerate_scale': 1001, 'size': 42779224, 'startByteOffset': 30968, 'isDrm': True, 'vmaf': 0, 'segmentVmaf': [], 'crop_x': 0, 'crop_y': 0, 'crop_w': 480, 'crop_h': 360, 'downloadable_id': '568327749', 'tags': [], 'new_stream_id': 'todo', 'type': 1, 'urls': [{'url': 'https://ipv4-c038-bom001-ix.1.oca.nflxvideo.net/?o=1&v=74&e=1684809414&t=O5yHAcIQkRtTKVGV--48mPmSo-eMjGQFyzCOgrk0WMjZF9ywZ-VzwAX1Y7DaJghSbDJGskJFOruiTY_oP7ArMA0LmFTswgSW6doOESZT-ZNSvcERRYf6dfcW68EJZxXob75SaY0piFND7nT48ip4oW8S16rZmo7IHjYz-nGUWK4RFN-e7N_AEqtprbifvflwEyBQZooSV3Vbce_rHkwIphHg8jotE7hedt9kocQhIjMXLVJm3w', 'cdn_id': 68102}, {'url': 'https://ipv4-c042-bom001-ix.1.oca.nflxvideo.net/?o=1&v=37&e=1684809414&t=aIQ0SK18xXkBb11XdRMkGr9p4l82OOpq6-WEwmMV12hOTJbiuTwN02R6HSmFK6VO4IYj0wHcD3Cl6FV6YHMDaX8ohsdNkVL2C_qBXW4nCeJenoEjT1oEOI5ohQsfi860DA_C-vFq4CKzO7w6bo_Sk1t79t7SXwp2HFKNYqZS4K5Uz0f-L165w0laXsILbb5YclxTiTD1DOvvPjZRdJoxkzlnIKaLWtH8nabgbSnHbsMYa3MvQw', 'cdn_id': 71710}, {'url': 'https://ipv4-c060-sin001-ix.1.oca.nflxvideo.net/?o=1&v=107&e=1684809414&t=hnCaKfu9kItC57iMMngZFKQvpRclUk2C9hAuqn9hYi9LWoFqqHQakpWCD6yAQ2Q665Y-aAubLXYEZSk79ZiZ6SPrh9K1HFaWy3r3Y5akZeKsLFpWVhiNi5nzXLEzQ3D_ioI0svRaiUfJD17_YBiSbEWqObfvE36DC9lHZzeYvIo9nQ0WlRMp7QUYophU3MXaUQ4gmDG_UgHom-u0U2bUrwEdyH3p1HNH65_z5qePbIi-L_tjmQ', 'cdn_id': 67301}]}, {'trackType': 'PRIMARY', 'content_profile': 'playready-h264mpl30-dash', 'bitrate': 320, 'peakBitrate': 761, 'dimensionsCount': 2, 'dimensionsLabel': '2D', 'drmHeaderId': '0000000003f748a20000000000000000', 'pix_w': 4, 'pix_h': 3, 'res_w': 384, 'res_h': 288, 'framerate_value': 24000, 'framerate_scale': 1001, 'size': 54261684, 'startByteOffset': 38297, 'isDrm': True, 'vmaf': 29, 'segmentVmaf': [], 'crop_x': 0, 'crop_y': 0, 'crop_w': 384, 'crop_h': 288, 'downloadable_id': '283963156', 'tags': ['CBE2', 'POI', 'ladder'], 'new_stream_id': 'todo', 'type': 1, 'urls': [{'url': 'https://ipv4-c002-bpm002-jio-isp.1.oca.nflxvideo.net/?o=1&v=130&e=1684809414&t=voDk2MiyF46I6K7QMFxCKFWI6SjSSw4u9z6xqvDXvhHoJMyHhcWEMuEFX2To9VhZO3ZkR1GsC_CWySG4IljNNxZRYWtSiD4ChfX46P_pCCczBAWYSPgJ9OOHPK-po7kT1SpyIl99dsPkX-AkgGq3N4vBzBWXyPCg_tHqMU5R2vasWTXw5dd7DGH4GIXw5lPIJRtFlFHVQjQgzUvWmEmc-xDmiBIWmc_b7A0SbWcOwrkaBaQm2A', 'cdn_id': 65854}, {'url': 'https://ipv4-c001-blr002-jio-isp.1.oca.nflxvideo.net/?o=1&v=139&e=1684809414&t=ISi326lbuRz2-ldCPcJGxt3kHnmhYDwMCATH29WHgWT53cGI3o0FTQKOHmDOjXXRdujL-JGWOapRDbly6QbSgTzzhEjLt0zRDA0EsGSyCgDablEkEtyT8VlETX2OPWgXWTEgutneDbNtULPEFiop4raKvgOuBsbzxI7TnZgbhhT_62ko0oQ7mk7rv-_0yHc5AXKmeUkVtGbFA-nvVUmI8ujUl0hExnNZW31R4OowC4kAwAKLkA', 'cdn_id': 65328}, {'url': 'https://ipv4-c005-ccu002-jio-isp.1.oca.nflxvideo.net/?o=1&v=45&e=1684809414&t=TK1MpRezpQ7jHSeA-MiOaKOPVJBqJ0tzIt1YV3wyAgDAJMdWJDa7U24HhIAl5dwXVwo1xeEnPMyIIe9wtvD7sQcr7e_SNuC-OOC0rcf69xq0aEoM-L3zu0Jp5AAuO1-TVivcZHxWzDaxn21-SiJ3_FypK619-0gU389LBz4Pg4T5Llpi-CL6wRQhheE604rZLUfJ-fQYfqppMAaZ6u41rBjBDhIjVIJAQKXFNYIJ8PYWjInAng', 'cdn_id': 70474}]}, {'trackType': 'PRIMARY', 'content_profile': 'playready-h264mpl30-dash', 'bitrate': 479, 'peakBitrate': 1162, 'dimensionsCount': 2, 'dimensionsLabel': '2D', 'drmHeaderId': '0000000003f748a20000000000000000', 'pix_w': 4, 'pix_h': 3, 'res_w': 512, 'res_h': 384, 'framerate_value': 24000, 'framerate_scale': 1001, 'size': 80767225, 'startByteOffset': 38298, 'isDrm': True, 'vmaf': 53, 'segmentVmaf': [], 'crop_x': 0, 'crop_y': 0, 'crop_w': 512, 'crop_h': 384, 'downloadable_id': '284715161', 'tags': ['CBE2', 'POI', 'ladder'], 'new_stream_id': 'todo', 'type': 1, 'urls': [{'url': 'https://ipv4-c002-bpm002-jio-isp.1.oca.nflxvideo.net/?o=1&v=130&e=1684809414&t=4mgbAqYOR2b88PaCPZBI7vkinHB6a3qlvQ2T_-5SvMFiPGjWKdLk7xa4JBF0RIaL7_d-jSacZTCPgmA52erVpCA7leXUD7OyJbZ8Bt9UbO19HervHCGodzBeHP12xz448d9M5EZo_Vk9xGYa2CqY6oTij2dZbN257X9gGhZqVoTJBPxZQ9ikNO1NxD03U0phBzba_i4kgJ2Lu0CCW14E5QboO7CIedue-AiUX2E818bsk7q6yA', 'cdn_id': 65854}, {'url': 'https://ipv4-c007-nag001-jio-isp.1.oca.nflxvideo.net/?o=1&v=129&e=1684809414&t=EsZy_0N_yMgbVMEE7KUa7jDEIQ-MTAnKYLZGGRClfwK2sf636_J67FTGqJVT0JAcXAq1N6uoVvGUPG_hlJ_zKoHuoZIJeBkLJvxsTlfJKf9RtfFzWDDqqN6J_2ZvSOLW8_mjY0_cyCRdBFnKg0b8EZMO8UYsgWW5wOooQlBv3ntvY1w-Ol2ZTbXTlqJGdCENYgUb9Va0HQup2CHFPVpzjnDMUftTkSt0R2cPbhT6dRwAy3bO8Q', 'cdn_id': 65419}, {'url': 'https://ipv4-c005-maa001-jio-isp.1.oca.nflxvideo.net/?o=1&v=124&e=1684809414&t=cUNJB9yjVwG3ygo3nQbeg4uMGEFQ1VGAcDXaIUQ_3LpcjgaXFyP_MsGQXpeXk0opPiLXoOzv-iHUgJJmpXS8ZvrA-IKIVGjlfoELwEseOuJkZ4z-yYvxc7hHNbWJ6Utj-pKjFuE-CZV3hgmFEi-IKyxTl7jVx2REAbNMD7o_Y9ITz3FWzF2bFCDe9iv9ofNif4kny_5s9XGnNiQaGyWUycaoHmTBOtROo9bDa9dCUyMs5_kGYg', 'cdn_id': 65852}]}, {'trackType': 'PRIMARY', 'content_profile': 'playready-h264bpl30-dash', 'bitrate': 500, 'peakBitrate': 0, 'dimensionsCount': 2, 'dimensionsLabel': '2D', 'drmHeaderId': '0000000003f748a20000000000000000', 'pix_w': 4, 'pix_h': 3, 'res_w': 480, 'res_h': 360, 'framerate_value': 24000, 'framerate_scale': 1001, 'size': 83937181, 'startByteOffset': 30968, 'isDrm': True, 'vmaf': 0, 'segmentVmaf': [], 'crop_x': 0, 'crop_y': 0, 'crop_w': 480, 'crop_h': 360, 'downloadable_id': '568263460', 'tags': [], 'new_stream_id': 'todo', 'type': 1, 'urls': [{'url': 'https://ipv4-c038-bom001-ix.1.oca.nflxvideo.net/?o=1&v=74&e=1684809414&t=OWl0M62nYoMXbM5dtL7JxKdzyL1sRIIpOJXxImXX7AfWK5MrJY7a5NGn1X3oDdz5okU8tjDuE81vZjAk1-sXaaBX5OmDDWxm44T2bLM3Ns3ks6IzfkNwBtcQBWKMI1Tz06J1DcYZXgE9q1B640iikOCE5zh3Po5y3fEFo-dJLz7o7v2k2XC1azswlqw_zxHQX1ImIhr7q0OjHpDueofPa7-ztdQ71g54KNR8-nCcCzwJ1vcgSw', 'cdn_id': 68102}, {'url': 'https://ipv4-c042-bom001-ix.1.oca.nflxvideo.net/?o=1&v=37&e=1684809414&t=ibiIPQ8lxI5tClzjT0kfQrBtwnkGw39UD-ovco4n9ef_ZJ5hmg0FZLSQPfpaHtWJw7h7_h7WiPjzs26ovY3qDYBp5UQ0cDAQNFXYwv-RcTpjf2k_oAjo1LALB9x1ri1zj51_4G-bvkvPL1M7nJ08VoOm7XpS98jlmmIso0Gc6lR6az-Z58kHmdaVAIibzoAlaeFxk5g6RnSkc66YDkD3WQmx4esW46omqcClj-vrm27dBx213A', 'cdn_id': 71710}, {'url': 'https://ipv4-c060-sin001-ix.1.oca.nflxvideo.net/?o=1&v=107&e=1684809414&t=T2SgHDoTv-ShTSarXn3Olm0sIM9xTio42ix9C7H8B3faaaipMRRzptH90dCQ-Qf0QCfsGNek9-56baCSDyOJsngbq-5aRWvpTXqTV5EAAdFo567O7y1ku6Tp1yQhB7moZLDv0XFX1-rO1GC-MfKAqvzQSEwAfJ748dtHtfn-AALGo-kXBRV7rvNNiHwHBqrqABasnfIlAE3ku0-haIkEIqOA72eoKBJ4kKUkLPHsExySDUd7_Q', 'cdn_id': 67301}]}, {'trackType': 'PRIMARY', 'content_profile': 'playready-h264mpl30-dash', 'bitrate': 695, 'peakBitrate': 1712, 'dimensionsCount': 2, 'dimensionsLabel': '2D', 'drmHeaderId': '0000000003f748a20000000000000000', 'pix_w': 32, 'pix_h': 27, 'res_w': 720, 'res_h': 480, 'framerate_value': 24000, 'framerate_scale': 1001, 'size': 116586769, 'startByteOffset': 38302, 'isDrm': True, 'vmaf': 73, 'segmentVmaf': [], 'crop_x': 0, 'crop_y': 0, 'crop_w': 720, 'crop_h': 480, 'downloadable_id': '285197520', 'tags': ['CBE2', 'POI', 'ladder'], 'new_stream_id': 'todo', 'type': 1, 'urls': [{'url': 'https://ipv4-c002-bpm002-jio-isp.1.oca.nflxvideo.net/?o=1&v=130&e=1684809414&t=5tVFISZleZF8Xd8KH2LQLdbkTwqo79-siTf5TwcbKSFtpbTX012U6axooXWI4U4IQEOKgali9w-BWYPECcL6VA81C8aWOuE841GKxCV9fXx0lrHGGg0prigzpudd7_jHTh0QB_RyT6KiDs2iIp5ki9lhpyUcICzr3VDe6BB2lU73FMbRwWpLOOxysapCkUAXhLu2i1bi7XRXF52122Yhk1b5vaaVJN8XFxovS4wL_6eXjOjQNw', 'cdn_id': 65854}, {'url': 'https://ipv4-c007-nag001-jio-isp.1.oca.nflxvideo.net/?o=1&v=129&e=1684809414&t=eJtdc_OyFlJqriFecTHhZfeEUJ4xln6fKcNfqaObhrBlN7Ul3vEEb38A1VAyyM-fBaR3dgWyVv6_ztiXrJEvDVqnsjQ-QeDhnjROAxQIt9qQyTbidUIT2T52KSS3UhwC7D7PiRbsw2GdL5oeXC9mb1Y-hJ5TJIjfi72nEcuBgwvtzlg4-0dkIFN7MRdQoE71xkcYzepELtKxX-7RxGVw9VC-c8E7LhL9KWgDqYQnk84apZpooQ', 'cdn_id': 65419}, {'url': 'https://ipv4-c001-blr002-jio-isp.1.oca.nflxvideo.net/?o=1&v=139&e=1684809414&t=qbIoPdUh4JcjXP7nConW5hoC-WPXJ1zgsjrzaE29Mgmw55J9DUyINzp1intD81GqvfQzTzMuG71rLqMq9ZuAcLbQEFTCO4AaqOA4-BdPFLd2SUwdOOtg_tDtHLTU1O8c_LvJrVEJr_HYUFilGZOw1BC29kZ6U8uCQK_SkvBVIT7E7DpdVt8Trhv5NFqQgJzpJxIckSR74h3GkZx6jlXxkBp1I3i5HtieN2Qqh-wUud1xX6cI_Q', 'cdn_id': 65328}]}, {'trackType': 'PRIMARY', 'content_profile': 'playready-h264mpl30-dash', 'bitrate': 902, 'peakBitrate': 2273, 'dimensionsCount': 2, 'dimensionsLabel': '2D', 'drmHeaderId': '0000000003f748a20000000000000000', 'pix_w': 32, 'pix_h': 27, 'res_w': 720, 'res_h': 480, 'framerate_value': 24000, 'framerate_scale': 1001, 'size': 150987050, 'startByteOffset': 38302, 'isDrm': True, 'vmaf': 75, 'segmentVmaf': [], 'crop_x': 0, 'crop_y': 0, 'crop_w': 720, 'crop_h': 480, 'downloadable_id': '285189923', 'tags': ['CBE2', 'POI', 'ladder'], 'new_stream_id': 'todo', 'type': 1, 'urls': [{'url': 'https://ipv4-c002-bpm002-jio-isp.1.oca.nflxvideo.net/?o=1&v=130&e=1684809414&t=7tsOfAMF32AgHxKxh5wNhj7DKUcflHg6c3Sh4k5rZTlwvV1gZADqapaERR8GHOe0R2yTbubkiMGDn-3q7MSHv2JL3-FN2izmFj1ajBJtvjuK_JEXAPRsd8q62gBdE1mcsPWpQMr-xDRtbW9LCr3H91iCjEXPgS2f3eZxIiOOuSdUUCkTKDjs6zTnvZ_CjhjiIm-RGwaOwgX28kf8hDKYg6C9smmDxqBNTpiGDHJnYUZC5NOjWg', 'cdn_id': 65854}, {'url': 'https://ipv4-c007-nag001-jio-isp.1.oca.nflxvideo.net/?o=1&v=129&e=1684809414&t=2Vnv9EMSljT08vnzNWHA1gkyMN8RH3TPza6beMcYCzTfSbfSacq8nx5GI_EswbRhuo5843SCai3a0JuFXk65X-IIHDEqIXdvF8Yt4-9hRykNcO14tZUgkxknXNeOT31QHmkZcKx5ij92t1mLAp8yl_HQlyD6JqQImAqYpB5jPaeHaCfLQx-pcsRH0zm2biSAw1Q5i3gR8m6AqbamHPXwM6pgPqurw2Tt-IcfK_yfq1yz7gvuPA', 'cdn_id': 65419}, {'url': 'https://ipv4-c005-maa001-jio-isp.1.oca.nflxvideo.net/?o=1&v=124&e=1684809414&t=TbarHAjxZDE6nmslgCEDrAfTusc2Wdc1Hps_Aq5k_UnzGE5A_Bfr87dQtWL9szoiAI-H_sBdo3iOMA_3gQ8muGlpSHo1V_cEdxf9M3iHsJXoNnyh0bIZIxXRrtaQmIH6En8tVmVpXFZ8r06gwqdRhY7m1Bpq5DI72EsLnv2DvUTJkhU6aBKfSSKoRNt-_NxuC6ChliyUbvprO9UUngN_pAaQihkyVe7GZK74p8bdg9Cwcx9xHw', 'cdn_id': 65852}]}, {'trackType': 'PRIMARY', 'content_profile': 'playready-h264bpl30-dash', 'bitrate': 1350, 'peakBitrate': 0, 'dimensionsCount': 2, 'dimensionsLabel': '2D', 'drmHeaderId': '0000000003f748a20000000000000000', 'pix_w': 4, 'pix_h': 3, 'res_w': 640, 'res_h': 480, 'framerate_value': 24000, 'framerate_scale': 1001, 'size': 223876521, 'startByteOffset': 30970, 'isDrm': True, 'vmaf': 0, 'segmentVmaf': [], 'crop_x': 0, 'crop_y': 0, 'crop_w': 640, 'crop_h': 480, 'downloadable_id': '568264095', 'tags': [], 'new_stream_id': 'todo', 'type': 1, 'urls': [{'url': 'https://ipv4-c038-bom001-ix.1.oca.nflxvideo.net/?o=1&v=74&e=1684809414&t=5IKonyynz9UlCbC8Nen_XMuEBnsV9Q4jtu_wSBux_Rl_XVzImD_n5nVau7sBwYodoLK2N9tHUncCz3IyOOI62o56jaOZeHYSIICvcW_igeBexR4mzaTK8UtvC0P7jSjUdFdSpK4Z3OkFaa9JEOgRQNk05L7fLQzUm4DTZQl-9dCZos_JydGA-TqDj41tyU81jAtb1cr8y1lZA0mhNrztN-7M9Zs4q86zVQDUihpFOQZVycGQm_o', 'cdn_id': 68102}, {'url': 'https://ipv4-c042-bom001-ix.1.oca.nflxvideo.net/?o=1&v=37&e=1684809414&t=ge9o0BJL13lakyQuxfrx8p7FA6C9sqrjEC7mj71PYeDwVQkLrY1hSc2TEbLeLNvabBmqSLQO_f2n5do-9h_FGZlGk-Yy8zFwC_TksKlLKKZSfhJ3P71nTZAGYihkMmv4MFMnRx34Lt19Rk6esYUPMHq98JzrbSMhy-qJiPhWYM-4fDV1OjTRKH-AIIO_BzsGdXiJ-CMUlb1dnR0kSZlGksc2g0jZMBFEWR5N7DCXTAgc3-C0e78', 'cdn_id': 71710}, {'url': 'https://ipv4-c060-sin001-ix.1.oca.nflxvideo.net/?o=1&v=107&e=1684809414&t=5xBPG_DhFso3RC72BHLlId3QXIaJh3p1JWg9DA5KiPlhMeybjv409z5Hzrl5MOrS359v--LluGzK6n93h1odC3twuLD7-owy3bRzxpm1xmO2r5BolKy7778z2j1jgz9C-m9XNlZ67aLXzzNv-UdBXGgQHX_P_dQtvSpl7s1zvpQdJPTAnTBRijKn_7kXYgtyuYDFvVvHcfc-6Bdu5SaP_wvEjUjTeg8VjFC_LSim8rtlbfse5Y8', 'cdn_id': 67301}]}, {'trackType': 'PRIMARY', 'content_profile': 'playready-h264mpl40-dash', 'bitrate': 1846, 'peakBitrate': 5523, 'dimensionsCount': 2, 'dimensionsLabel': '2D', 'drmHeaderId': '0000000003f748a20000000000000000', 'pix_w': 1, 'pix_h': 1, 'res_w': 1920, 'res_h': 1080, 'framerate_value': 24000, 'framerate_scale': 1001, 'size': 307728281, 'startByteOffset': 38300, 'isDrm': True, 'vmaf': 96, 'segmentVmaf': [], 'crop_x': 0, 'crop_y': 0, 'crop_w': 1920, 'crop_h': 1080, 'downloadable_id': '286567324', 'tags': ['CBE2', 'POI', 'ladder'], 'new_stream_id': 'todo', 'type': 1, 'urls': [{'url': 'https://ipv4-c002-bpm002-jio-isp.1.oca.nflxvideo.net/?o=1&v=130&e=1684809414&t=Mx6ibBcZ9DYGabvwGKj1fKXg2PQew8s6wNBc89UuzMkBXV2z-CqNhLYIoMXGuENWg-SAiykSwDwPmsnHUvdoJWC99ZCs-dd_kGrzoXLfEcS7YLqLH3B9EP6yo2YCKq76xTUplS8X5nd_iS0k9OjredXT4p5A7JZYVBlxei5L5LttYDwCa594HBLAxhpV_97A-7zTPdyXlMEKy3YznvMeO8R7hFdHV75v4iQYTBS4bdUkW8F9elE', 'cdn_id': 65854}, {'url': 'https://ipv4-c007-nag001-jio-isp.1.oca.nflxvideo.net/?o=1&v=129&e=1684809414&t=8XbJwuSRZqIIOtmMpC2pPViO0SydJ8Ye9V4Vql3EOztFZ_S8K9EJkF3CORau1LMWExGdNtNeoKVYjkjc5e4jHvkXp3f2uB_3Lu6kk9RVRkzKFWZmvCZdzBbFZWsQxDuUbUiix17m2NOlolgYwo9mzHmNG9sKnHI_pwTK_o5GD7lPvmnqF9TavhpV3JjR10WGQ1EDdJvOuzuyR74v59l-7scjnkfsX9oRayae9bO7j2caYJNHJk4', 'cdn_id': 65419}, {'url': 'https://ipv4-c005-maa001-jio-isp.1.oca.nflxvideo.net/?o=1&v=124&e=1684809414&t=hS9RqpYe60FsDB9AWNT5jsVTIJL7GezcZAwWEPO8d2F_RO8CMj7Z_mIfSJm7wv3H3IIA2wyCTbdKCs2ORyYuXs3q1U3PASJpJY_2ecgHFQdRjgA6tCVP0pN6A9RMnFIgPExs5M_ZqtlfGhqU2ChzsIOSATSUgcuKMUv5ACLxTK7qVeJ0JDm2D83pVFrVuDnXkj49pS9ARZTj1PyV8_PsTOnWw5dKWswdWRGUgfBa6N0xzUHPYlI', 'cdn_id': 65852}]}, {'trackType': 'PRIMARY', 'content_profile': 'playready-h264mpl40-dash', 'bitrate': 2953, 'peakBitrate': 8455, 'dimensionsCount': 2, 'dimensionsLabel': '2D', 'drmHeaderId': '0000000003f748a20000000000000000', 'pix_w': 1, 'pix_h': 1, 'res_w': 1920, 'res_h': 1080, 'framerate_value': 24000, 'framerate_scale': 1001, 'size': 491499791, 'startByteOffset': 38300, 'isDrm': True, 'vmaf': 97, 'segmentVmaf': [], 'crop_x': 0, 'crop_y': 0, 'crop_w': 1920, 'crop_h': 1080, 'downloadable_id': '288397444', 'tags': ['CBE2', 'POI', 'ladder'], 'new_stream_id': 'todo', 'type': 1, 'urls': [{'url': 'https://ipv4-c001-rja001-apsfl-isp.1.oca.nflxvideo.net/?o=1&v=146&e=1684809414&t=0IS3Y_SNEUKZFHRsqBKMCy_v9jx1HsAJHbOsMAH9laXOvREVJdOmza1UlfeflK6DextUWg4GzOg6G2dlRj1F1v0y7wAIL9N7QI-vHDFIUXUyUPtbQQWULLTLIhm_eSztUyOYc1KJFyo7AvtumSl-9fEPZkvulgWL1Z6dz0wdIvWO2eAiEpFS91d5h1AAqnhjssxpCPFtxs05eHZcQd7LdBDpihbJR8I8UmA1SQZK0FIiwg3WEMc', 'cdn_id': 63137}, {'url': 'https://ipv4-c002-bpm002-jio-isp.1.oca.nflxvideo.net/?o=1&v=130&e=1684809414&t=_srEovgZnsvJ8KHO_wlvrHAIv72oTxOhkRUN3Xa8rJFfdDnPytAg8rplwKtAnTV7tYWqBK3D9dERodsFAoKORUYWVH3ooUfK17__A-FcYhpjWHfwZ-GARUCvmFjwuO63-nEGOl2t4QyFZMRxm6hTWUXuS8KViTY_oM3ORmw2smjVbxXY9ZIcOVVp7Ixv22wV9rCt-_DcCqS4yDSpZofIf4OzGcMrRbt-BsYi-8Wk7lPpH9D2mIk', 'cdn_id': 65854}, {'url': 'https://ipv4-c007-nag001-jio-isp.1.oca.nflxvideo.net/?o=1&v=129&e=1684809414&t=tRZK7DYvMXi-RKR7F4KnRgBveTJts2B3A3Xl4jHVcTHiJGa03zvRaZQ4C0i0JjySJtForMDFfe6qARIIZCYUFjX0kBb_rPPYwRNndQYA-U3aBnFMcdebIekHQnKo8_q5-BXIR0JHnyaKKBq5ALM87bDwqJzIFnlbWhMhKc3nVUo5ZBlT1HXyR2a4P7PtO_bTDWvqfi2KksXLpV11aNXz7yeMN3UwXY3UuCe2dJx56wOkVVXZbWY', 'cdn_id': 65419}]}], 'hasClearProfile': False, 'hasDrmProfile': True, 'hasClearStreams': False, 'hasDrmStreams': True, 'profile': 'playready-h264mpl40-dash', 'pixelAspectX': 1, 'pixelAspectY': 1, 'maxWidth': 1920, 'maxHeight': 1080, 'maxCroppedWidth': 1920, 'maxCroppedHeight': 1080, 'maxCroppedX': 0, 'maxCroppedY': 0, 'max_framerate_value': 24000, 'max_framerate_scale': 1001, 'minWidth': 320, 'minHeight': 240, 'minCroppedWidth': 320, 'minCroppedHeight': 240, 'minCroppedX': 0, 'minCroppedY': 0, 'flavor': 'CBE2', 'drmHeader': {'bytes': 'AAAANHBzc2gAAAAA7e+LqXnWSs6jyCfc1R0h7QAAABQIARIQAAAAAAP3SKIAAAAAAAAAAA==', 'drmHeaderId': '0000000003f748a20000000000000000', 'keyId': 'AAAAAAP3SKIAAAAAAAAAAA==', 'checksum': '', 'resolution': {'width': 1920, 'height': 1080}}}], 'hasClearProfile': False, 'hasDrmProfile': True, 'hasClearStreams': False, 'hasDrmStreams': True, 'audio_tracks': [{'trackType': 'PRIMARY', 'rawTrackType': 'primary', 'channels': '2.0', 'surroundFormatLabel': '2.0', 'channelsFormat': '2.0', 'language': 'en', 'languageDescription': 'English [Original]', 'disallowedSubtitleTracks': [], 'track_id': '656e7c322e307c5072696d6172797c747275657c6e6f6e657c756e6b6e6f776e7c756e6b6e6f776e7c417564696f7c756e6b6e6f776e7c7c7c6e6f6e657c30', 'id': '656e7c322e307c5072696d6172797c747275657c6e6f6e657c756e6b6e6f776e7c756e6b6e6f776e7c417564696f7c756e6b6e6f776e7c7c7c6e6f6e657c30', 'new_track_id': 'A:2:1;2;en;1;0;', 'type': 0, 'profileType': "AbstractDynamicEnum{name='AUDIO'}", 'isNative': True, 'isNoneTrack': False, 'defaultTimedText': None, 'rank': 1, 'offTrackDisallowed': False, 'hydrated': True, 'stereo': False, 'profile': 'ddplus-2.0-dash', 'codecName': 'DDPLUS', 'streams': [{'trackType': 'PRIMARY', 'content_profile': 'ddplus-2.0-dash', 'bitrate': 96, 'size': 16736447, 'isDrm': False, 'downloadable_id': '1167715820', 'new_stream_id': '1167715820', 'type': 0, 'channels': '2.0', 'surroundFormatLabel': '2.0', 'channelsFormat': '2.0', 'language': 'en', 'audioKey': None, 'tags': [], 'moov': {'size': 621, 'offset': 241}, 'sidx': {'size': 8080, 'offset': 862}, 'ssix': {'size': 8056, 'offset': 8942}, 'urls': [{'url': 'https://ipv4-c002-bpm002-jio-isp.1.oca.nflxvideo.net/?o=1&v=130&e=1684809414&t=H1VtigUjsHj6BZlYsg84SaezDEDCAh-vuM3ydx32k6yFBK63BEThJbYgsleF-q8XJROLrO06vx_wJqIM6LjS4vtPNLn_x1wTe7cxj6l-togJTzVmQlhPVguTfHastTwt90WeKo7ZILAmAt7I1BFNzrwUvkVJxQrTefbAos9AzQRgFmfXv99WgYsq7MiD7gKqLLbm9eLApauXJzuBIQ-jNeygMWzZp7vbOtD3sznpMqQVhpl30w', 'cdn_id': 65854}, {'url': 'https://ipv4-c007-nag001-jio-isp.1.oca.nflxvideo.net/?o=1&v=129&e=1684809414&t=omI1XirkMNWrZ9bGDuBLoeHxLfb483yMLrrDnCGmNqwJT_c0bmkVMJcPEAblQWQalnjBRJiT-N6r2mXlHhdUDAKld5VjgoD_b3V1JNeGd26JCtueBh11Sj8SnwxKEFwuFDlLUr1tkTwk1nFtlD6d6UzYpp6HFY853BtD3qatbcP_28pkvXEM7XsGrAg1QbygmYFA3LVPYhFO574RjTwD789ubeiTS5qlbzLASnRQPJttakl38g', 'cdn_id': 65419}, {'url': 'https://ipv4-c005-maa001-jio-isp.1.oca.nflxvideo.net/?o=1&v=124&e=1684809414&t=0nFU90QGZwnscd6W3kBoZGlxJUAdRIT11c7U_PFQNLOrIbZSgd_af2Q-BAgzW-0Y9-nN9PyHOid86blKpHvxoUQRlaDRDKakhmjpuqAKun3DFiTfuueM_FNIaLum6Bvyb8agzIhcr9uD9Mvm9620mRwjH2xzIdqREt8Yv4SWmZvgSMXL4zkl0Gh1-EJf27IdwNW8x63mIIhrGJ0PbNbOh8GrnHcL_F-eI6X0QmoTZU9uH_W4tQ', 'cdn_id': 65852}]}, {'trackType': 'PRIMARY', 'content_profile': 'ddplus-2.0-dash', 'bitrate': 128, 'size': 22094655, 'isDrm': False, 'downloadable_id': '1167712126', 'new_stream_id': '1167712126', 'type': 0, 'channels': '2.0', 'surroundFormatLabel': '2.0', 'channelsFormat': '2.0', 'language': 'en', 'audioKey': None, 'tags': [], 'moov': {'size': 621, 'offset': 241}, 'sidx': {'size': 8080, 'offset': 862}, 'ssix': {'size': 8056, 'offset': 8942}, 'urls': [{'url': 'https://ipv4-c002-bpm002-jio-isp.1.oca.nflxvideo.net/?o=1&v=130&e=1684809414&t=54nKOtw90lgjDuT4s9NDxndfPXGvmCQYUpy4_f-yCdnp-DGfAhboxOLLdnMBbJTysUsETFQMQifE9tW_JjpX9cStDGCIr8SWXTX0Pxwp6HmuaZLsVPSF3qd8rox-QWON_SC90v96B-Bbj3E2A0ltjsGk2WHPhfIwivdF3Tfq5c_-oNiEb7IBI4nYql2sGD1cS-faC-VCWun2oL2FhwTVl2-QPfw9oIphra2AouerN2_b8zpA5QQ', 'cdn_id': 65854}, {'url': 'https://ipv4-c007-nag001-jio-isp.1.oca.nflxvideo.net/?o=1&v=129&e=1684809414&t=H803IX6ophJWNnEirkt2Ly7YgV8MWLMtSA-AVz_yA9X7EAnxdQfdyExm-o2CJIcwiWIQTiIz2bG0HIT-TInZ3C3aEf9tMiiSaX5Yih6RXr06Kj1RDNlI0wvRoTbd5B1B_4g9ZiuHT2A6MefAL4EhsGRv5vs8P830EaCay5yV6dNWxuEz1n3uogEIb1GCvopi8W9wkwbjVstM0OakXUIk5xlKaNwRyQAbMy-eHDfqwQgswg9p_XA', 'cdn_id': 65419}, {'url': 'https://ipv4-c005-maa001-jio-isp.1.oca.nflxvideo.net/?o=1&v=124&e=1684809414&t=im4fqZx6TKFxTZMMtXHwQaQiEleOD5laybloTnbxpVX41rleB5EqwvzDtvcv3ahnUS5droW8ZXOv1rmtFVjJBWsYzP_BrYkWSPg-nyJXtBeUEIRRd6u6RpYIWaZr_d4O7QlXzmfneIyobiEJPm04w1FXolQXlTdbwKBOYP9vo1oEHlMI2yuNkvy1fRxcZaXRjNde9EEGSNqDMNaO2u-SE9Il21_rUrGNN6rT2W48R3wXd83utzM', 'cdn_id': 65852}]}]}, {'trackType': 'PRIMARY', 'rawTrackType': 'primary', 'channels': '5.1', 'surroundFormatLabel': '5.1', 'channelsFormat': '5.1', 'language': 'en', 'languageDescription': 'English [Original]', 'disallowedSubtitleTracks': [], 'track_id': '656e7c352e317c5072696d6172797c747275657c6e6f6e657c756e6b6e6f776e7c756e6b6e6f776e7c417564696f7c756e6b6e6f776e7c7c7c6e6f6e657c30', 'id': '656e7c352e317c5072696d6172797c747275657c6e6f6e657c756e6b6e6f776e7c756e6b6e6f776e7c417564696f7c756e6b6e6f776e7c7c7c6e6f6e657c30', 'new_track_id': 'A:2:1;6;en;1;0;', 'type': 0, 'profileType': "AbstractDynamicEnum{name='AUDIO'}", 'isNative': True, 'isNoneTrack': False, 'defaultTimedText': None, 'rank': 0, 'offTrackDisallowed': False, 'hydrated': True, 'stereo': False, 'profile': 'ddplus-5.1-dash', 'codecName': 'DDPLUS', 'streams': [{'trackType': 'PRIMARY', 'content_profile': 'ddplus-5.1-dash', 'bitrate': 192, 'size': 32817319, 'isDrm': False, 'downloadable_id': '1168142740', 'new_stream_id': '1168142740', 'type': 0, 'channels': '5.1', 'surroundFormatLabel': '5.1', 'channelsFormat': '5.1', 'language': 'en', 'audioKey': None, 'tags': [], 'moov': {'size': 621, 'offset': 241}, 'sidx': {'size': 8080, 'offset': 862}, 'ssix': {'size': 8056, 'offset': 8942}, 'urls': [{'url': 'https://ipv4-c001-rja001-apsfl-isp.1.oca.nflxvideo.net/?o=1&v=146&e=1684809414&t=WzzFWQrI9HBPW4xLph9D65NmRKUuYSEIMW_LiHQK_sBMB-nIQDwXMCUTOVwptfyb1hzqb5UAEEKA4VtPVsJ4-SAqTv04UO8ntXH_0wP3ou5KGQp80Vmr8PXbNPLuFK7T6xY56Xtp72lhJ1k1_-NXLPWmWkWXjwTgiLY0snsF2ZCsR9gg_x4uecfREydK_EBeN608MGOln2vSRb0knGYQgbN6deQ5lT5ZXoSja7HfCuec2ibMkCA', 'cdn_id': 63137}, {'url': 'https://ipv4-c002-bpm002-jio-isp.1.oca.nflxvideo.net/?o=1&v=130&e=1684809414&t=sG_xo0skD61akAxTMs5Kp52nUsNCmHc4ZnuwvD4KqgqOTtU-qBpmcQvPQojeZk39p61p5NUDjC_OVgpgJtvIhV8r4oOvAkbGBXyFLABx9A5njfAwQ-QnCNKopeo6LahVP_Flf4DvnrQuKQR0JGDeiwbL-Yl9i1s3VpUvT84OkwA16se1iT6MLqRFYowfAOp9PgPjWoOZz3rn7tqDqpkzIjvRnRFUjj_I8Nz1V1dIqZfBLJoJVw0', 'cdn_id': 65854}, {'url': 'https://ipv4-c007-nag001-jio-isp.1.oca.nflxvideo.net/?o=1&v=129&e=1684809414&t=TQ00SwtVYJAijH-EyUe2zwnEV_YnIzrU-zZ6k6AIsBvoH6JwtIq58co2lHyeUqbMj744f1EyZWFkHdg2kFKxtG9nhB9mP5cwKDIvLWJAzEL6AVg5k1pxdAvIxsjHfJt-JoY1lBNA1N4NJYCscptqlcsYcuDPpBpbvyJuubzHndvs8uhR-WOglWnfwX6xw3BB-20BO-hol31Hr-OT-maLEsCS_B1utE1Cq3bKUusB21Da5se06uA', 'cdn_id': 65419}]}, {'trackType': 'PRIMARY', 'content_profile': 'ddplus-5.1hq-dash', 'bitrate': 256, 'size': 43535783, 'isDrm': False, 'downloadable_id': '1168302674', 'new_stream_id': '1168302674', 'type': 0, 'channels': '5.1', 'surroundFormatLabel': '5.1', 'channelsFormat': '5.1', 'language': 'en', 'audioKey': None, 'tags': [], 'moov': {'size': 621, 'offset': 241}, 'sidx': {'size': 8080, 'offset': 862}, 'ssix': {'size': 8056, 'offset': 8942}, 'urls': [{'url': 'https://ipv4-c001-rja001-apsfl-isp.1.oca.nflxvideo.net/?o=1&v=146&e=1684809414&t=G6LtNz7VUpDivUvOwVp1xNOXOGQft-lM8ag2ZSqwG8XUtk3ePRVCrEmD1zmpxp8ALJzqMDwGNm_wydVcAvEEn-hNUa_mhcxXDFCQl3e2w97AZPV6Ph66Dx830Knn4IXR19hoeJd0FZPEfC5BGx21LqqdVw3gxhrykqo4wFrEbPaK4wUfDGS9Abz0MOCulYBn3iXj37P-AItDi0madtbO2faiaUhEoanNCN8fHm0YZPBm2kBKyI0', 'cdn_id': 63137}, {'url': 'https://ipv4-c002-bpm002-jio-isp.1.oca.nflxvideo.net/?o=1&v=130&e=1684809414&t=Z5wJNSVDOJ6tu5wrR4Q9dhrWBFtdiaM72oQNqQ7fDdYuLtcwAHKXR5VZbW_WkvT-f2OtLCl5lCpkNwt1VMH_WsHIlb9CeOA8Bvsg2QcEbZekbMN9Wi5R8G-6-YAcUdZzatp2DlapiJJJjOcVVj_SsgwqD05Me0wG3gkc9vZhDhCj604pszHo2ASDR7OUOzkIwpDtR3dOmmxZprfwjMYv7QZjQbVRSj8FdwoHO5dFT1jDm3R85Zs', 'cdn_id': 65854}, {'url': 'https://ipv4-c007-nag001-jio-isp.1.oca.nflxvideo.net/?o=1&v=129&e=1684809414&t=QTnjtIqJrznWoIRZ2aF093aBL9x76Y6Ltgjph_eB1cpngorCCGL8fl-eh4j-rJ98kh5VU1Tm_zIv4ZgnoMGvCWaAP5uX04rJ56qRTGUl_xHqeeslNQenKpcyIA8mvYKitMaL5mocVO557DSVNRtw0sY8YZYyj2qcsLfolDgWjMIQGs4TYzwNMvh0zJ4Jl0AmeZTIDAvSNc9njIIKP5gc4TtcqXTUJ7a45zWE-OznNj3H4PUOfv8', 'cdn_id': 65419}]}, {'trackType': 'PRIMARY', 'content_profile': 'dd-5.1-dash', 'bitrate': 384, 'size': 64972709, 'isDrm': False, 'downloadable_id': '1167718939', 'new_stream_id': '1167718939', 'type': 0, 'channels': '5.1', 'surroundFormatLabel': '5.1', 'channelsFormat': '5.1', 'language': 'en', 'audioKey': None, 'tags': [], 'moov': {'size': 619, 'offset': 241}, 'sidx': {'size': 8080, 'offset': 860}, 'ssix': {'size': 8056, 'offset': 8940}, 'urls': [{'url': 'https://ipv4-c002-bpm002-jio-isp.1.oca.nflxvideo.net/?o=1&v=130&e=1684809414&t=yJ2b9CZ7oJ7r7y-dnWgoGOqRZ13h4QifPiSRi0_s-sfh_mtBKxtTk-UYgwhXt5UIVaL0LsTAcfqNTx3spAHV_upRgKiwlcJDwhXqNN5Bo7pHwszs8aLKN7WegBPpe1bTLxk4h4Oy08v-g3FjKt_g3oy2IS5y76Cn0H9wRh7FYn3XNN0FywGFef9-TSBaO2_gBjSy-XdL_xKQ0YFCsrVxg5QOsVNE1VER2iEHrTrAy49MraXc4oA', 'cdn_id': 65854}, {'url': 'https://ipv4-c001-blr002-jio-isp.1.oca.nflxvideo.net/?o=1&v=139&e=1684809414&t=3L_qU0rWyTixkfcQfCEaztGbVRz4_aSXMM-SUzVjgjkXDIv4lX62RO67HUcNHd6m1pA_7GQ7e4IkGMdjV6LELQM5loiwXZyM9dmT2wOcmh0CAq75OWHxIH_PQx0Iw1RY6O33LNAHRSIa9KjtP7U_99l3ev2hTiJ-i8gFeASFCnTL6llinJTGPDg0A4aEsSFaUt8yXrsYHptD6qWa3lhyJB6ub8z6hv9FkomkjezATORASzSW6dM', 'cdn_id': 65328}, {'url': 'https://ipv4-c005-ccu002-jio-isp.1.oca.nflxvideo.net/?o=1&v=45&e=1684809414&t=x_ggtk76Acy-_7oNbgB6GknLpzSiNMhGL2Nne-PP-u9r3UuH5CRZlQlpfzVXmkn3X3qGDwMNH6d-hoVq2gE7-1cuBimHLzKfKQ8OExZ50sP4Y8nKc90oxUufc3BMQ4daj2V9oEHZcb0mzHlJHAthxn8dLHzpSWU6HZ8NVQ0IY3w9TWXA-62jIJK_7gSMTKXW70fuXNzUK8NPZfkeqEnSF-q18FYwHNsv3erzcUbv3ajYdY1xh6o', 'cdn_id': 70474}]}, {'trackType': 'PRIMARY', 'content_profile': 'ddplus-5.1hq-dash', 'bitrate': 384, 'size': 64972711, 'isDrm': False, 'downloadable_id': '1167873132', 'new_stream_id': '1167873132', 'type': 0, 'channels': '5.1', 'surroundFormatLabel': '5.1', 'channelsFormat': '5.1', 'language': 'en', 'audioKey': None, 'tags': [], 'moov': {'size': 621, 'offset': 241}, 'sidx': {'size': 8080, 'offset': 862}, 'ssix': {'size': 8056, 'offset': 8942}, 'urls': [{'url': 'https://ipv4-c002-bpm002-jio-isp.1.oca.nflxvideo.net/?o=1&v=130&e=1684809414&t=iwguE5kbQWmx7g4ERnWh3ieWLn-EbkE8M2AkjdLP-uMaF7dnX6Yx1RnZjORIf-fFjzC-_2bvr5VS_rv1OBkR5BsAwmT9mLF1cKhS8KXb3MVqo3NZbTTTWALIN4p-aGDiKkztMnMw8-jjLiXOctjHTjrFSzOzY6BKFavaILVGsW0vhjVaDecJo91Bse0mZYqAsKMmxOrKv6-RV1c0_oJsDFk9XNOZIxir88oPcI-J3xHAfAi30rU', 'cdn_id': 65854}, {'url': 'https://ipv4-c007-nag001-jio-isp.1.oca.nflxvideo.net/?o=1&v=129&e=1684809414&t=GX4FKmRmOHvZSxYx_SmCiK3Hr2Hg3bedF6XEshi9bltn-6shXE8IKtnObuk36Cju7HT7677d-01LkG8mDKCtMKyAjjqWQAkAzwgamMQQgMMeI0jjQhAbXbd9GxgmNF3FjX0KTQ2p92LeZ_L9P_XMcBWBwfoFn8up0stLS2HbC1F22nHjweN1D10PDKDp2Zw7JxyN6jVZaPQyPCnFI5AE5sKCHtsgCSBNANRsuFQJjbKGIDUCBhM', 'cdn_id': 65419}, {'url': 'https://ipv4-c005-maa001-jio-isp.1.oca.nflxvideo.net/?o=1&v=124&e=1684809414&t=NBhgKQnTJPvwLH5tu0JoFVuXi3GtpkGGdFXWTrBfOm63BOhPmlfTRnMaDmGPVJlb9uft2Nh7tTeFkGGBjBy5d2NtpfcYfTCH72FU6sEwjLI-Y79RxdcKBka5UYTUggeGdkV4fLFxBwB1ltIDsAwXf_pr-5k3K1QGME2YKX7D_SXAH4vB93L5s6i3tsk-hwwEOEczWrnxXwdAW0Y95bT2LRzfxwI0DKIWrQOpMkwZKLapTBQqahg', 'cdn_id': 65852}]}, {'trackType': 'PRIMARY', 'content_profile': 'ddplus-5.1hq-dash', 'bitrate': 448, 'size': 75691175, 'isDrm': False, 'downloadable_id': '1167868211', 'new_stream_id': '1167868211', 'type': 0, 'channels': '5.1', 'surroundFormatLabel': '5.1', 'channelsFormat': '5.1', 'language': 'en', 'audioKey': None, 'tags': [], 'moov': {'size': 621, 'offset': 241}, 'sidx': {'size': 8080, 'offset': 862}, 'ssix': {'size': 8056, 'offset': 8942}, 'urls': [{'url': 'https://ipv4-c001-rja001-apsfl-isp.1.oca.nflxvideo.net/?o=1&v=146&e=1684809414&t=PMPD69VlvKoIBUVK-Q1YT5gEQ3CgcRtoHevIp9PpLjdLogWQG7nMee6rvOLHCU8k9iNGF5yR740CVRFuUHu97gs3Yn_PBoo4NFtFJI-5XTh1zZHkWtxLnW8v_okV6xDSNzn4N5JVAK8OBaH3bpb5-rXJiE9Mi5MN5I_LQ3pzhaQ57KZNdCU5E1G3dTj1ea483RXpVH4mv0QmXmTYm-Oxp0GeyyKaKbTwF6DLK1u9ATfjBh0R5c4', 'cdn_id': 63137}, {'url': 'https://ipv4-c002-bpm002-jio-isp.1.oca.nflxvideo.net/?o=1&v=130&e=1684809414&t=SaJKYTXUrkrTop3zkpRgzM7IC2cnO8kUUb1-plxLmV0iqiBEptXG-t37g9FPj5zzE9jwTPwP2rHU1n2VZSJ7P98Ko8U9HbGIuZHhAm8MPwr_KllXdtUePpOOqYT1VNHJXC6Kwf_YjOJzTHRBd021iGjjPwbunv3vqLDnV5-X8rMlpqIidnPV1YDHS3h7PLkXPAnliXvpNJcviS__cCXiWKqOOKQ--ctrFJ6MLehWzezEbg_rjYk', 'cdn_id': 65854}, {'url': 'https://ipv4-c007-nag001-jio-isp.1.oca.nflxvideo.net/?o=1&v=129&e=1684809414&t=qaoPmNckT8goqCyF-oPqrl0kIKzz2GObRIay5b_JiPF9QRUB2ucJHU1eDXi2QY1g5bCBdHvBQ1klI36meMWke42hWBRydGxeZJEGzni_Gyx6L5RjE03fKhjENr7KYm7qAf-T7XxCk_oTBeXntA1xbdNjtDkdpsUTg7woAgUBywNFAqXHziMKvvttG0pY9aFh8CIT7ksRiPaeGRyj-q8JorifBQRyQbmt6e0xw6M5WQU4W-8J1I0', 'cdn_id': 65419}]}]}], 'trickplays': [{'id': '1269162422', 'interval': 10, 'pixelsAspectX': 1, 'pixelsAspectY': 1, 'width': 240, 'height': 122, 'size': 959800, 'downloadable_id': '1269162422', 'urls': ['https://occ-0-4619-2164.1.nflxso.net/tp/tpa1/422/823d1151ebadbf8b59712d2d3447911a.bif']}, {'id': '1269162804', 'interval': 10, 'pixelsAspectX': 1, 'pixelsAspectY': 1, 'width': 320, 'height': 180, 'size': 1694830, 'downloadable_id': '1269162804', 'urls': ['https://occ-0-4619-2164.1.nflxso.net/tp/tpa3/804/e9a6198fbfb24ab7b32312e9aed96847.bif']}], 'servers': [{'id': 63137, 'key': '1-133287-high', 'lowgrade': False, 'name': 'c001.rja001.apsfl.isp.nflxvideo.net', 'rank': 1, 'type': 'OPEN_CONNECT_APPLIANCE', 'dns': {'host': 'ipv4-c001-rja001-apsfl-isp.1.oca.nflxvideo.net', 'ipv4': '223.196.181.11', 'ipv6': None, 'forceLookup': False}}, {'id': 65854, 'key': '2-133287-high', 'lowgrade': False, 'name': 'c002.bpm002.jio.isp.nflxvideo.net', 'rank': 2, 'type': 'OPEN_CONNECT_APPLIANCE', 'dns': {'host': 'ipv4-c002-bpm002-jio-isp.1.oca.nflxvideo.net', 'ipv4': '49.44.220.102', 'ipv6': None, 'forceLookup': False}}, {'id': 65419, 'key': '3-133287-high', 'lowgrade': False, 'name': 'c007.nag001.jio.isp.nflxvideo.net', 'rank': 3, 'type': 'OPEN_CONNECT_APPLIANCE', 'dns': {'host': 'ipv4-c007-nag001-jio-isp.1.oca.nflxvideo.net', 'ipv4': '49.44.220.90', 'ipv6': None, 'forceLookup': False}}, {'id': 65852, 'key': '4-133287-high', 'lowgrade': False, 'name': 'c005.maa001.jio.isp.nflxvideo.net', 'rank': 4, 'type': 'OPEN_CONNECT_APPLIANCE', 'dns': {'host': 'ipv4-c005-maa001-jio-isp.1.oca.nflxvideo.net', 'ipv4': '49.44.220.114', 'ipv6': None, 'forceLookup': False}}, {'id': 65328, 'key': '5-133287-high', 'lowgrade': False, 'name': 'c001.blr002.jio.isp.nflxvideo.net', 'rank': 5, 'type': 'OPEN_CONNECT_APPLIANCE', 'dns': {'host': 'ipv4-c001-blr002-jio-isp.1.oca.nflxvideo.net', 'ipv4': '49.44.220.86', 'ipv6': None, 'forceLookup': False}}, {'id': 70474, 'key': '6-133287-high', 'lowgrade': False, 'name': 'c005.ccu002.jio.isp.nflxvideo.net', 'rank': 6, 'type': 'OPEN_CONNECT_APPLIANCE', 'dns': {'host': 'ipv4-c005-ccu002-jio-isp.1.oca.nflxvideo.net', 'ipv4': '49.44.188.170', 'ipv6': None, 'forceLookup': False}}, {'id': 68102, 'key': '13-133287-high', 'lowgrade': False, 'name': 'c038.bom001.ix.nflxvideo.net', 'rank': 7, 'type': 'OPEN_CONNECT_APPLIANCE', 'dns': {'host': 'ipv4-c038-bom001-ix.1.oca.nflxvideo.net', 'ipv4': '45.57.51.147', 'ipv6': None, 'forceLookup': False}}, {'id': 71710, 'key': '13-133287-high', 'lowgrade': False, 'name': 'c042.bom001.ix.nflxvideo.net', 'rank': 8, 'type': 'OPEN_CONNECT_APPLIANCE', 'dns': {'host': 'ipv4-c042-bom001-ix.1.oca.nflxvideo.net', 'ipv4': '45.57.50.151', 'ipv6': None, 'forceLookup': False}}, {'id': 67301, 'key': '14-133287-high', 'lowgrade': False, 'name': 'c060.sin001.ix.nflxvideo.net', 'rank': 9, 'type': 'OPEN_CONNECT_APPLIANCE', 'dns': {'host': 'ipv4-c060-sin001-ix.1.oca.nflxvideo.net', 'ipv4': '23.246.55.156', 'ipv6': None, 'forceLookup': False}}], 'locations': [{'key': '1-133287-high', 'rank': 1, 'weight': 280, 'level': 1}, {'key': '2-133287-high', 'rank': 2, 'weight': 260, 'level': 2}, {'key': '3-133287-high', 'rank': 3, 'weight': 240, 'level': 3}, {'key': '4-133287-high', 'rank': 4, 'weight': 220, 'level': 4}, {'key': '5-133287-high', 'rank': 5, 'weight': 200, 'level': 5}, {'key': '6-133287-high', 'rank': 6, 'weight': 180, 'level': 6}, {'key': '13-133287-high', 'rank': 7, 'weight': 160, 'level': 7}, {'key': '14-133287-high', 'rank': 9, 'weight': 120, 'level': 8}], 'cdnResponseData': {'pbcid': '6.MGZu2EcjHcYXl6dNjAP31kz7_LwAX3GPN3Hky9B8bpo'}, 'steeringAdditionalInfo': {'steeringId': '6.MGZu2EcjHcYXl6dNjAP31kz7_LwAX3GPN3Hky9B8bpo', 'additionalGroupNames': [], 'streamingClientConfig': {}}, 'badgingInfo': {'dolbyDigitalAudio': True, 'hdrVideo': False, 'dolbyVisionVideo': False, 'ultraHdVideo': False, '3dVideo': False, 'dolbyAtmosAudio': False, 'assistiveAudio': False, 'sdVideo': True, 'hdVideo': True}, 'audioTextShortcuts': [{'id': '20a5b44c-bc05-4c5a-a5b3-f5db802de85c', 'audioTrackId': 'A:2:1;6;en;1;0;', 'textTrackId': 'T:2:1;1;NONE;0;1;0;'}, {'id': '3a975dce-634d-4a4b-b4bb-50e94832e73f', 'audioTrackId': 'A:2:1;6;en;1;0;', 'textTrackId': 'T:2:1;1;en;0;0;0;'}]}}
2023-05-22 20:06:55,972 - helpers.tracks - INFO - 
Selected Tracks
2023-05-22 20:06:56,032 - services.netflix - INFO - 
Getting KEYS...
2023-05-22 20:06:56,032 - helpers.Parsers.netflix.License - INFO - 
Getting MAIN...
2023-05-22 20:06:56,093 - helpers.Parsers.netflix.MSLClient - DEBUG - Using esn: NFCDIE-03-DB36D42350CD721B4725ABC9705AAF
2023-05-22 20:06:56,094 - helpers.Parsers.netflix.MSLClient - DEBUG - Using profiles: ['playready-h264mpl22-dash', 'playready-h264bpl30-dash', 'playready-h264mpl31-dash', 'ddplus-atmos-dash', 'playready-h264mpl31-dash-prk', 'dfxp-ls-sdh', 'ddplus-5.1hq-dash', 'ddplus-5.1-dash', 'webvtt-lssdh-ios8', 'playready-h264mpl22-dash-prk', 'BIF240', 'ddplus-2.0-dash', 'playready-h264mpl30-dash-prk', 'dd-5.1-dash', 'playready-h264bpl30-dash-prk', 'BIF320', 'playready-h264mpl30-dash']
2023-05-22 20:06:56,094 - helpers.Parsers.netflix.MSLClient - DEBUG - Using the following esn: NFCDIE-03-DB36D42350CD721B4725ABC9705AAF
2023-05-22 20:06:56,094 - helpers.Parsers.netflix.MSLClient - DEBUG - rsa file found
2023-05-22 20:06:56,926 - hpack.table - DEBUG - Resizing header table to 65536 from 4096
2023-05-22 20:06:56,927 - hpack.hpack - DEBUG - HPACK encoding <generator object _check_path_header.<locals>.inner at 0x7fe042e3ce40>
2023-05-22 20:06:56,927 - hpack.hpack - DEBUG - Encoding 65536 with 5 bits
2023-05-22 20:06:56,927 - hpack.hpack - DEBUG - Adding (b':method', b'POST') to the header table
2023-05-22 20:06:56,927 - hpack.hpack - DEBUG - Encoding 3 with 7 bits
2023-05-22 20:06:56,927 - hpack.hpack - DEBUG - Adding (b':scheme', b'https') to the header table
2023-05-22 20:06:56,927 - hpack.hpack - DEBUG - Encoding 7 with 7 bits
2023-05-22 20:06:56,927 - hpack.hpack - DEBUG - Adding (b':authority', b'www.netflix.com') to the header table
2023-05-22 20:06:56,927 - hpack.hpack - DEBUG - Encoding 1 with 6 bits
2023-05-22 20:06:56,927 - hpack.hpack - DEBUG - Encoding 12 with 7 bits
2023-05-22 20:06:56,928 - hpack.hpack - DEBUG - Adding (b':path', b'/nq/msl_v1/cadmium/pbo_licenses/%5E1.0.0/router?reqName=manifest') to the header table
2023-05-22 20:06:56,928 - hpack.hpack - DEBUG - Encoding 4 with 6 bits
2023-05-22 20:06:56,928 - hpack.hpack - DEBUG - Encoding 46 with 7 bits
2023-05-22 20:06:56,928 - hpack.hpack - DEBUG - Adding (b'user-agent', b'python-requests/2.28.1') to the header table
2023-05-22 20:06:56,928 - hpack.hpack - DEBUG - Encoding 58 with 6 bits
2023-05-22 20:06:56,928 - hpack.hpack - DEBUG - Encoding 16 with 7 bits
2023-05-22 20:06:56,928 - hpack.hpack - DEBUG - Adding (b'accept-encoding', b'gzip') to the header table
2023-05-22 20:06:56,928 - hpack.hpack - DEBUG - Encoding 16 with 6 bits
2023-05-22 20:06:56,928 - hpack.hpack - DEBUG - Encoding 3 with 7 bits
2023-05-22 20:06:56,929 - hpack.hpack - DEBUG - Adding (b'accept-encoding', b'deflate') to the header table
2023-05-22 20:06:56,929 - hpack.hpack - DEBUG - Encoding 16 with 6 bits
2023-05-22 20:06:56,929 - hpack.hpack - DEBUG - Encoding 5 with 7 bits
2023-05-22 20:06:56,929 - hpack.hpack - DEBUG - Adding (b'accept-encoding', b'br') to the header table
2023-05-22 20:06:56,929 - hpack.hpack - DEBUG - Encoding 16 with 6 bits
2023-05-22 20:06:56,929 - hpack.hpack - DEBUG - Encoding 2 with 7 bits
2023-05-22 20:06:56,929 - hpack.hpack - DEBUG - Adding (b'accept', b'*/*') to the header table
2023-05-22 20:06:56,929 - hpack.hpack - DEBUG - Encoding 19 with 6 bits
2023-05-22 20:06:56,929 - hpack.hpack - DEBUG - Encoding 3 with 7 bits
2023-05-22 20:06:56,929 - hpack.hpack - DEBUG - Adding (b'content-length', b'4622') to the header table
2023-05-22 20:06:56,930 - hpack.hpack - DEBUG - Encoding 28 with 6 bits
2023-05-22 20:06:56,930 - hpack.hpack - DEBUG - Encoding 3 with 7 bits
2023-05-22 20:06:56,930 - hpack.hpack - DEBUG - Encoded header block to b'?\xe1\xff\x03\x83\x87A\x8c\xf1\xe3\xc2\xf5\x152\xd0o+\x90\xf4\xffD\xaeb\xae\xccR\x8a"\xee\x16\x089)5\xb4\xb1\\g\x8a\x83\x10\xb5 \xa8aV\xf0\x05p.\x06,=\xa9-\x9f\xe5\x85\xed\xa4t\x96\nGQ\xa5*\x13z\x90\xaf\xd2g=KX^\xd6\x95\tC\x02\\O.\x1fP\x83\x9b\xd9\xabP\x85\x90\xb2\xd04\x97P\x82\x8e\xcfS\x83\xf9c\xe7\\\x83i\xc1\x0b'
2023-05-22 20:06:57,996 - hpack.hpack - DEBUG - Decoding b'\x88vHnq_cadmium_pbo_licenses-prod-^1.0.0 012a0dd9-7ea2-4ac4-b6b9-63eb1ec04092_\x10application/jsona\x1dMon, 22 May 2023 14:36:57 GMT@\x1dx-envoy-upstream-service-time\x03113@\x0cx-b3-traceid\x1005d3cef76e91bd0c@\x0cx-request-id$228738b6-c239-4cc2-bd46-3978f70a1b2e@\x1bx-envoy-decorator-operation\x06lo_svc|!2 i-075882e35050f7e36 (us-west-2)@\x10x-xss-protectionL1; mode=block; report=https://www.netflix.com/ichnaea/log/freeform/xssreport@\x16x-content-type-options\x07nosniffx#max-age=31536000; includeSubDomains@\x11x-originating-urlVhttp://www.netflix.com/nq/msl_v1/cadmium/pbo_licenses/%5E1.0.0/router?reqName=manifestw\x7fWnfvdid=BQFmAAEBEOWmMWPdAbIAtxene96WgrNglU-uQIc3j7aEXdxsW5QKp9pbOZSs6YpkfRyizNyNdCWmAGul2tzMQovq_A3TigzM_TrcrHnN7ThKZzfEor_jxO8UFRtGTTy24qCIanbxEKGB5DYou7hyDUBNNi35-gNY; Domain=.netflix.com; Path=/; Max-Age=31536000@\x12x-netflix.nfstatus\x031_1@\x1ex-netflix.proxy.execution-time\x03442@.x-netflix.zuul.netty.content.compressor.target\x04gzipZ\x04gzip'
2023-05-22 20:06:57,997 - hpack.hpack - DEBUG - Decoded 8, consumed 1 bytes
2023-05-22 20:06:57,997 - hpack.hpack - DEBUG - Decoded (b':status', b'200'), consumed 1
2023-05-22 20:06:57,997 - hpack.hpack - DEBUG - Decoded 54, consumed 1 bytes
2023-05-22 20:06:57,997 - hpack.hpack - DEBUG - Decoded 72, consumed 1 bytes
2023-05-22 20:06:57,997 - hpack.hpack - DEBUG - Decoded (b'server', <memory at 0x7fe042fd1540>), total consumed 74 bytes, indexed True
2023-05-22 20:06:57,997 - hpack.hpack - DEBUG - Decoded 31, consumed 1 bytes
2023-05-22 20:06:57,997 - hpack.hpack - DEBUG - Decoded 16, consumed 1 bytes
2023-05-22 20:06:57,997 - hpack.hpack - DEBUG - Decoded (b'content-type', <memory at 0x7fe042fd19c0>), total consumed 18 bytes, indexed True
2023-05-22 20:06:57,997 - hpack.hpack - DEBUG - Decoded 33, consumed 1 bytes
2023-05-22 20:06:57,997 - hpack.hpack - DEBUG - Decoded 29, consumed 1 bytes
2023-05-22 20:06:57,998 - hpack.hpack - DEBUG - Decoded (b'date', <memory at 0x7fe042fd16c0>), total consumed 31 bytes, indexed True
2023-05-22 20:06:57,998 - hpack.hpack - DEBUG - Decoded 29, consumed 1 bytes
2023-05-22 20:06:57,998 - hpack.hpack - DEBUG - Decoded 3, consumed 1 bytes
2023-05-22 20:06:57,998 - hpack.hpack - DEBUG - Decoded (<memory at 0x7fe042fd2200>, <memory at 0x7fe042fd3940>), total consumed 35 bytes, indexed True
2023-05-22 20:06:57,998 - hpack.hpack - DEBUG - Decoded 12, consumed 1 bytes
2023-05-22 20:06:57,998 - hpack.hpack - DEBUG - Decoded 16, consumed 1 bytes
2023-05-22 20:06:57,998 - hpack.hpack - DEBUG - Decoded (<memory at 0x7fe042d1a5c0>, <memory at 0x7fe042fd0a00>), total consumed 31 bytes, indexed True
2023-05-22 20:06:57,998 - hpack.hpack - DEBUG - Decoded 12, consumed 1 bytes
2023-05-22 20:06:57,998 - hpack.hpack - DEBUG - Decoded 36, consumed 1 bytes
2023-05-22 20:06:57,998 - hpack.hpack - DEBUG - Decoded (<memory at 0x7fe042d1a740>, <memory at 0x7fe042d1a680>), total consumed 51 bytes, indexed True
2023-05-22 20:06:57,998 - hpack.hpack - DEBUG - Decoded 27, consumed 1 bytes
2023-05-22 20:06:57,999 - hpack.hpack - DEBUG - Decoded 6, consumed 1 bytes
2023-05-22 20:06:57,999 - hpack.hpack - DEBUG - Decoded (<memory at 0x7fe042d1a980>, <memory at 0x7fe042d1a8c0>), total consumed 36 bytes, indexed True
2023-05-22 20:06:57,999 - hpack.hpack - DEBUG - Decoded 60, consumed 1 bytes
2023-05-22 20:06:57,999 - hpack.hpack - DEBUG - Decoded 33, consumed 1 bytes
2023-05-22 20:06:57,999 - hpack.hpack - DEBUG - Decoded (b'via', <memory at 0x7fe042d1ab00>), total consumed 35 bytes, indexed True
2023-05-22 20:06:57,999 - hpack.hpack - DEBUG - Decoded 16, consumed 1 bytes
2023-05-22 20:06:57,999 - hpack.hpack - DEBUG - Decoded 76, consumed 1 bytes
2023-05-22 20:06:57,999 - hpack.hpack - DEBUG - Decoded (<memory at 0x7fe042d1a800>, <memory at 0x7fe042d1aa40>), total consumed 95 bytes, indexed True
2023-05-22 20:06:57,999 - hpack.hpack - DEBUG - Decoded 22, consumed 1 bytes
2023-05-22 20:06:57,999 - hpack.hpack - DEBUG - Decoded 7, consumed 1 bytes
2023-05-22 20:06:57,999 - hpack.hpack - DEBUG - Decoded (<memory at 0x7fe042d1ac80>, <memory at 0x7fe042d1abc0>), total consumed 32 bytes, indexed True
2023-05-22 20:06:58,000 - hpack.hpack - DEBUG - Decoded 56, consumed 1 bytes
2023-05-22 20:06:58,000 - hpack.hpack - DEBUG - Decoded 35, consumed 1 bytes
2023-05-22 20:06:58,000 - hpack.hpack - DEBUG - Decoded (b'strict-transport-security', <memory at 0x7fe042d1ae00>), total consumed 37 bytes, indexed True
2023-05-22 20:06:58,000 - hpack.hpack - DEBUG - Decoded 17, consumed 1 bytes
2023-05-22 20:06:58,000 - hpack.hpack - DEBUG - Decoded 86, consumed 1 bytes
2023-05-22 20:06:58,000 - hpack.hpack - DEBUG - Decoded (<memory at 0x7fe042d1aec0>, <memory at 0x7fe042d1ad40>), total consumed 106 bytes, indexed True
2023-05-22 20:06:58,000 - hpack.hpack - DEBUG - Decoded 55, consumed 1 bytes
2023-05-22 20:06:58,000 - hpack.hpack - DEBUG - Decoded 214, consumed 2 bytes
2023-05-22 20:06:58,000 - hpack.hpack - DEBUG - Decoded (b'set-cookie', <memory at 0x7fe042d1b040>), total consumed 217 bytes, indexed True
2023-05-22 20:06:58,000 - hpack.hpack - DEBUG - Decoded 18, consumed 1 bytes
2023-05-22 20:06:58,000 - hpack.hpack - DEBUG - Decoded 3, consumed 1 bytes
2023-05-22 20:06:58,001 - hpack.hpack - DEBUG - Decoded (<memory at 0x7fe042d1b100>, <memory at 0x7fe042d1af80>), total consumed 24 bytes, indexed True
2023-05-22 20:06:58,001 - hpack.hpack - DEBUG - Decoded 30, consumed 1 bytes
2023-05-22 20:06:58,001 - hpack.hpack - DEBUG - Decoded 3, consumed 1 bytes
2023-05-22 20:06:58,001 - hpack.hpack - DEBUG - Decoded (<memory at 0x7fe042d1b280>, <memory at 0x7fe042d1b1c0>), total consumed 36 bytes, indexed True
2023-05-22 20:06:58,001 - hpack.hpack - DEBUG - Decoded 46, consumed 1 bytes
2023-05-22 20:06:58,001 - hpack.hpack - DEBUG - Decoded 4, consumed 1 bytes
2023-05-22 20:06:58,001 - hpack.hpack - DEBUG - Decoded (<memory at 0x7fe042d1b400>, <memory at 0x7fe042d1b340>), total consumed 53 bytes, indexed True
2023-05-22 20:06:58,001 - hpack.hpack - DEBUG - Decoded 26, consumed 1 bytes
2023-05-22 20:06:58,001 - hpack.hpack - DEBUG - Decoded 4, consumed 1 bytes
2023-05-22 20:06:58,001 - hpack.hpack - DEBUG - Decoded (b'content-encoding', <memory at 0x7fe042d1b640>), total consumed 6 bytes, indexed True
2023-05-22 20:06:59,139 - urllib3.connectionpool - DEBUG - Starting new HTTPS connection (1): reasons-critics-plugins-ballet.trycloudflare.com:443
2023-05-22 20:07:07,129 - urllib3.connectionpool - DEBUG - https://reasons-critics-plugins-ballet.trycloudflare.com:443 "POST /api HTTP/1.1" 200 None
2023-05-22 20:07:07,143 - hpack.hpack - DEBUG - HPACK encoding <generator object _check_path_header.<locals>.inner at 0x7fe042e3edc0>
2023-05-22 20:07:07,143 - hpack.hpack - DEBUG - Adding (b':method', b'POST') to the header table
2023-05-22 20:07:07,143 - hpack.hpack - DEBUG - Encoding 3 with 7 bits
2023-05-22 20:07:07,143 - hpack.hpack - DEBUG - Adding (b':scheme', b'https') to the header table
2023-05-22 20:07:07,143 - hpack.hpack - DEBUG - Encoding 7 with 7 bits
2023-05-22 20:07:07,143 - hpack.hpack - DEBUG - Adding (b':authority', b'www.netflix.com') to the header table
2023-05-22 20:07:07,143 - hpack.hpack - DEBUG - Encoding 69 with 7 bits
2023-05-22 20:07:07,143 - hpack.hpack - DEBUG - Adding (b':path', b'/nq/msl_v1/cadmium/pbo_licenses/%5E1.0.0/router') to the header table
2023-05-22 20:07:07,143 - hpack.hpack - DEBUG - Encoding 4 with 6 bits
2023-05-22 20:07:07,144 - hpack.hpack - DEBUG - Encoding 34 with 7 bits
2023-05-22 20:07:07,144 - hpack.hpack - DEBUG - Adding (b'user-agent', b'python-requests/2.28.1') to the header table
2023-05-22 20:07:07,144 - hpack.hpack - DEBUG - Encoding 68 with 7 bits
2023-05-22 20:07:07,144 - hpack.hpack - DEBUG - Adding (b'accept-encoding', b'gzip') to the header table
2023-05-22 20:07:07,144 - hpack.hpack - DEBUG - Encoding 67 with 7 bits
2023-05-22 20:07:07,144 - hpack.hpack - DEBUG - Adding (b'accept-encoding', b'deflate') to the header table
2023-05-22 20:07:07,144 - hpack.hpack - DEBUG - Encoding 66 with 7 bits
2023-05-22 20:07:07,144 - hpack.hpack - DEBUG - Adding (b'accept-encoding', b'br') to the header table
2023-05-22 20:07:07,144 - hpack.hpack - DEBUG - Encoding 65 with 7 bits
2023-05-22 20:07:07,145 - hpack.hpack - DEBUG - Adding (b'accept', b'*/*') to the header table
2023-05-22 20:07:07,145 - hpack.hpack - DEBUG - Encoding 64 with 7 bits
2023-05-22 20:07:07,145 - hpack.hpack - DEBUG - Adding (b'content-length', b'17538') to the header table
2023-05-22 20:07:07,145 - hpack.hpack - DEBUG - Encoding 28 with 6 bits
2023-05-22 20:07:07,145 - hpack.hpack - DEBUG - Encoding 4 with 7 bits
2023-05-22 20:07:07,145 - hpack.hpack - DEBUG - Encoded header block to b'\x83\x87\xc5D\xa2b\xae\xccR\x8a"\xee\x16\x089)5\xb4\xb1\\g\x8a\x83\x10\xb5 \xa8aV\xf0\x05p.\x06,=\xa9-\x9f\xc4\xc3\xc2\xc1\xc0\\\x84\x0b\xad\xb2\xf7'
2023-05-22 20:07:08,109 - hpack.hpack - DEBUG - Decoding b'\x88\xce\xcda\x1dMon, 22 May 2023 14:37:07 GMT\x7f\r\x0247\x7f\r\x10db6301a0e38b2871\x7f\r$25fb3bc5-57f4-464a-91b3-bce5b60d2dbf\xcc\xcb\xca\xc9\xc8\x7f\x08Ehttp://www.netflix.com/nq/msl_v1/cadmium/pbo_licenses/%5E1.0.0/routerw\x7fWnfvdid=BQFmAAEBEGcuoYdgJ55lBb9MFS7D7XlgIKbuhbMRUYEJl3clzWNeapokmVUiLj49M1A60b_8Ke6KuEqWaHybWXJoiv29LY-OAPhC-tXRL-WFHjBzmuz8gjNN5e5s1nUdFwIsZu81lI_nw4wcdZKA6Qa1nf2YQE1I; Domain=.netflix.com; Path=/; Max-Age=31536000\xc7\x7f\x07\x03687\xc6\xc5'
2023-05-22 20:07:08,109 - hpack.hpack - DEBUG - Decoded 8, consumed 1 bytes
2023-05-22 20:07:08,109 - hpack.hpack - DEBUG - Decoded (b':status', b'200'), consumed 1
2023-05-22 20:07:08,110 - hpack.hpack - DEBUG - Decoded 78, consumed 1 bytes
2023-05-22 20:07:08,110 - hpack.hpack - DEBUG - Decoded (b'server', <memory at 0x7fe042fd1540>), consumed 1
2023-05-22 20:07:08,110 - hpack.hpack - DEBUG - Decoded 77, consumed 1 bytes
2023-05-22 20:07:08,110 - hpack.hpack - DEBUG - Decoded (b'content-type', <memory at 0x7fe042fd19c0>), consumed 1
2023-05-22 20:07:08,110 - hpack.hpack - DEBUG - Decoded 33, consumed 1 bytes
2023-05-22 20:07:08,110 - hpack.hpack - DEBUG - Decoded 29, consumed 1 bytes
2023-05-22 20:07:08,110 - hpack.hpack - DEBUG - Decoded (b'date', <memory at 0x7fe042d1bb80>), total consumed 31 bytes, indexed True
2023-05-22 20:07:08,110 - hpack.hpack - DEBUG - Decoded 76, consumed 2 bytes
2023-05-22 20:07:08,110 - hpack.hpack - DEBUG - Decoded 2, consumed 1 bytes
2023-05-22 20:07:08,110 - hpack.hpack - DEBUG - Decoded (<memory at 0x7fe042fd2200>, <memory at 0x7fe042d1bdc0>), total consumed 5 bytes, indexed True
2023-05-22 20:07:08,111 - hpack.hpack - DEBUG - Decoded 76, consumed 2 bytes
2023-05-22 20:07:08,111 - hpack.hpack - DEBUG - Decoded 16, consumed 1 bytes
2023-05-22 20:07:08,111 - hpack.hpack - DEBUG - Decoded (<memory at 0x7fe042d1a5c0>, <memory at 0x7fe042d1be80>), total consumed 19 bytes, indexed True
2023-05-22 20:07:08,111 - hpack.hpack - DEBUG - Decoded 76, consumed 2 bytes
2023-05-22 20:07:08,111 - hpack.hpack - DEBUG - Decoded 36, consumed 1 bytes
2023-05-22 20:07:08,111 - hpack.hpack - DEBUG - Decoded (<memory at 0x7fe042d1a740>, <memory at 0x7fe042d1bf40>), total consumed 39 bytes, indexed True
2023-05-22 20:07:08,111 - hpack.hpack - DEBUG - Decoded 76, consumed 1 bytes
2023-05-22 20:07:08,111 - hpack.hpack - DEBUG - Decoded (<memory at 0x7fe042d1a980>, <memory at 0x7fe042d1a8c0>), consumed 1
2023-05-22 20:07:08,111 - hpack.hpack - DEBUG - Decoded 75, consumed 1 bytes
2023-05-22 20:07:08,111 - hpack.hpack - DEBUG - Decoded (b'via', <memory at 0x7fe042d1ab00>), consumed 1
2023-05-22 20:07:08,111 - hpack.hpack - DEBUG - Decoded 74, consumed 1 bytes
2023-05-22 20:07:08,112 - hpack.hpack - DEBUG - Decoded (<memory at 0x7fe042d1a800>, <memory at 0x7fe042d1aa40>), consumed 1
2023-05-22 20:07:08,112 - hpack.hpack - DEBUG - Decoded 73, consumed 1 bytes
2023-05-22 20:07:08,112 - hpack.hpack - DEBUG - Decoded (<memory at 0x7fe042d1ac80>, <memory at 0x7fe042d1abc0>), consumed 1
2023-05-22 20:07:08,112 - hpack.hpack - DEBUG - Decoded 72, consumed 1 bytes
2023-05-22 20:07:08,112 - hpack.hpack - DEBUG - Decoded (b'strict-transport-security', <memory at 0x7fe042d1ae00>), consumed 1
2023-05-22 20:07:08,112 - hpack.hpack - DEBUG - Decoded 71, consumed 2 bytes
2023-05-22 20:07:08,112 - hpack.hpack - DEBUG - Decoded 69, consumed 1 bytes
2023-05-22 20:07:08,112 - hpack.hpack - DEBUG - Decoded (<memory at 0x7fe042d1aec0>, <memory at 0x7fe042d1bc40>), total consumed 72 bytes, indexed True
2023-05-22 20:07:08,112 - hpack.hpack - DEBUG - Decoded 55, consumed 1 bytes
2023-05-22 20:07:08,112 - hpack.hpack - DEBUG - Decoded 214, consumed 2 bytes
2023-05-22 20:07:08,112 - hpack.hpack - DEBUG - Decoded (b'set-cookie', <memory at 0x7fe042de0040>), total consumed 217 bytes, indexed True
2023-05-22 20:07:08,113 - hpack.hpack - DEBUG - Decoded 71, consumed 1 bytes
2023-05-22 20:07:08,113 - hpack.hpack - DEBUG - Decoded (<memory at 0x7fe042d1b100>, <memory at 0x7fe042d1af80>), consumed 1
2023-05-22 20:07:08,113 - hpack.hpack - DEBUG - Decoded 70, consumed 2 bytes
2023-05-22 20:07:08,113 - hpack.hpack - DEBUG - Decoded 3, consumed 1 bytes
2023-05-22 20:07:08,113 - hpack.hpack - DEBUG - Decoded (<memory at 0x7fe042d1b280>, <memory at 0x7fe042de0100>), total consumed 6 bytes, indexed True
2023-05-22 20:07:08,113 - hpack.hpack - DEBUG - Decoded 70, consumed 1 bytes
2023-05-22 20:07:08,113 - hpack.hpack - DEBUG - Decoded (<memory at 0x7fe042d1b400>, <memory at 0x7fe042d1b340>), consumed 1
2023-05-22 20:07:08,113 - hpack.hpack - DEBUG - Decoded 69, consumed 1 bytes
2023-05-22 20:07:08,113 - hpack.hpack - DEBUG - Decoded (b'content-encoding', <memory at 0x7fe042d1b640>), consumed 1
2023-05-22 20:07:15,111 - urllib3.connectionpool - DEBUG - https://reasons-critics-plugins-ballet.trycloudflare.com:443 "POST /api HTTP/1.1" 200 None
2023-05-22 20:07:15,113 - helpers.wvdownloader - INFO - 
Decrypting: Rick and Morty S01E01 Pilot 1080 [AVC]-encrypted.mp4
2023-05-22 20:07:15,113 - helpers.wvdownloader - INFO - 0000000003f748a20000000000000000:6f8481b4ad038b095c583048e390b4fc
2023-05-22 20:07:15,233 - helpers.wvdownloader - INFO - Using Matched Keys according to encrypted file KID
2023-05-22 20:07:15,233 - helpers.wvdownloader - INFO - 0000000003f748a20000000000000000:6f8481b4ad038b095c583048e390b4fc
2023-05-22 20:07:18,411 - helpers.wvdownloader - INFO - Done!
2023-05-22 20:07:18,684 - helpers.wvdownloader - INFO - 
Cleaning: Rick and Morty S01E01 Pilot 1080 [AVC]-decrypted.mp4
2023-05-22 20:07:22,853 - helpers.wvdownloader - INFO - Done!
2023-05-22 20:07:22,864 - helpers.wvdownloader - INFO - 
Downloading: Rick and Morty S01E01 Pilot eng-dialog-encrypted.mp4
2023-05-22 20:07:22,864 - helpers.wvdownloader - INFO - 
Downloading: https://ipv4-c001-rja001-apsfl-isp.1.oca.nflxvideo.net/?o=1&v=146&e=1684809414&t=PMPD69VlvKoIBUVK-Q1YT5gEQ3CgcRtoHevIp9PpLjdLogWQG7nMee6rvOLHCU8k9iNGF5yR740CVRFuUHu97gs3Yn_PBoo4NFtFJI-5XTh1zZHkWtxLnW8v_okV6xDSNzn4N5JVAK8OBaH3bpb5-rXJiE9Mi5MN5I_LQ3pzhaQ57KZNdCU5E1G3dTj1ea483RXpVH4mv0QmXmTYm-Oxp0GeyyKaKbTwF6DLK1u9ATfjBh0R5c4
2023-05-22 20:07:39,127 - helpers.wvdownloader - INFO - 
Cleaning: Rick and Morty S01E01 Pilot eng-dialog-encrypted.mp4
2023-05-22 20:07:40,150 - helpers.wvdownloader - INFO - Done!
2023-05-22 20:07:40,150 - helpers.wvdownloader - INFO - Downloading: Rick and Morty S01E01 Pilot eng-cc.sub
2023-05-22 20:07:40,152 - urllib3.connectionpool - DEBUG - Starting new HTTPS connection (1): ipv4-c001-rja001-apsfl-isp.1.oca.nflxvideo.net:443
2023-05-22 20:07:40,528 - urllib3.connectionpool - DEBUG - https://ipv4-c001-rja001-apsfl-isp.1.oca.nflxvideo.net:443 "GET /?o=1&v=146&e=1684809414&t=1Qwcf-yz4pa0I9BDmd-TQW3EUACWDBShLz-B80zphSBVeGp2Hij6eRHMb0Ly6OikfvjcwgmuRB8Jyfs2QphLbWFiD-HIRj4At58nE0RsHznl0jKWcJ_vLOi6NSXsgswyf81Fvuwj1H6cGYzI115z0Ps9b8iEL-BUODb5jigPFRtKmZrVR8bQILu-DKyFoyxxruwwl5UanyKVajmHUZgMyilreK4x5DkiE6v83HBKsbaamg HTTP/1.1" 200 60204
2023-05-22 20:07:40,803 - utils.modules.pymkverge.mkvmerge - DEBUG - Muxing command: ['mkvmerge', '--output', '/home/mm/Desktop/WVRipper.NF.API/NETFLIX/[OUTPUT]/Rick.and.Morty.S01.1080p.NF.WEB-DL.DDP5.1.x264-NONE/Rick.and.Morty.S01E01.Pilot.1080p.NF.WEB-DL.DDP5.1.x264-NONE.mkv', '--language', '0:und', '--default-track', '0:yes', '(', 'Rick and Morty S01E01 Pilot 1080 [AVC]-cleaned.mp4', ')', '--language', '0:eng', '--track-name', '0:English', '--forced-track', '0:no', '--default-track', '0:no', '(', 'Rick and Morty S01E01 Pilot eng-dialog.eac3', ')', '--language', '0:eng', '--track-name', '0:English [CC]', '--forced-track', '0:no', '--default-track', '0:no', '--compression', '0:none', '(', 'Rick and Morty S01E01 Pilot eng-cc.srt', ')']
2023-05-22 20:07:41,235 - utils.modules.pymkverge.utils - INFO - 
Start Muxing...
2023-05-22 20:07:43,181 - utils.modules.pymkverge.utils - INFO - 
2023-05-22 20:07:43,414 - services.netflix - INFO - Done!
