2023-05-22 20:04:05,151 - helpers.Utils.ProxyHandler - INFO - Getting IP...
2023-05-22 20:04:05,153 - urllib3.connectionpool - DEBUG - Starting new HTTPS connection (1): ipinfo.io:443
2023-05-22 20:04:05,609 - urllib3.connectionpool - DEBUG - https://ipinfo.io:443 "GET /json HTTP/1.1" 200 None
2023-05-22 20:04:06,523 - urllib3.util.retry - DEBUG - Converted retries value: 5 -> Retry(total=5, connect=None, read=None, redirect=None, status=None)
2023-05-22 20:04:06,523 - services.netflix - INFO - Getting Metadata...
2023-05-22 20:04:06,525 - urllib3.connectionpool - DEBUG - Starting new HTTPS connection (1): www.netflix.com:443
2023-05-22 20:04:12,574 - urllib3.connectionpool - DEBUG - https://www.netflix.com:443 "GET /nq/website/memberapi/v074af8b7/metadata?movieid=80014749&drmSystem=widevine&isWatchlistEnabled=false&isShortformEnabled=false&isVolatileBillboardsEnabled=false&languages=en HTTP/1.1" 200 None
2023-05-22 20:04:12,864 - titlecase - DEBUG - Rick and Morty
2023-05-22 20:04:12,865 - titlecase - DEBUG - Pilot
2023-05-22 20:04:12,865 - titlecase - DEBUG - Lawnmower Dog
2023-05-22 20:04:12,865 - titlecase - DEBUG - Anatomy Park
2023-05-22 20:04:12,866 - titlecase - DEBUG - Shaym
2023-05-22 20:04:12,866 - titlecase - DEBUG - Aliens!
2023-05-22 20:04:12,866 - titlecase - DEBUG - M. Night Shaym-Aliens!
2023-05-22 20:04:12,866 - titlecase - DEBUG - Meeseeks and Destroy
2023-05-22 20:04:12,866 - titlecase - DEBUG - Rick Potion #9
2023-05-22 20:04:12,866 - titlecase - DEBUG - Raising Gazorpazorp
2023-05-22 20:04:12,867 - titlecase - DEBUG - Rixty Minutes
2023-05-22 20:04:12,867 - titlecase - DEBUG - Something Ricked This Way Comes
2023-05-22 20:04:12,867 - titlecase - DEBUG - Rick
2023-05-22 20:04:12,867 - titlecase - DEBUG - Counters
2023-05-22 20:04:12,868 - titlecase - DEBUG - Close Rick-Counters of the Rick Kind
2023-05-22 20:04:12,868 - titlecase - DEBUG - Ricksy Business
2023-05-22 20:04:12,868 - titlecase - DEBUG - A Rickle in Time
2023-05-22 20:04:12,868 - titlecase - DEBUG - Mortynight Run
2023-05-22 20:04:12,868 - titlecase - DEBUG - Auto Erotic Assimilation
2023-05-22 20:04:12,869 - titlecase - DEBUG - Total Rickall
2023-05-22 20:04:12,869 - titlecase - DEBUG - Get Schwifty
2023-05-22 20:04:12,869 - titlecase - DEBUG - The Ricks Must Be Crazy
2023-05-22 20:04:12,869 - titlecase - DEBUG - Big Trouble in Little Sanchez
2023-05-22 20:04:12,870 - titlecase - DEBUG - Interdimensional Cable 2 Tempting Fate
2023-05-22 20:04:12,870 - titlecase - DEBUG - Look Whos Purging Now
2023-05-22 20:04:12,870 - titlecase - DEBUG - The Wedding Squanchers
2023-05-22 20:04:12,870 - titlecase - DEBUG - The Rickshank Rickdemption
2023-05-22 20:04:12,871 - titlecase - DEBUG - Rickmancing the Stone
2023-05-22 20:04:12,871 - titlecase - DEBUG - Pickle Rick
2023-05-22 20:04:12,871 - titlecase - DEBUG - Vindicators 3 the Return of Worldender
2023-05-22 20:04:12,871 - titlecase - DEBUG - The Whirly Dirly Conspiracy
2023-05-22 20:04:12,871 - titlecase - DEBUG - Rest and Ricklaxation
2023-05-22 20:04:12,872 - titlecase - DEBUG - The Ricklantis Mixup
2023-05-22 20:04:12,872 - titlecase - DEBUG - Mortys Mind Blowers
2023-05-22 20:04:12,872 - titlecase - DEBUG - The ABCs of Beth
2023-05-22 20:04:12,872 - titlecase - DEBUG - The Rickchurian Mortydate
2023-05-22 20:04:12,873 - titlecase - DEBUG - Edge of Tomorty Rick Die Rickpeat
2023-05-22 20:04:12,873 - titlecase - DEBUG - The Old Man and the Seat
2023-05-22 20:04:12,873 - titlecase - DEBUG - One Crew Over the Crewcoos Morty
2023-05-22 20:04:12,873 - titlecase - DEBUG - Claw and Hoarder Special Ricktims Morty
2023-05-22 20:04:12,874 - titlecase - DEBUG - Rattlestar Ricklactica
2023-05-22 20:04:12,874 - titlecase - DEBUG - Never Ricking Morty
2023-05-22 20:04:12,874 - titlecase - DEBUG - Promortyus
2023-05-22 20:04:12,874 - titlecase - DEBUG - The Vat of Acid Episode
2023-05-22 20:04:12,874 - titlecase - DEBUG - Childrick of Mort
2023-05-22 20:04:12,875 - titlecase - DEBUG - Star Mort Rick Turn of the Jerri
2023-05-22 20:04:12,875 - titlecase - DEBUG - Mort Dinner Rick Andre
2023-05-22 20:04:12,875 - titlecase - DEBUG - Mortyplicity
2023-05-22 20:04:12,875 - titlecase - DEBUG - A Rickconvenient Mort
2023-05-22 20:04:12,876 - titlecase - DEBUG - Rickdependence Spray
2023-05-22 20:04:12,876 - titlecase - DEBUG - Amortycan Grickfitti
2023-05-22 20:04:12,876 - titlecase - DEBUG - Rick and Mortys Thanksploitation Spectacular
2023-05-22 20:04:12,876 - titlecase - DEBUG - GoTron Jerrysis Rickvangelian
2023-05-22 20:04:12,877 - titlecase - DEBUG - Rickternal Friendshine of the Spotless Mort
2023-05-22 20:04:12,877 - titlecase - DEBUG - Forgetting Sarick Mortshall
2023-05-22 20:04:12,877 - titlecase - DEBUG - Rickmurai Jack
2023-05-22 20:04:12,877 - titlecase - DEBUG - Solaricks
2023-05-22 20:04:12,877 - titlecase - DEBUG - Rick a Mort Well Lived
2023-05-22 20:04:12,878 - titlecase - DEBUG - Bethic Twinstinct
2023-05-22 20:04:12,878 - titlecase - DEBUG - Night Family
2023-05-22 20:04:12,878 - titlecase - DEBUG - Final DeSmithation
2023-05-22 20:04:12,878 - titlecase - DEBUG - JuRicksic Mort
2023-05-22 20:04:12,878 - titlecase - DEBUG - Full Meta JackRick
2023-05-22 20:04:12,879 - titlecase - DEBUG - Analyze Piss
2023-05-22 20:04:12,879 - titlecase - DEBUG - A Rick in King Morturs Mort
2023-05-22 20:04:12,879 - titlecase - DEBUG - Ricktional Mortpoons Rickmas Mortcation
2023-05-22 20:04:12,880 - services.netflix - INFO - 
Total items will be downloaded : 1
2023-05-22 20:04:12,880 - services.netflix - INFO - 
Ripping : 01 of 01
2023-05-22 20:04:12,880 - titlecase - DEBUG - Rick and Morty S01E01 Pilot
2023-05-22 20:04:12,881 - helpers.Parsers.netflix.Manifest - INFO - Getting MAIN Profile Manifest...
2023-05-22 20:04:12,951 - helpers.Parsers.netflix.MSLClient - DEBUG - Using esn: NFCDIE-03-6B5A5A0FB66D3888EF66274C93FE1B
2023-05-22 20:04:12,951 - helpers.Parsers.netflix.MSLClient - DEBUG - Using profiles: ['playready-h264mpl40-dash-prk', 'playready-h264bpl30-dash-prk', 'dd-5.1-dash', 'ddplus-5.1-dash', 'playready-h264bpl30-dash', 'dfxp-ls-sdh', 'playready-h264mpl40-dash', 'playready-h264mpl41-dash-prk', 'playready-h264mpl41-dash', 'ddplus-2.0-dash', 'playready-h264mpl22-dash-prk', 'playready-h264mpl30-dash', 'playready-h264mpl30-dash-prk', 'ddplus-atmos-dash', 'BIF320', 'BIF240', 'webvtt-lssdh-ios8', 'ddplus-5.1hq-dash', 'playready-h264mpl22-dash']
2023-05-22 20:04:12,951 - helpers.Parsers.netflix.MSLClient - DEBUG - Using the following esn: NFCDIE-03-6B5A5A0FB66D3888EF66274C93FE1B
2023-05-22 20:04:12,951 - helpers.Parsers.netflix.MSLClient - DEBUG - rsa file found
2023-05-22 20:04:13,898 - hpack.table - DEBUG - Resizing header table to 65536 from 4096
2023-05-22 20:04:13,898 - hpack.hpack - DEBUG - HPACK encoding <generator object _check_path_header.<locals>.inner at 0x7f375d1a2880>
2023-05-22 20:04:13,899 - hpack.hpack - DEBUG - Encoding 65536 with 5 bits
2023-05-22 20:04:13,899 - hpack.hpack - DEBUG - Adding (b':method', b'POST') to the header table
2023-05-22 20:04:13,899 - hpack.hpack - DEBUG - Encoding 3 with 7 bits
2023-05-22 20:04:13,899 - hpack.hpack - DEBUG - Adding (b':scheme', b'https') to the header table
2023-05-22 20:04:13,899 - hpack.hpack - DEBUG - Encoding 7 with 7 bits
2023-05-22 20:04:13,899 - hpack.hpack - DEBUG - Adding (b':authority', b'www.netflix.com') to the header table
2023-05-22 20:04:13,899 - hpack.hpack - DEBUG - Encoding 1 with 6 bits
2023-05-22 20:04:13,900 - hpack.hpack - DEBUG - Encoding 12 with 7 bits
2023-05-22 20:04:13,900 - hpack.hpack - DEBUG - Adding (b':path', b'/nq/msl_v1/cadmium/pbo_licenses/%5E1.0.0/router?reqName=manifest') to the header table
2023-05-22 20:04:13,900 - hpack.hpack - DEBUG - Encoding 4 with 6 bits
2023-05-22 20:04:13,900 - hpack.hpack - DEBUG - Encoding 46 with 7 bits
2023-05-22 20:04:13,900 - hpack.hpack - DEBUG - Adding (b'user-agent', b'python-requests/2.28.1') to the header table
2023-05-22 20:04:13,900 - hpack.hpack - DEBUG - Encoding 58 with 6 bits
2023-05-22 20:04:13,900 - hpack.hpack - DEBUG - Encoding 16 with 7 bits
2023-05-22 20:04:13,900 - hpack.hpack - DEBUG - Adding (b'accept-encoding', b'gzip') to the header table
2023-05-22 20:04:13,900 - hpack.hpack - DEBUG - Encoding 16 with 6 bits
2023-05-22 20:04:13,900 - hpack.hpack - DEBUG - Encoding 3 with 7 bits
2023-05-22 20:04:13,900 - hpack.hpack - DEBUG - Adding (b'accept-encoding', b'deflate') to the header table
2023-05-22 20:04:13,900 - hpack.hpack - DEBUG - Encoding 16 with 6 bits
2023-05-22 20:04:13,900 - hpack.hpack - DEBUG - Encoding 5 with 7 bits
2023-05-22 20:04:13,900 - hpack.hpack - DEBUG - Adding (b'accept-encoding', b'br') to the header table
2023-05-22 20:04:13,900 - hpack.hpack - DEBUG - Encoding 16 with 6 bits
2023-05-22 20:04:13,901 - hpack.hpack - DEBUG - Encoding 2 with 7 bits
2023-05-22 20:04:13,901 - hpack.hpack - DEBUG - Adding (b'accept', b'*/*') to the header table
2023-05-22 20:04:13,901 - hpack.hpack - DEBUG - Encoding 19 with 6 bits
2023-05-22 20:04:13,901 - hpack.hpack - DEBUG - Encoding 3 with 7 bits
2023-05-22 20:04:13,901 - hpack.hpack - DEBUG - Adding (b'content-length', b'4766') to the header table
2023-05-22 20:04:13,901 - hpack.hpack - DEBUG - Encoding 28 with 6 bits
2023-05-22 20:04:13,901 - hpack.hpack - DEBUG - Encoding 3 with 7 bits
2023-05-22 20:04:13,901 - hpack.hpack - DEBUG - Encoded header block to b'?\xe1\xff\x03\x83\x87A\x8c\xf1\xe3\xc2\xf5\x152\xd0o+\x90\xf4\xffD\xaeb\xae\xccR\x8a"\xee\x16\x089)5\xb4\xb1\\g\x8a\x83\x10\xb5 \xa8aV\xf0\x05p.\x06,=\xa9-\x9f\xe5\x85\xed\xa4t\x96\nGQ\xa5*\x13z\x90\xaf\xd2g=KX^\xd6\x95\tC\x02\\O.\x1fP\x83\x9b\xd9\xabP\x85\x90\xb2\xd04\x97P\x82\x8e\xcfS\x83\xf9c\xe7\\\x83i\xd7\x1c'
2023-05-22 20:04:14,657 - hpack.hpack - DEBUG - Decoding b'\x88vHnq_cadmium_pbo_licenses-prod-^1.0.0 012a0dd9-7ea2-4ac4-b6b9-63eb1ec04092_\x10application/jsona\x1dMon, 22 May 2023 14:34:14 GMT@\x1dx-envoy-upstream-service-time\x0278@\x0cx-b3-traceid\x10977e43f2c58d8fca@\x0cx-request-id$32d1a4ee-6dd3-4adf-a44c-5b9a73800b09@\x1bx-envoy-decorator-operation\x06lo_svc|!2 i-0ae3b151bd2ddb616 (us-west-2)@\x10x-xss-protectionL1; mode=block; report=https://www.netflix.com/ichnaea/log/freeform/xssreport@\x16x-content-type-options\x07nosniffx#max-age=31536000; includeSubDomains@\x11x-originating-urlVhttp://www.netflix.com/nq/msl_v1/cadmium/pbo_licenses/%5E1.0.0/router?reqName=manifestw\x7fWnfvdid=BQFmAAEBEMM9iYwhpaasdmmLhxo81cZgqjgGJhMNnZGAKmcrzSLmPj2iA6ZjmWo1wcB3niEyGJxdt60Y106Aoc1Php_zt9Hf8PcNwsDE9vmjvYXXjCGNwMDVJ1kjqwPlrMt5u-pYiSnzJlrUsVork8F_8-0NX1iK; Domain=.netflix.com; Path=/; Max-Age=31536000@\x12x-netflix.nfstatus\x031_1@\x1ex-netflix.proxy.execution-time\x03399@.x-netflix.zuul.netty.content.compressor.target\x04gzipZ\x04gzip'
2023-05-22 20:04:14,657 - hpack.hpack - DEBUG - Decoded 8, consumed 1 bytes
2023-05-22 20:04:14,657 - hpack.hpack - DEBUG - Decoded (b':status', b'200'), consumed 1
2023-05-22 20:04:14,657 - hpack.hpack - DEBUG - Decoded 54, consumed 1 bytes
2023-05-22 20:04:14,657 - hpack.hpack - DEBUG - Decoded 72, consumed 1 bytes
2023-05-22 20:04:14,657 - hpack.hpack - DEBUG - Decoded (b'server', <memory at 0x7f375d1b0dc0>), total consumed 74 bytes, indexed True
2023-05-22 20:04:14,658 - hpack.hpack - DEBUG - Decoded 31, consumed 1 bytes
2023-05-22 20:04:14,658 - hpack.hpack - DEBUG - Decoded 16, consumed 1 bytes
2023-05-22 20:04:14,658 - hpack.hpack - DEBUG - Decoded (b'content-type', <memory at 0x7f375d1b0e80>), total consumed 18 bytes, indexed True
2023-05-22 20:04:14,658 - hpack.hpack - DEBUG - Decoded 33, consumed 1 bytes
2023-05-22 20:04:14,658 - hpack.hpack - DEBUG - Decoded 29, consumed 1 bytes
2023-05-22 20:04:14,658 - hpack.hpack - DEBUG - Decoded (b'date', <memory at 0x7f375d1b0f40>), total consumed 31 bytes, indexed True
2023-05-22 20:04:14,658 - hpack.hpack - DEBUG - Decoded 29, consumed 1 bytes
2023-05-22 20:04:14,658 - hpack.hpack - DEBUG - Decoded 2, consumed 1 bytes
2023-05-22 20:04:14,658 - hpack.hpack - DEBUG - Decoded (<memory at 0x7f375d1b1000>, <memory at 0x7f375d1b0d00>), total consumed 34 bytes, indexed True
2023-05-22 20:04:14,658 - hpack.hpack - DEBUG - Decoded 12, consumed 1 bytes
2023-05-22 20:04:14,659 - hpack.hpack - DEBUG - Decoded 16, consumed 1 bytes
2023-05-22 20:04:14,659 - hpack.hpack - DEBUG - Decoded (<memory at 0x7f375d1b1180>, <memory at 0x7f375d1b10c0>), total consumed 31 bytes, indexed True
2023-05-22 20:04:14,659 - hpack.hpack - DEBUG - Decoded 12, consumed 1 bytes
2023-05-22 20:04:14,659 - hpack.hpack - DEBUG - Decoded 36, consumed 1 bytes
2023-05-22 20:04:14,659 - hpack.hpack - DEBUG - Decoded (<memory at 0x7f375d1b1300>, <memory at 0x7f375d1b1240>), total consumed 51 bytes, indexed True
2023-05-22 20:04:14,659 - hpack.hpack - DEBUG - Decoded 27, consumed 1 bytes
2023-05-22 20:04:14,659 - hpack.hpack - DEBUG - Decoded 6, consumed 1 bytes
2023-05-22 20:04:14,659 - hpack.hpack - DEBUG - Decoded (<memory at 0x7f375d1b1480>, <memory at 0x7f375d1b13c0>), total consumed 36 bytes, indexed True
2023-05-22 20:04:14,659 - hpack.hpack - DEBUG - Decoded 60, consumed 1 bytes
2023-05-22 20:04:14,659 - hpack.hpack - DEBUG - Decoded 33, consumed 1 bytes
2023-05-22 20:04:14,660 - hpack.hpack - DEBUG - Decoded (b'via', <memory at 0x7f375d1b1600>), total consumed 35 bytes, indexed True
2023-05-22 20:04:14,660 - hpack.hpack - DEBUG - Decoded 16, consumed 1 bytes
2023-05-22 20:04:14,660 - hpack.hpack - DEBUG - Decoded 76, consumed 1 bytes
2023-05-22 20:04:14,660 - hpack.hpack - DEBUG - Decoded (<memory at 0x7f375d1b16c0>, <memory at 0x7f375d1b1540>), total consumed 95 bytes, indexed True
2023-05-22 20:04:14,660 - hpack.hpack - DEBUG - Decoded 22, consumed 1 bytes
2023-05-22 20:04:14,660 - hpack.hpack - DEBUG - Decoded 7, consumed 1 bytes
2023-05-22 20:04:14,660 - hpack.hpack - DEBUG - Decoded (<memory at 0x7f375d1b1840>, <memory at 0x7f375d1b1780>), total consumed 32 bytes, indexed True
2023-05-22 20:04:14,660 - hpack.hpack - DEBUG - Decoded 56, consumed 1 bytes
2023-05-22 20:04:14,660 - hpack.hpack - DEBUG - Decoded 35, consumed 1 bytes
2023-05-22 20:04:14,660 - hpack.hpack - DEBUG - Decoded (b'strict-transport-security', <memory at 0x7f375d1b19c0>), total consumed 37 bytes, indexed True
2023-05-22 20:04:14,660 - hpack.hpack - DEBUG - Decoded 17, consumed 1 bytes
2023-05-22 20:04:14,661 - hpack.hpack - DEBUG - Decoded 86, consumed 1 bytes
2023-05-22 20:04:14,661 - hpack.hpack - DEBUG - Decoded (<memory at 0x7f375d1b1a80>, <memory at 0x7f375d1b1900>), total consumed 106 bytes, indexed True
2023-05-22 20:04:14,661 - hpack.hpack - DEBUG - Decoded 55, consumed 1 bytes
2023-05-22 20:04:14,661 - hpack.hpack - DEBUG - Decoded 214, consumed 2 bytes
2023-05-22 20:04:14,661 - hpack.hpack - DEBUG - Decoded (b'set-cookie', <memory at 0x7f375d1b1c00>), total consumed 217 bytes, indexed True
2023-05-22 20:04:14,661 - hpack.hpack - DEBUG - Decoded 18, consumed 1 bytes
2023-05-22 20:04:14,661 - hpack.hpack - DEBUG - Decoded 3, consumed 1 bytes
2023-05-22 20:04:14,661 - hpack.hpack - DEBUG - Decoded (<memory at 0x7f375d1b1cc0>, <memory at 0x7f375d1b1b40>), total consumed 24 bytes, indexed True
2023-05-22 20:04:14,661 - hpack.hpack - DEBUG - Decoded 30, consumed 1 bytes
2023-05-22 20:04:14,661 - hpack.hpack - DEBUG - Decoded 3, consumed 1 bytes
2023-05-22 20:04:14,661 - hpack.hpack - DEBUG - Decoded (<memory at 0x7f375d1b1e40>, <memory at 0x7f375d1b1d80>), total consumed 36 bytes, indexed True
2023-05-22 20:04:14,662 - hpack.hpack - DEBUG - Decoded 46, consumed 1 bytes
2023-05-22 20:04:14,662 - hpack.hpack - DEBUG - Decoded 4, consumed 1 bytes
2023-05-22 20:04:14,662 - hpack.hpack - DEBUG - Decoded (<memory at 0x7f375d1b1fc0>, <memory at 0x7f375d1b1f00>), total consumed 53 bytes, indexed True
2023-05-22 20:04:14,662 - hpack.hpack - DEBUG - Decoded 26, consumed 1 bytes
2023-05-22 20:04:14,662 - hpack.hpack - DEBUG - Decoded 4, consumed 1 bytes
2023-05-22 20:04:14,662 - hpack.hpack - DEBUG - Decoded (b'content-encoding', <memory at 0x7f375d1b2200>), total consumed 6 bytes, indexed True
2023-05-22 20:04:15,789 - helpers.Parsers.netflix.Manifest - DEBUG - Manifest resp: {'version': 2, 'id': 1684766052, 'serverTime': 1684766054420, 'from': 'nq_cadmium_pbo_licenses@2.133.0/pbo-client@2.133.0', 'result': {'movieId': 80098733, 'drmType': 'widevine', 'type': 'standard', 'drmVersion': 25, 'dpsid': None, 'clientIpAddress': '160.238.75.46', 'bookmark': -1, 'playbackContextId': 'E3-BQFRAAELEKS07D7SWKXkcHqupiAOIOOBVAUyKfXjNI6d39ETldZ-dxCWpgqpBeFqUqLeXIp5FHRSXeb3m4zqm0JBLsr8Mwp8Olim-EFWKA0WnSrLGKnRW70uP-Y7tNq2SraENddZdqtpkfByaDI95lPsQIyUfuiX4FRrwHmMN8K3AGTavWrqee4lBcI1dZZEqfV9K4PajPj5xaOYAYONVWrLAwUo66_0g5aN7JjFhzS1C0lCm65-xH6Hjg7h4Qd62SOd5D7BMG9KbSjUMEdK-fOJFu0Ok750FrF80xO8drkz9LVozUzIDXmmthutdam1r0Lj_Yvrhj4WquWOy28PpIN7jfxWVVGB0-Ik5ovrW8_48Kt_dvE66fUqjKWFq6Jhi9IiFng5FW5YGPyVIKwYexjFVT1HsgQWkyP68TGwhfKxU9cOhNotPNLsbxe-T5dME05PH3C3UFYWeSwBrORXXsNskyjk2X2VdddTwB4=', 'links': {'events': {'rel': 'events', 'href': '/events?playbackContextId=E3-BQFRAAELEKS07D7SWKXkcHqupiAOIOOBVAUyKfXjNI6d39ETldZ-dxCWpgqpBeFqUqLeXIp5FHRSXeb3m4zqm0JBLsr8Mwp8Olim-EFWKA0WnSrLGKnRW70uP-Y7tNq2SraENddZdqtpkfByaDI95lPsQIyUfuiX4FRrwHmMN8K3AGTavWrqee4lBcI1dZZEqfV9K4PajPj5xaOYAYONVWrLAwUo66_0g5aN7JjFhzS1C0lCm65-xH6Hjg7h4Qd62SOd5D7BMG9KbSjUMEdK-fOJFu0Ok750FrF80xO8drkz9LVozUzIDXmmthutdam1r0Lj_Yvrhj4WquWOy28PpIN7jfxWVVGB0-Ik5ovrW8_48Kt_dvE66fUqjKWFq6Jhi9IiFng5FW5YGPyVIKwYexjFVT1HsgQWkyP68TGwhfKxU9cOhNotPNLsbxe-T5dME05PH3C3UFYWeSwBrORXXsNskyjk2X2VdddTwB4=&esn=NFCDIE-03-79E8B8409D1E65513A65BF82793ED7'}, 'license': {'rel': 'license', 'href': '/license?licenseType=standard&playbackContextId=E3-BQFRAAELEKS07D7SWKXkcHqupiAOIOOBVAUyKfXjNI6d39ETldZ-dxCWpgqpBeFqUqLeXIp5FHRSXeb3m4zqm0JBLsr8Mwp8Olim-EFWKA0WnSrLGKnRW70uP-Y7tNq2SraENddZdqtpkfByaDI95lPsQIyUfuiX4FRrwHmMN8K3AGTavWrqee4lBcI1dZZEqfV9K4PajPj5xaOYAYONVWrLAwUo66_0g5aN7JjFhzS1C0lCm65-xH6Hjg7h4Qd62SOd5D7BMG9KbSjUMEdK-fOJFu0Ok750FrF80xO8drkz9LVozUzIDXmmthutdam1r0Lj_Yvrhj4WquWOy28PpIN7jfxWVVGB0-Ik5ovrW8_48Kt_dvE66fUqjKWFq6Jhi9IiFng5FW5YGPyVIKwYexjFVT1HsgQWkyP68TGwhfKxU9cOhNotPNLsbxe-T5dME05PH3C3UFYWeSwBrORXXsNskyjk2X2VdddTwB4=&esn=NFCDIE-03-79E8B8409D1E65513A65BF82793ED7&drmContextId=default'}, 'ldl': {'rel': 'ldl', 'href': '/license?licenseType=limited&playbackContextId=E3-BQFRAAELEKS07D7SWKXkcHqupiAOIOOBVAUyKfXjNI6d39ETldZ-dxCWpgqpBeFqUqLeXIp5FHRSXeb3m4zqm0JBLsr8Mwp8Olim-EFWKA0WnSrLGKnRW70uP-Y7tNq2SraENddZdqtpkfByaDI95lPsQIyUfuiX4FRrwHmMN8K3AGTavWrqee4lBcI1dZZEqfV9K4PajPj5xaOYAYONVWrLAwUo66_0g5aN7JjFhzS1C0lCm65-xH6Hjg7h4Qd62SOd5D7BMG9KbSjUMEdK-fOJFu0Ok750FrF80xO8drkz9LVozUzIDXmmthutdam1r0Lj_Yvrhj4WquWOy28PpIN7jfxWVVGB0-Ik5ovrW8_48Kt_dvE66fUqjKWFq6Jhi9IiFng5FW5YGPyVIKwYexjFVT1HsgQWkyP68TGwhfKxU9cOhNotPNLsbxe-T5dME05PH3C3UFYWeSwBrORXXsNskyjk2X2VdddTwB4=&esn=NFCDIE-03-79E8B8409D1E65513A65BF82793ED7&drmContextId=default'}}, 'isBranching': False, 'partiallyHydrated': False, 'maxRecommendedAudioRank': 1, 'maxRecommendedTextRank': 1, 'duration': 1339000, 'expiration': 1684809254392, 'urlExpirationDuration': 43199973, 'manifestExpirationDuration': 28799967, 'viewableType': 'EPISODE', 'isSupplemental': False, 'packageId': '1218822', 'drmContextId': 'default', 'eligibleABTestMap': {}, 'media': [{'id': 'A:2:1;6;en;1;0;|V:2:1;2;;default;-1;none;-1;|T:2:1;1;en;0;0;0;', 'tracks': {'AUDIO': 'A:2:1;6;en;1;0;', 'TEXT': 'T:2:1;1;en;0;0;0;', 'VIDEO': 'V:2:1;2;;default;-1;none;-1;'}}, {'id': 'A:2:1;2;en;1;0;|V:2:1;2;;default;-1;none;-1;|T:2:1;1;en;0;0;0;', 'tracks': {'AUDIO': 'A:2:1;2;en;1;0;', 'TEXT': 'T:2:1;1;en;0;0;0;', 'VIDEO': 'V:2:1;2;;default;-1;none;-1;'}}, {'id': 'A:2:1;6;en;1;0;|V:2:1;2;;default;-1;none;-1;|T:2:1;1;NONE;0;1;0;', 'tracks': {'AUDIO': 'A:2:1;6;en;1;0;', 'TEXT': 'T:2:1;1;NONE;0;1;0;', 'VIDEO': 'V:2:1;2;;default;-1;none;-1;'}}, {'id': 'A:2:1;2;en;1;0;|V:2:1;2;;default;-1;none;-1;|T:2:1;1;NONE;0;1;0;', 'tracks': {'AUDIO': 'A:2:1;2;en;1;0;', 'TEXT': 'T:2:1;1;NONE;0;1;0;', 'VIDEO': 'V:2:1;2;;default;-1;none;-1;'}}, {'id': 'A:2:1;6;en;1;0;|V:2:1;2;;default;-1;none;-1;|T:2:0;1;hi;0;0;0;', 'tracks': {'AUDIO': 'A:2:1;6;en;1;0;', 'TEXT': 'T:2:0;1;hi;0;0;0;', 'VIDEO': 'V:2:1;2;;default;-1;none;-1;'}}, {'id': 'A:2:1;2;en;1;0;|V:2:1;2;;default;-1;none;-1;|T:2:0;1;hi;0;0;0;', 'tracks': {'AUDIO': 'A:2:1;2;en;1;0;', 'TEXT': 'T:2:0;1;hi;0;0;0;', 'VIDEO': 'V:2:1;2;;default;-1;none;-1;'}}], 'defaultTrackOrderList': [{'mediaId': 'A:2:1;6;en;1;0;|V:2:1;2;;default;-1;none;-1;|T:2:1;1;en;0;0;0;', 'audioTrackId': '656e7c352e317c5072696d6172797c747275657c6e6f6e657c756e6b6e6f776e7c756e6b6e6f776e7c417564696f7c756e6b6e6f776e7c7c7c6e6f6e657c30', 'videoTrackId': '6e6f6e657c554e4b4e4f574e7c756e6b6e6f776e7c66616c73657c6e6f6e657c756e6b6e6f776e7c32447c566964656f7c756e6b6e6f776e7c7c7c64656661756c74', 'subtitleTrackId': '6e6f6e657c554e4b4e4f574e7c756e6b6e6f776e7c66616c73657c656e7c436c6f73656443617074696f6e737c756e6b6e6f776e7c546578747c7072696d6172797c7c7c6e6f6e657c30', 'preferenceOrder': 0}, {'mediaId': 'A:2:1;2;en;1;0;|V:2:1;2;;default;-1;none;-1;|T:2:1;1;en;0;0;0;', 'audioTrackId': '656e7c322e307c5072696d6172797c747275657c6e6f6e657c756e6b6e6f776e7c756e6b6e6f776e7c417564696f7c756e6b6e6f776e7c7c7c6e6f6e657c30', 'videoTrackId': '6e6f6e657c554e4b4e4f574e7c756e6b6e6f776e7c66616c73657c6e6f6e657c756e6b6e6f776e7c32447c566964656f7c756e6b6e6f776e7c7c7c64656661756c74', 'subtitleTrackId': '6e6f6e657c554e4b4e4f574e7c756e6b6e6f776e7c66616c73657c656e7c436c6f73656443617074696f6e737c756e6b6e6f776e7c546578747c7072696d6172797c7c7c6e6f6e657c30', 'preferenceOrder': 1}], 'timedtexttracks': [{'type': 'timedtext', 'trackType': 'PRIMARY', 'rawTrackType': 'subtitles', 'id': '6e6f6e657c554e4b4e4f574e7c756e6b6e6f776e7c66616c73657c68697c5375627469746c65737c756e6b6e6f776e7c546578747c7072696d6172797c7c7c6e6f6e657c30', 'new_track_id': 'T:2:0;1;hi;0;0;0;', 'isForcedNarrative': False, 'isNoneTrack': False, 'language': 'hi', 'languageDescription': 'Hindi', 'isLanguageLeftToRight': True, 'rank': 1, 'hydrated': True, 'downloadableIds': {'webvtt-lssdh-ios8': '249661662'}, 'ttDownloadables': {'webvtt-lssdh-ios8': {'size': 107927, 'hashValue': 'QSaV6Fbh/q+YBl7lMHOw6Ch6C18=', 'hashAlgo': 'sha1', 'isImage': False, 'textKey': None, 'downloadUrls': {'65419': 'https://ipv4-c007-nag001-jio-isp.1.oca.nflxvideo.net/?o=1&v=129&e=1684809254&t=JGmPa3etNd0DJz0SYR0mtar5lecLHXjBJYJCIHSquSfcGpe7WBE2gvCnOQcG1aAaIhZK8kDrMOowVqxRJsMLN1mTfAlRc7OB6ZzNOm7UWp5jSb7a7moAYTpHcBMtVAhQD84qZK8slvPsL0Yau5YfORaMXMYxadaDdHVsAHZpyp4vC8cXvibCHXuta3MTB4NizCmeAD_uGnmqupGI1GsB_5VHCw-PpwLdWvygWe4y4tov9A', '65852': 'https://ipv4-c005-maa001-jio-isp.1.oca.nflxvideo.net/?o=1&v=124&e=1684809254&t=1u-IfUfcdFeplOXqbQTZ2nxECdbWctVkn0hO4L9S9PiovWvf1nx2hNJgoEzKzur_RqX7KJVwUW0MOwEf2dKe-cSHvdT0uGp7ZkNfagSVUpWY3drtiedzKeT_XHtf_pv3-Qjg3DEEsZYV96W2iPltEcLMZTJqK6k_sF3alD2FRBwlTJ340EjurOG0ETdkJNLB4XG8NZRNIdDdYTAE4fYLVW1aFrMvO2Mp6zVpFDel61d_aA', '65854': 'https://ipv4-c002-bpm002-jio-isp.1.oca.nflxvideo.net/?o=1&v=130&e=1684809254&t=gr8WXtHk44HiTnjqWW3mopivifPkobVFjhTAvW3THV4w3B-pVbCFa9-e_tDYAvfDOmZfySYwwyXug5OqfLuaSrPtsSfCJgmZsz5AKz28KmgyauCMWXcNW1HJ9lp_YVk-GSYyGLNg-TZkRsimK3wjIgqt7i-wHCoH0ZUqlYt1wDz6BWUv2f7Dp3xik05efk5XU50f2cq9EO8XbBl5-4wz1CpGml4Ob-aTOSvkMsBQQZqLpA'}}}, 'cdnlist': [{'id': 65854, 'key': '2-133287-high', 'lowgrade': False, 'name': 'c002.bpm002.jio.isp.nflxvideo.net', 'rank': 2, 'type': 'OPEN_CONNECT_APPLIANCE'}, {'id': 65419, 'key': '3-133287-high', 'lowgrade': False, 'name': 'c007.nag001.jio.isp.nflxvideo.net', 'rank': 3, 'type': 'OPEN_CONNECT_APPLIANCE'}, {'id': 65852, 'key': '4-133287-high', 'lowgrade': False, 'name': 'c005.maa001.jio.isp.nflxvideo.net', 'rank': 4, 'type': 'OPEN_CONNECT_APPLIANCE'}]}, {'type': 'timedtext', 'trackType': 'ASSISTIVE', 'rawTrackType': 'closedcaptions', 'id': '6e6f6e657c554e4b4e4f574e7c756e6b6e6f776e7c66616c73657c656e7c436c6f73656443617074696f6e737c756e6b6e6f776e7c546578747c7072696d6172797c7c7c6e6f6e657c30', 'new_track_id': 'T:2:1;1;en;0;0;0;', 'isForcedNarrative': False, 'isNoneTrack': False, 'language': 'en', 'languageDescription': 'English', 'isLanguageLeftToRight': True, 'rank': 0, 'hydrated': True, 'downloadableIds': {'dfxp-ls-sdh': '133503893', 'webvtt-lssdh-ios8': '133504719'}, 'ttDownloadables': {'dfxp-ls-sdh': {'size': 57060, 'hashValue': '0TA/hVKsf1Zx2wB2BI4lcIj6pWM=', 'hashAlgo': 'sha1', 'isImage': False, 'textKey': None, 'downloadUrls': {'63137': 'https://ipv4-c001-rja001-apsfl-isp.1.oca.nflxvideo.net/?o=1&v=146&e=1684809254&t=CM1gnTXfcAQ_8laS9j3cOZOgR1BgS__T8oZdZYsWuaHWGLPSYAwHFcIE0IZhFPBFBFv5393160zf2Y9ZOzbeiICJkOcT4RRfswo6_IACubEwcS81y6avK2Ob96EfvUkUayRTO3khpnJd-Zwd7VB0aGyUQOt6yPC_NXvGktfjZ89hVdd-fVvoaYvRAHbjUN1_WVbAAh5e-FXtgqBAeC4IxsawVMVtu6AHc1SAuQnkpPSx9AU', '65419': 'https://ipv4-c007-nag001-jio-isp.1.oca.nflxvideo.net/?o=1&v=129&e=1684809254&t=K62awZOllJ0HgzbYxjseLMaaPc4x5a3MWW0NBx-Jit4jRJaRyElsjXArmBUUdTxROhQKOx3p_de5U6KQ3pEalP0n0mvUc1a1yiXUuJjA0H0kHMFxQ_1Y5SYxqNBda9mBfWgEP7UyJB-tyC3nvnP6uNgbShprjjTsJYdObNeD5N-W8izCa6vxYuZCTtBS_vY10hHKIFAFWRVdoLZq8YOsmjH_NHX3RaE7dhsojLpl5BtsaVo', '65854': 'https://ipv4-c002-bpm002-jio-isp.1.oca.nflxvideo.net/?o=1&v=130&e=1684809254&t=781WbFlsD6eb6DmXzwyzzar_1DFwqi_4BXY-bQSV6kGZi3iPDPjx2x30hvXOKkK-dWrTZ5Jf3_39AYX9htnrqloOx3xCEzEI4brC7zFV3xKScFw2iXCYbVeXAuar5wrhT3j9Lhb6OS-jeA6yxc1JxI0t6uXTW9I4zoyyhFFzZsnHMf6MPPaCXP-h1DdDdcBw1pOgoRqLEshPpYuJ8okDorFswlLGzPnmSC-rc2Ko952faiw'}}, 'webvtt-lssdh-ios8': {'size': 60204, 'hashValue': 'FnjyxEC6SuVQZEFCSnlCHV4hXGw=', 'hashAlgo': 'sha1', 'isImage': False, 'textKey': None, 'downloadUrls': {'63137': 'https://ipv4-c001-rja001-apsfl-isp.1.oca.nflxvideo.net/?o=1&v=146&e=1684809254&t=qdqou4sgBTh_uxdhw-eUZUHGhTEFx44jx1Cze8qon9wguBcGraVUZIAf-j22L5_tMQ-mVUwJtMgY41flgXkgSOhcyybXeY_V5rOIHWYyx1IICSqybr9XUH5nFg6DJxgjhEuu2Uk2GoCe7ZmGcA1iK4eAX2VJwzJQmXGnF01mMysQfTc2hGpQpol4c3HS2Whnux32dHqTBdfzHQGUEDxglR6MahOlyt242CK_5r9iWQk-sg', '65419': 'https://ipv4-c007-nag001-jio-isp.1.oca.nflxvideo.net/?o=1&v=129&e=1684809254&t=9BWVFJ1iE1zfzmuV-_MEOJqyDy7iOJY8rdOJqHIOo49MC_3ybw-yKmo5jCy_JvhC6j2PO6XWSX_hrdCUZdk8GaI6PlnWL3i4G3FDUEFEXykkGgRN_MLLaq4PxasZKLzbvFYD7NyHMPhDKwlAjC1mkSQ6-ihduL5c_MCeVZlzBKTUsjmPvcSLGlHoQtINslODD7L0W7NH3b88xoSECd8jYit7ROl1Qajg95rHmGPnuvngug', '65854': 'https://ipv4-c002-bpm002-jio-isp.1.oca.nflxvideo.net/?o=1&v=130&e=1684809254&t=FZ8YtkQ6Wu6KSes6wISZp-khMICfyG0Hl3b3iu2f9GP7OY_eTsxhhxR0o4H6WWKSi-lx_4eQD4IAVU76EM6pLowySXvEpzfsLA1uu9j-UzQKASDdehzRQdNmnDAA1ho5D9ilCb2FivTDNoX721rO8VYly3m2CKXtNiShSSrWOXqPVLhs77iW2U9y4WXVM70jzbLRDBpqY63RbiiYSHfknoUbZba1YPqyrZmh5GoQi97w_w'}}}, 'cdnlist': [{'id': 63137, 'key': '1-133287-high', 'lowgrade': False, 'name': 'c001.rja001.apsfl.isp.nflxvideo.net', 'rank': 1, 'type': 'OPEN_CONNECT_APPLIANCE'}, {'id': 65854, 'key': '2-133287-high', 'lowgrade': False, 'name': 'c002.bpm002.jio.isp.nflxvideo.net', 'rank': 2, 'type': 'OPEN_CONNECT_APPLIANCE'}, {'id': 65419, 'key': '3-133287-high', 'lowgrade': False, 'name': 'c007.nag001.jio.isp.nflxvideo.net', 'rank': 3, 'type': 'OPEN_CONNECT_APPLIANCE'}]}, {'type': 'timedtext', 'trackType': 'PRIMARY', 'rawTrackType': 'subtitles', 'id': 'none', 'new_track_id': 'T:2:1;1;NONE;0;1;0;', 'isForcedNarrative': False, 'isNoneTrack': True, 'language': None, 'languageDescription': 'Off', 'isLanguageLeftToRight': True, 'rank': -1, 'hydrated': True, 'downloadableIds': {}, 'ttDownloadables': {}, 'cdnlist': []}], 'video_tracks': [{'trackType': 'PRIMARY', 'track_id': '6e6f6e657c554e4b4e4f574e7c756e6b6e6f776e7c66616c73657c6e6f6e657c756e6b6e6f776e7c32447c566964656f7c756e6b6e6f776e7c7c7c64656661756c74', 'new_track_id': 'V:2:1;2;;default;-1;none;-1;', 'dimensionsCount': 2, 'dimensionsLabel': '2D', 'stereo': False, 'profileType': "AbstractDynamicEnum{name='VIDEO'}", 'type': 1, 'ict': False, 'streams': [{'trackType': 'PRIMARY', 'content_profile': 'playready-h264mpl30-dash', 'bitrate': 100, 'peakBitrate': 193, 'dimensionsCount': 2, 'dimensionsLabel': '2D', 'drmHeaderId': '0000000003f748a20000000000000000', 'pix_w': 4, 'pix_h': 3, 'res_w': 320, 'res_h': 240, 'framerate_value': 24000, 'framerate_scale': 1001, 'size': 17782007, 'startByteOffset': 38296, 'isDrm': True, 'vmaf': 5, 'segmentVmaf': [], 'crop_x': 0, 'crop_y': 0, 'crop_w': 320, 'crop_h': 240, 'downloadable_id': '283955769', 'tags': ['CBE2', 'POI', 'ladder'], 'new_stream_id': 'todo', 'type': 1, 'urls': [{'url': 'https://ipv4-c002-bpm002-jio-isp.1.oca.nflxvideo.net/?o=1&v=130&e=1684809254&t=UsBmrM4qvZ6cQf2SSNlfmlx-XYnIHO6WRWPpJBbLRiCUjHDsoBQntehGedqVeQns6Sskya9znl_pRphCo_kUjr9WUH7k7IOO_raTs4ye6IdCx9bEOIgKkjjsf-qoFOMFfKx6kTm8gqmONe0pNaYQsb29g1W1CWIlOflzve8nXtzDZddCTzIMu2hCk-qIP82cNmbz8SaBwhlyeeqSh0BI1JDFDr96cAwXQWBabaFk79vt0sEGcg', 'cdn_id': 65854}, {'url': 'https://ipv4-c005-ccu002-jio-isp.1.oca.nflxvideo.net/?o=1&v=45&e=1684809254&t=-l0BsUXg4Xof9bqQsO18RmzKTMCZeTilpRtUZ5jBq3TLt_hEKDln41bnguoNBwAkYB65M-fzWDi-ZWPxcgRDuvs6rz9WMPR3dZU1pYzbsBZvdvvI1w7aMYzzXS5HBreku0MyAEBlYrHyP0PXT-X9oS7kL1Yb9ZRvXvPp1SSB6T8pRa5XWutmI_RdPGp60lXpqBAJE77qTZWe8v_XDFlIEet2pkdkQz446kBXrPTpsqzn4jCgVw', 'cdn_id': 70474}, {'url': 'https://ipv4-c001-blr002-jio-isp.1.oca.nflxvideo.net/?o=1&v=139&e=1684809254&t=YwkviRH5x0eNfavU9ov_yt2ukXFEfgPV0zijKViP2wNTA3n2uSxeNgfGwe9lmcVpluavbow44qQc42bhJFwf2ibBbYJ6QNfJ5aLci_UtEHgoet8CdsxFJqjtUkVx4rcioVh7nQMKP8JiFvm8IDbVtfkub4HmrzzF0WdJZ8S06ykb0hYto_kh6WdEkqUZ0Chomqr-4xTGuoR0hDRFHQde5vpquNqe7exs46bnkSUnlLTZs8ayuA', 'cdn_id': 65328}]}, {'trackType': 'PRIMARY', 'content_profile': 'playready-h264bpl30-dash', 'bitrate': 100, 'peakBitrate': 0, 'dimensionsCount': 2, 'dimensionsLabel': '2D', 'drmHeaderId': '0000000003f748a20000000000000000', 'pix_w': 4, 'pix_h': 3, 'res_w': 480, 'res_h': 360, 'framerate_value': 24000, 'framerate_scale': 1001, 'size': 17981385, 'startByteOffset': 30967, 'isDrm': True, 'vmaf': 0, 'segmentVmaf': [], 'crop_x': 0, 'crop_y': 0, 'crop_w': 480, 'crop_h': 360, 'downloadable_id': '568262583', 'tags': [], 'new_stream_id': 'todo', 'type': 1, 'urls': [{'url': 'https://ipv4-c038-bom001-ix.1.oca.nflxvideo.net/?o=1&v=74&e=1684809254&t=P-WOdEc2KsLFkcBoJ5Y5Cto3cAf1GNcv88MoJvRCKRgaFcQ3m8xAa5NZY96s_y8GnelYKRvz-QWPL3EVw6watZwq_IXE2-xLYYglYk4MA9OjLkHVsLmvU3zjFb99KU_Jg4fHAgvws74Y28CTN0E7sgnk0cXMCl6R_Ybhztj2lJxYy4-Wz9J_6TLi9JMmWtAUO9VvGgs0Bkk4LMaieaKcwBIRQAU0TDb3EjojoQHuJleGNG46lw', 'cdn_id': 68102}, {'url': 'https://ipv4-c042-bom001-ix.1.oca.nflxvideo.net/?o=1&v=37&e=1684809254&t=9zB12nPBL-U7b2mP0rZWbvM-CsLTebZXZfbDRo27uz5Ve8T255_vJJBSEnpsvRT9pAekGa1xYSQYe20rfOjFQhXM1rBbC2kkxCqgNZdWD-0OAtBRbz3LBQCv7s9NRpfdiUVlDqbyqgspOsUm8johryCL2ajSQm2rEWYKeALR2GVtqmMzJJ1GW1ssvFo5jl6vIyxVxdtj5yWJ0yMJ-DGZuF6E14feJoSaY0XkOX-xRaazmHIROA', 'cdn_id': 71710}, {'url': 'https://ipv4-c067-sin001-ix.1.oca.nflxvideo.net/?o=1&v=18&e=1684809254&t=EXEx-pdiXf5eo8aqcVC8heV6WcZWJtUSWeZH7obA_OiB_77vNbFFA8lvgmBA698vLXy2uxdPpKvQ8roK06kRujKCJF_Qvde7OVPegpFcZ79g9QeqHpig2C5l8B9C6wVlLEhhnHSD2wW8hYItigfVXQJMUoZcQ7sTlGTxGt47v0poQgVoXIHrhxZYtkt3Zv91kYlQ3tVAFSaJqxIAbuG_oCn3aV_Gk69EimsPNohF4SZvz5XgPA', 'cdn_id': 73090}]}, {'trackType': 'PRIMARY', 'content_profile': 'playready-h264mpl30-dash', 'bitrate': 149, 'peakBitrate': 297, 'dimensionsCount': 2, 'dimensionsLabel': '2D', 'drmHeaderId': '0000000003f748a20000000000000000', 'pix_w': 4, 'pix_h': 3, 'res_w': 320, 'res_h': 240, 'framerate_value': 24000, 'framerate_scale': 1001, 'size': 26036134, 'startByteOffset': 38296, 'isDrm': True, 'vmaf': 9, 'segmentVmaf': [], 'crop_x': 0, 'crop_y': 0, 'crop_w': 320, 'crop_h': 240, 'downloadable_id': '283964008', 'tags': ['CBE2', 'POI', 'ladder'], 'new_stream_id': 'todo', 'type': 1, 'urls': [{'url': 'https://ipv4-c002-bpm002-jio-isp.1.oca.nflxvideo.net/?o=1&v=130&e=1684809254&t=665waq7gYnYOJcE8wyWBGvVB-HFmBTEwK3wRU9tK65__EGAmu4AWdFPfw_ZIMvXlT997x23toQDuztvWDwXEylpeMK75tbT9iPj0Z8YBPhsDhn4CJyR_hQEBWmEE-dLBAQuMORwIH3MkL70RIdTfgdPVzm8kET2UQzyZvm3m6C0pk6-NnalE1WnQqSSdrFy39AyO6O5gs3Lp8sLfFsIyGGqhaX2159Vcbj4wWUPeOoJ_2ji9NQ', 'cdn_id': 65854}, {'url': 'https://ipv4-c005-ccu002-jio-isp.1.oca.nflxvideo.net/?o=1&v=45&e=1684809254&t=CK3x1_RND9GgucscZjfy0gs3TwknmPlPiOOWoNWQ57H7T0JfPeIRlj7xX0fg0Csek7RR7pVADC8WuYtc5BtJppYip6mhUZ3c0kNM2HLgmO-w-ZOodCqfTJs_1sfDcO7C_7Y0ujotlts_nPOuVwwY9sFSDUPVuhDdM7q9y0OzC-xbkfpqGzqu6ak0Enk5mjVbXibvMuGwJGi7NqULLzFkGTxOe-VBgNU0seFLscSMMWhfbkMEzA', 'cdn_id': 70474}, {'url': 'https://ipv4-c001-blr002-jio-isp.1.oca.nflxvideo.net/?o=1&v=139&e=1684809254&t=kqAXbNcmt-_CB36GEK3OL3Hk6zvhFiGn1XOU0Ys2XtBBCEcXy3UdGw8WM3ZPqi6WIGSyQJ8OHsHuhXlFAe3nhd7AQXlbJNTzph9tmpXx4GKi3P_uJKYi03TjX1Yxtl7KLITG-qwIZADvNjRRpWA_JyZ35kwh1p16ALGFUZs_-4-Qtw2U2QfOCtEUGh8TazSCbvARZH_lZGrwtTMDCGfcmaAXD8721UjQDFjOIPoo_TdZREse_Q', 'cdn_id': 65328}]}, {'trackType': 'PRIMARY', 'content_profile': 'playready-h264bpl30-dash', 'bitrate': 175, 'peakBitrate': 0, 'dimensionsCount': 2, 'dimensionsLabel': '2D', 'drmHeaderId': '0000000003f748a20000000000000000', 'pix_w': 4, 'pix_h': 3, 'res_w': 480, 'res_h': 360, 'framerate_value': 24000, 'framerate_scale': 1001, 'size': 30373510, 'startByteOffset': 30968, 'isDrm': True, 'vmaf': 0, 'segmentVmaf': [], 'crop_x': 0, 'crop_y': 0, 'crop_w': 480, 'crop_h': 360, 'downloadable_id': '568263008', 'tags': [], 'new_stream_id': 'todo', 'type': 1, 'urls': [{'url': 'https://ipv4-c038-bom001-ix.1.oca.nflxvideo.net/?o=1&v=74&e=1684809254&t=ohFJlbe9jj2Dr7xGL0Vj_TeteKJpNUwCFChOnE4PJ3gwORgW3d5SvBeN5jp-bfmT8XlQ146KSx1Q-WSbM45xlJDtjhjekYgk8caTdTYbFNY4C435A-pcv9S7ucRDNsoetpI5XQ-O4ioCHT7FcNqrXLZiN70wzDV--wN1S_YY183w4HZSy_ib_Gi7q52817nHwe_JGdGzN-aW8KpUwQOoWz2WvUGCF6vHuryse_RbJWW68O7dxg', 'cdn_id': 68102}, {'url': 'https://ipv4-c042-bom001-ix.1.oca.nflxvideo.net/?o=1&v=37&e=1684809254&t=4ONylxwZI_E5RkkOFzPkB7w4z9npPmy9nfQy0G_z39zL53Pj_Sj8M8f-wE7QSMj1O_PdOUx9p1eZBZWyiAhAYQdPjWSaFyxPUFdXhFPTUVxPYi4C3wkSAt5ktdTMvuXvP8YihR5jihhXU5CUFj0IKB4mnDj6KiNPVdW8SDtGzpwaG9i4n03LoXZeA8sIfEazB0nEdn9wyLZzT9v1ZyGu7yDXJlWLypqorrF29QjYh-BatXETDw', 'cdn_id': 71710}, {'url': 'https://ipv4-c067-sin001-ix.1.oca.nflxvideo.net/?o=1&v=18&e=1684809254&t=QvkKogDCaaYQkFoyoAygwsDe859FmGJ3lPprIU-ARQ9QOLRkVjnrae_BzXRZOWNEMK7PO3WxLrlC3pRN8GfFA4XjEBTlkBQAkAwZgCtslErM08Mha3ugv_vnLuyuQTpNFGVPiSjlhKpotlsOVxWwGmR08A6IF0N5pANZNvDGzm-jyMFwgVe1N_gbuTKet8m1gbLyqTRBAI1E67U_dFRycYwi3W7ekZZgGmtxQdpBioJM7mE27Q', 'cdn_id': 73090}]}, {'trackType': 'PRIMARY', 'content_profile': 'playready-h264mpl30-dash', 'bitrate': 246, 'peakBitrate': 594, 'dimensionsCount': 2, 'dimensionsLabel': '2D', 'drmHeaderId': '0000000003f748a20000000000000000', 'pix_w': 4, 'pix_h': 3, 'res_w': 320, 'res_h': 240, 'framerate_value': 24000, 'framerate_scale': 1001, 'size': 42110980, 'startByteOffset': 38296, 'isDrm': True, 'vmaf': 14, 'segmentVmaf': [], 'crop_x': 0, 'crop_y': 0, 'crop_w': 320, 'crop_h': 240, 'downloadable_id': '283952354', 'tags': ['CBE2', 'POI', 'ladder'], 'new_stream_id': 'todo', 'type': 1, 'urls': [{'url': 'https://ipv4-c002-bpm002-jio-isp.1.oca.nflxvideo.net/?o=1&v=130&e=1684809254&t=WYofXktU6XSeZt0Rs7J_9LjVdEyW7aIVJSI3Sd60aL4QydZhI4JeLJsUk6CWG4ZuNti7jo7pT_8_Hucpl96zXbtCbGuM6m5U2jD70Vict4NYT__jF0b1Ru5xYVVs5VX0BGiOMy1-iyxFJRFx3kGzw2_o8_8XSJRs38a9FxA43uOcQnGAeCS64ncKfpTfc8wv3_ossOrBmAGNMiFEjEIJogw1xGrZeAQ97xYxmVLtGffKf84hfA', 'cdn_id': 65854}, {'url': 'https://ipv4-c005-ccu002-jio-isp.1.oca.nflxvideo.net/?o=1&v=45&e=1684809254&t=pg86vfMzfZVMl6rlR3TgsXyzcKQLM14_vu6tA831CGWoE2FzL63vwVYXSctPGYeGN2hc3VUF4kdhMVuVhl4u0dlykF9BGtaaE4hXnnu0MBQ1s7eOVNPVA3lu_bOFMEH8D8x1d4trAJSOe4sP76ih8NUqsFnpIGj0jGQzXfyINIMpwUb7Tb8d46VcPLD1mFX_WN2eWkaYIrMLmDMcJ0P8A_hxSeRJrtl5thSTbkDpfIEvHE808Q', 'cdn_id': 70474}, {'url': 'https://ipv4-c001-blr002-jio-isp.1.oca.nflxvideo.net/?o=1&v=139&e=1684809254&t=w9ZBu19JFoVFgqmtbLVftbVCnF2xDojcnyBosv3bZVU2sPMScPuc4LAXpGCx5oWLjKgFWRNsD285P-eazwiXEqvOct95AyQApDcn_3jXdQ6s4PVttvy6ItBfEY_IyLQblRZcITGiZ53TS_36gkVD9Yi2XplnmWXDyxFxp6m_pPsZp86mIyBrDUh4MTOVER7kx8Sl3VGnqxJqO0P4AUQlD9vG1DcFBc4xuHnJPNbIRroFV3VXPw', 'cdn_id': 65328}]}, {'trackType': 'PRIMARY', 'content_profile': 'playready-h264bpl30-dash', 'bitrate': 250, 'peakBitrate': 0, 'dimensionsCount': 2, 'dimensionsLabel': '2D', 'drmHeaderId': '0000000003f748a20000000000000000', 'pix_w': 4, 'pix_h': 3, 'res_w': 480, 'res_h': 360, 'framerate_value': 24000, 'framerate_scale': 1001, 'size': 42779224, 'startByteOffset': 30968, 'isDrm': True, 'vmaf': 0, 'segmentVmaf': [], 'crop_x': 0, 'crop_y': 0, 'crop_w': 480, 'crop_h': 360, 'downloadable_id': '568327749', 'tags': [], 'new_stream_id': 'todo', 'type': 1, 'urls': [{'url': 'https://ipv4-c038-bom001-ix.1.oca.nflxvideo.net/?o=1&v=74&e=1684809254&t=-Xb1NNRkOF2FttX7nn8pUb4H2sRiISEgow4DrKlKOBluw8_1CqGDwKisyvsxTvR7CBTigaxBGf6s19vbufedaRWvFhQphzt5_XsgbQEFp1OS4UrJV9sxQMfRBjXZgwpbRvV9RPB-7lKnW5lBZk4XjGoO5hoNib0hnD-fVr0nTKGFiRAigRIMElgaNxvTmoNB9XBxVtE3UVnwEquOMVVe9GFK7byX7xBhRQsS0dUNnjyDgdw7Zg', 'cdn_id': 68102}, {'url': 'https://ipv4-c042-bom001-ix.1.oca.nflxvideo.net/?o=1&v=37&e=1684809254&t=MeQSr6udy7EG3Z6eQGzVv7C7mM373ERtCu3VXgtTnowbfjP9JVbPLD-2V_r1GYjMHvT5uyZiQTYDGn48nu6utjFl_6lAAnDI2X2AMVMEKc9aDRc0xlmPEFoPHE0WFc-9dpSCY2n10aW3bLSZ7qXM6eGQH4uTepPkANLHUamR_OCJz0ByFK9PW7R7B80jWekK4LlyrROfx-PDbmE0UnrqyjBTestFkfn6H3b11Kn2DHef_pwPxA', 'cdn_id': 71710}, {'url': 'https://ipv4-c067-sin001-ix.1.oca.nflxvideo.net/?o=1&v=18&e=1684809254&t=rDPgjKWMCTfG6mwsvH9FCC4lMeQrCcSCIPvt-rldviGoZzmj9sMZtjoheKujMWzRQ2X5XygwRsGqdN0akUvGg37gqDsoULN_75B6Ni4QUBPiARGw0CKUPA0A0D3RQOGTwVmXTEqFdbtjpJvgwwMiw5FahY-n8MdT8Eloe85Qy-JruvtSC0k0BAOeQtFLoy00IK51AbJTV2kwUTg-Sa22nZT4m8vmubHCDD_8ad-OsARQBVXhOQ', 'cdn_id': 73090}]}, {'trackType': 'PRIMARY', 'content_profile': 'playready-h264mpl30-dash', 'bitrate': 320, 'peakBitrate': 761, 'dimensionsCount': 2, 'dimensionsLabel': '2D', 'drmHeaderId': '0000000003f748a20000000000000000', 'pix_w': 4, 'pix_h': 3, 'res_w': 384, 'res_h': 288, 'framerate_value': 24000, 'framerate_scale': 1001, 'size': 54261684, 'startByteOffset': 38297, 'isDrm': True, 'vmaf': 29, 'segmentVmaf': [], 'crop_x': 0, 'crop_y': 0, 'crop_w': 384, 'crop_h': 288, 'downloadable_id': '283963156', 'tags': ['CBE2', 'POI', 'ladder'], 'new_stream_id': 'todo', 'type': 1, 'urls': [{'url': 'https://ipv4-c002-bpm002-jio-isp.1.oca.nflxvideo.net/?o=1&v=130&e=1684809254&t=3x5FLlo3RY3ZmxIp1DZD1Ykj-JZp-mdSeHfPISNC6HQig3ACc5jy-dja-lpw-8mGBWXx3gQFXVlJkSq5fRrC4rdtepdNnynT7Sh_ppHMFHsC7vyIjMwtAvkhxgFenxCmh4SLFYmg7SwO0LRYQji5o8bCCfqgnfGUYpBsK8HiQCSI0xyJsSplV_4E7UQxvg5NG07KmA-irZHqvUisMN6-utgQjHiV3mG1Zd7Cuid9IobL0HzbxQ', 'cdn_id': 65854}, {'url': 'https://ipv4-c005-ccu002-jio-isp.1.oca.nflxvideo.net/?o=1&v=45&e=1684809254&t=oVID2Wc5ZNUvZLPU_D8KNOdw36Tjf0eoGGdAS-C0b4YqSO2DGpfOPY0CJUBsZXR7TD4hcpQn2zymwGJuKzhMyRJad84gb3sIMLom8N_WlJ26yEHu1A_uW-bLbQkSvTMprhCFAcqQQDzcyT9DpwSenVtPKFOYfPdttr7TeptHPPLuSqfmAcyhk5FfsOprlnzHQom0NHHN-HcmkwthIETNAdqi-USOUuY0nEoKZnkSze_B-x0Rdg', 'cdn_id': 70474}, {'url': 'https://ipv4-c001-blr002-jio-isp.1.oca.nflxvideo.net/?o=1&v=139&e=1684809254&t=3F_p3YH10Mhfjuca7REx4kS4KaFsF_SUCcH88EOmAizRH_lZnFyLHr3-EvFG1kdfvLgm2axmnh7cus2IOD6lKJD_eTwLasf3kCgFJ8GpjEUbHqZe8_akuc38Tw9M-xYpDad1lTkCLoR4SY1e4D8O79_hkB_KN-uWNbn80a4BhPKLVgSpxrW6u3UoI9EFEXAeRv5ThHO3_KbIuE2Ix_Zgtvygz6ixmuY6wTIo5efj9b0BvWgN3Q', 'cdn_id': 65328}]}, {'trackType': 'PRIMARY', 'content_profile': 'playready-h264mpl30-dash', 'bitrate': 479, 'peakBitrate': 1162, 'dimensionsCount': 2, 'dimensionsLabel': '2D', 'drmHeaderId': '0000000003f748a20000000000000000', 'pix_w': 4, 'pix_h': 3, 'res_w': 512, 'res_h': 384, 'framerate_value': 24000, 'framerate_scale': 1001, 'size': 80767225, 'startByteOffset': 38298, 'isDrm': True, 'vmaf': 53, 'segmentVmaf': [], 'crop_x': 0, 'crop_y': 0, 'crop_w': 512, 'crop_h': 384, 'downloadable_id': '284715161', 'tags': ['CBE2', 'POI', 'ladder'], 'new_stream_id': 'todo', 'type': 1, 'urls': [{'url': 'https://ipv4-c002-bpm002-jio-isp.1.oca.nflxvideo.net/?o=1&v=130&e=1684809254&t=YkfPAuMwGd7_Zs_ZnVpUdYaicR1psWqBfG_uP6utHqBlTTnQzg7eoXvYsqKjrli_iFMCiKbVmBAHXzMLl2lBw801nqc3Kfml7AGfegY7YWSXv3olUmAZXjlJczmt3ilT7FkbFa90Zkj5wWj2UMnN7qSITUASV3oZxZ4wHNh26OpD-a5AIyDa7XBSAziMKbSQYZmIwEsEvD6LXwCsKFHeqNMPNoWUiDqPSY8-CP3-AEzg97E_Cg', 'cdn_id': 65854}, {'url': 'https://ipv4-c007-nag001-jio-isp.1.oca.nflxvideo.net/?o=1&v=129&e=1684809254&t=a5tl2aoyuGxPk4A29TTFh6egwOVviUbUmWSSFgHS5FTG27leRCEAnSs-iedLqp35qQ5_pANCFETLA2YQLcitg_8WTY1Aw8ebUDdosJSd48mRKkQAZM06Lxt6Q__GoBKIC6xOmY0Rg_rwPo4Rw51y_Ev55cpyRpEjt3vYOtx3NEQ8ha_Lu_4ioRgwMoCV0scrRkEefpRb5OA8r01seyKZJZ-cTscQEoKf4ILKssQPnKFHgONssA', 'cdn_id': 65419}, {'url': 'https://ipv4-c005-maa001-jio-isp.1.oca.nflxvideo.net/?o=1&v=124&e=1684809254&t=QbqFmFiCAP9Qpmj7zXQgYHkg4od88W4ua29IKFMmMH5HHbNA8uKqn-r25LTTSM6gCs47ByGP2lwAnxF9EE3fs2ZLvN1ADocygqEi-Gpq7ucERtOTV6a2hP2VU2a28E7cdQdi_T9A1ANnrEh3aKzi_04_aObPlewGowjFgHEKWWJuG4S4XHzleLmiSfVdWMlyROS5lTNmCCMy2X-2cGmR-S5IJfmOaGc_j51Dh3_j2WqYX-70tQ', 'cdn_id': 65852}]}, {'trackType': 'PRIMARY', 'content_profile': 'playready-h264bpl30-dash', 'bitrate': 500, 'peakBitrate': 0, 'dimensionsCount': 2, 'dimensionsLabel': '2D', 'drmHeaderId': '0000000003f748a20000000000000000', 'pix_w': 4, 'pix_h': 3, 'res_w': 480, 'res_h': 360, 'framerate_value': 24000, 'framerate_scale': 1001, 'size': 83937181, 'startByteOffset': 30968, 'isDrm': True, 'vmaf': 0, 'segmentVmaf': [], 'crop_x': 0, 'crop_y': 0, 'crop_w': 480, 'crop_h': 360, 'downloadable_id': '568263460', 'tags': [], 'new_stream_id': 'todo', 'type': 1, 'urls': [{'url': 'https://ipv4-c038-bom001-ix.1.oca.nflxvideo.net/?o=1&v=74&e=1684809254&t=D31L4XrEE72sa2hLoq1jYU47oJyM2YY9ytbjc3z5BBwLgDQT-0KfwakwZtaGinzkiHEQmbEt2c_6hB8CxTAwfkZA0Y5Gj2Yv5qjIogwRRCCaHWnwnCVZdoicp8d7QyAXM1_Vrr5R0cocqDcax5YqSt30aAMZIWcM3rsyZYKklW8vIH17isvjfjLiQ35BD3HUly_xHgv6IyMkEB4oLPhl2-xNumEw-98lcaumL4BpijQh9Q1wzQ', 'cdn_id': 68102}, {'url': 'https://ipv4-c042-bom001-ix.1.oca.nflxvideo.net/?o=1&v=37&e=1684809254&t=t4fA-6wG8JJi69B8ksGvKqLN2UVq-ZMMdXYs3MqOMc6x2KG7tHbr-lbnvnVmxfCBY_cZRK-lDh42dq5nkWZnrEWv-T6GAectiZAKD0Ns9IqbjvgUKZQr8P382DKbr1n21ACEGXTDEYzVxXOF9GEKQk2fz-uA9ShPJGQ4LJFHIqScWLZrBpjhUM66nYXEEgMAIlf52CeSJYqFCkWt0samJSzlHYihEUiLvqyzJv4a4sp--hhJuA', 'cdn_id': 71710}, {'url': 'https://ipv4-c067-sin001-ix.1.oca.nflxvideo.net/?o=1&v=18&e=1684809254&t=sPV6sLeQKwiZhQaWduGvLT8niz8hN_amJ-gD2VY3Wexu0th61AfslMLgk6rzUqZTwcYAPaSo6r9iPeQ5zjkJuVCxGmqWhWnRnyULirjApIZLuB86BXAMvf_R60f94ajbLgRNg6B4jeb15aB6Av_KtrKFYHbTaIOoUEhphaj5xVc99j1TekD1ey-zIunhA6IfZIp2A_fhNmiaDPPR1-do_ddJ3iFWkulOH2cvkGMrQL118GntWA', 'cdn_id': 73090}]}, {'trackType': 'PRIMARY', 'content_profile': 'playready-h264mpl30-dash', 'bitrate': 695, 'peakBitrate': 1712, 'dimensionsCount': 2, 'dimensionsLabel': '2D', 'drmHeaderId': '0000000003f748a20000000000000000', 'pix_w': 32, 'pix_h': 27, 'res_w': 720, 'res_h': 480, 'framerate_value': 24000, 'framerate_scale': 1001, 'size': 116586769, 'startByteOffset': 38302, 'isDrm': True, 'vmaf': 73, 'segmentVmaf': [], 'crop_x': 0, 'crop_y': 0, 'crop_w': 720, 'crop_h': 480, 'downloadable_id': '285197520', 'tags': ['CBE2', 'POI', 'ladder'], 'new_stream_id': 'todo', 'type': 1, 'urls': [{'url': 'https://ipv4-c002-bpm002-jio-isp.1.oca.nflxvideo.net/?o=1&v=130&e=1684809254&t=AaTF5yJpHHHpigqeOLyRWQ4nT41MBDyZUmTGShWxC6mblezoCoDHiZpb_dTwm2EHQ00332VLrk8MYa8uzUu5CgZ8WRkbX8PL_2vCHa1g0-2cKLry8smIWssa-GafanxAkrqlvvaEOwTl9_KWUzaMILsuMsNXIQ17zfTZvWsIwuN97CXRKDifhrm_1gjltDXsSyuf97m7Szq7Wc8RCvcnqwrx55nFqYC1TvhqAjteWCLIxq7nWw', 'cdn_id': 65854}, {'url': 'https://ipv4-c007-nag001-jio-isp.1.oca.nflxvideo.net/?o=1&v=129&e=1684809254&t=itpWi_5EGSAzkhLPfIiEXc2JS2x17HI8Ro0Hkt7gG9_LoM7fJEL_887GBx-cPo6pSDlYss2N916n865SZnLtsxf4dfBGYtQSGL3xNDBMxZAiVXyiZmAvKVyf6cVIDh8-cxcG9gefYhhj7vTjn-KDexvU_Ug3J8L-dvH6bN0Eneuui47K9Nh-_5i61Ulm-vZOFokWT2fD9X-zCUISe2kLi9OB3Hdhn_T8-N2byas2vCvk0ZEvKg', 'cdn_id': 65419}, {'url': 'https://ipv4-c005-ccu002-jio-isp.1.oca.nflxvideo.net/?o=1&v=45&e=1684809254&t=YXg1ykKQ396Cp7UPYwr1pnKK-RQq4BtNvU_yHF0IzVTVXTnUXGx2vIToecfUqD1A8BNJe6oRs4BQwrsQFLivZH9bJXx2ABXzI2m6EEaMYcJ_V1ME1G3ilDpZJGfHYlEdahY2T1fOuPJS8UjbguzMVT_-Kr4S-SM3GtO8mqp5oUf-zQye-QToCH-ccKiQ1hp1LTbCKRx6PZvxVrzf1ZFj6Kgi105kCqTOrt98l0BZznho5LhI2g', 'cdn_id': 70474}]}, {'trackType': 'PRIMARY', 'content_profile': 'playready-h264mpl30-dash', 'bitrate': 902, 'peakBitrate': 2273, 'dimensionsCount': 2, 'dimensionsLabel': '2D', 'drmHeaderId': '0000000003f748a20000000000000000', 'pix_w': 32, 'pix_h': 27, 'res_w': 720, 'res_h': 480, 'framerate_value': 24000, 'framerate_scale': 1001, 'size': 150987050, 'startByteOffset': 38302, 'isDrm': True, 'vmaf': 75, 'segmentVmaf': [], 'crop_x': 0, 'crop_y': 0, 'crop_w': 720, 'crop_h': 480, 'downloadable_id': '285189923', 'tags': ['CBE2', 'POI', 'ladder'], 'new_stream_id': 'todo', 'type': 1, 'urls': [{'url': 'https://ipv4-c002-bpm002-jio-isp.1.oca.nflxvideo.net/?o=1&v=130&e=1684809254&t=ErXKSyiOJatjLA_eP0zbqbTT3KQsPuNZaSHk40_OyZ9Mde61Q1S-ROVa5jCZI7dKLfHCl4Z06Jx1M9MS7_YQD2OsT06D7gsitxfEsg_NGyfZpdyFC66pa-rLkNoW3YKJltgcEkt7rNcAra-qnOhaScyc3sFEMwPPah1sriPXOX3G9UmNnG4k1z4TlYOu4Y4BBoCULStZqxmfnvUqY9fX8XQmQOLa8oJUV5zYrxhbTbI0dm3oSw', 'cdn_id': 65854}, {'url': 'https://ipv4-c007-nag001-jio-isp.1.oca.nflxvideo.net/?o=1&v=129&e=1684809254&t=qIzdJZJ680DyIUj8iOYDPqdegB-bDl8H17JEMSCOVZwnT6MBEUM-jrF7cjnQy4JL_1LDAgOPd4ycipje14R4wGlVcL6ykUzTa4ubMH5Av9TMqzIeJ8oIIptc5svyZSj8ce7LShakukYBmbIfyp2bes2ZboBhsAFpQuWT2-uGb48pGXH3P3WTCiBMJvWCEeNA0Zh_jjMoDhCYSgcSLd0m30iJO-8tNjkbIS5AWLmg-3hpJ6U6YQ', 'cdn_id': 65419}, {'url': 'https://ipv4-c005-maa001-jio-isp.1.oca.nflxvideo.net/?o=1&v=124&e=1684809254&t=4isXpeM1fkxzww-g00jpzqbwFuS2zhgvIC54JDylAtdF5xJaR_jMLv2pwMY8sQMQkA05r1dqhQP7T361cUYzhhOcgUQ8pVHRM50tlZjA9z2dTjep7HR90XuSgmDGQibPM_1OZAhEWjy1cJ3xe4R4qEj4qoePs1wJlkOt6MC89OB3unkVg9gnxojs-R6yXDnfoljEfcLQkw_Y2Jq9SRjme5uLwxZmOvelUEw0KnVcwAQSKfRtQg', 'cdn_id': 65852}]}, {'trackType': 'PRIMARY', 'content_profile': 'playready-h264bpl30-dash', 'bitrate': 1350, 'peakBitrate': 0, 'dimensionsCount': 2, 'dimensionsLabel': '2D', 'drmHeaderId': '0000000003f748a20000000000000000', 'pix_w': 4, 'pix_h': 3, 'res_w': 640, 'res_h': 480, 'framerate_value': 24000, 'framerate_scale': 1001, 'size': 223876521, 'startByteOffset': 30970, 'isDrm': True, 'vmaf': 0, 'segmentVmaf': [], 'crop_x': 0, 'crop_y': 0, 'crop_w': 640, 'crop_h': 480, 'downloadable_id': '568264095', 'tags': [], 'new_stream_id': 'todo', 'type': 1, 'urls': [{'url': 'https://ipv4-c038-bom001-ix.1.oca.nflxvideo.net/?o=1&v=74&e=1684809254&t=GEYWZ5hIGNCJJK0tDDQwdZJNXE7FISbG-SaGSwqjh9v-kogMUacFl3wI8c3mao-cwvASAHCcqeuXQUqppx3qD5u4GtTCF1rG8AFFxxPWedrgYozG94AYmkkQlA5bz-_eKosmE9Hpp0to8bwT348ECrGbhayy1-EX4UOYxl8Ui8KzhXlvnZn8hgcYwdBPjmsB19VKthEyX9l7zRZig9pU5lSVuBOzkwrmBL3qH6y6dIKi57aoaPU', 'cdn_id': 68102}, {'url': 'https://ipv4-c042-bom001-ix.1.oca.nflxvideo.net/?o=1&v=37&e=1684809254&t=eV4PHq87t49MZY3KpvRU1o0qRI2vYVe4Qq1FR2oKk7nsJKbmmNo7cI77DDX5FCWz50Sdxi960fpAcD7Ejr05InMpF3wlq3-UgJvV1jKA7m-yYXB0TzGdxPAvSG5bf4oA7Q11ppcJfw91EO7wnXPUZogL4uLW0hGibVpIxkvyryUEssbf0mEhAJ-4WEn3ZW_qkE3jyv5JHrwMHHvtepRA_-JwfnHfUoWiZd-8T1eGp1LNpgsVi2Q', 'cdn_id': 71710}, {'url': 'https://ipv4-c067-sin001-ix.1.oca.nflxvideo.net/?o=1&v=18&e=1684809254&t=vhawsxLYDnDVcymUy_31NGu-ZthLBhZrqjPM06D3D31uHwPQ69960Bi_Z1rSZcrog4Aywdjy8WDH079qfCJT7jRvWVik1VURnt1lSc38k9DLpsjY0Boke5PlF-cf6k_w8NzJYCG7-Y-2jHQob77eoBkrW8OZypf8XZlkeOd2QlWeyJUUuaux4Bsw7dTjoiS5Lo7qTpTT8ABfnyqJZhpttRt-tk77Hw0SeeSdAMayok89DwhShWU', 'cdn_id': 73090}]}, {'trackType': 'PRIMARY', 'content_profile': 'playready-h264mpl40-dash', 'bitrate': 1846, 'peakBitrate': 5523, 'dimensionsCount': 2, 'dimensionsLabel': '2D', 'drmHeaderId': '0000000003f748a20000000000000000', 'pix_w': 1, 'pix_h': 1, 'res_w': 1920, 'res_h': 1080, 'framerate_value': 24000, 'framerate_scale': 1001, 'size': 307728281, 'startByteOffset': 38300, 'isDrm': True, 'vmaf': 96, 'segmentVmaf': [], 'crop_x': 0, 'crop_y': 0, 'crop_w': 1920, 'crop_h': 1080, 'downloadable_id': '286567324', 'tags': ['CBE2', 'POI', 'ladder'], 'new_stream_id': 'todo', 'type': 1, 'urls': [{'url': 'https://ipv4-c002-bpm002-jio-isp.1.oca.nflxvideo.net/?o=1&v=130&e=1684809254&t=verJA0QsHSId5FuUY8CZDTEyvlvDLfQL34rSn4kHmLLfPBdBiRCF7H9K69r5Zl0g_BJozn4P11ZMjS68CB_ypBWcZPZbWy6uAyufxZhCyahWqXjiyhWfeTrcbpjQKmOV1dU5kccuGQr54WGKIzrWeliTZLD4LPTGdj61hHEtm2ZUp8ObKYowulW1-tXgY-IqgPpzSyLRgbFrxa4_rntvhsKyoN2zBCsBeLoXQ4nQYV56MroLgf4', 'cdn_id': 65854}, {'url': 'https://ipv4-c007-nag001-jio-isp.1.oca.nflxvideo.net/?o=1&v=129&e=1684809254&t=c8vANCz_8qwWBuFHQB5ZG63G939oe9RfWz5CG8mN23pQswwf6LPSgpVFei5wCgcpAJNA7Zti_0k_Qxb87YmDqVr3bW4BjD6zVwJMgixdey7TOy2tTghTKUNpLkJhfuSeHo0fp502ZP-u0gNLl9vGZA_CMq7qSSD5AVT3m_smQC5o0W9MeJqNJR3-CQY-CSaByxCAacXD28S10hC3xsoh-XXdutPjvUQsR6mQEcyW0Ps-WaT72gY', 'cdn_id': 65419}, {'url': 'https://ipv4-c005-maa001-jio-isp.1.oca.nflxvideo.net/?o=1&v=124&e=1684809254&t=CtPXyvaZW1bC_Ucc7vXnUfkDgMKOnBLZx8shkxRqdu7WlJNxfNZjkYOMWlCL2tXun98vRXbhzbtukCXYju7ejvWqVbW0kavTj6Ci1AUqOY6kazka2QBDFyRSqR2SbVwyI1h0lg9E0JPu7EXx9GapZCQUtf4hUSK8dtpXqrG7MI6IkYEVVNFc6ZBy8zFu16nMw5nTAaWNyEBBJuzg14-7me8N8Gx1iazR4NAxroo4FdoVf7wKKB0', 'cdn_id': 65852}]}, {'trackType': 'PRIMARY', 'content_profile': 'playready-h264mpl40-dash', 'bitrate': 2953, 'peakBitrate': 8455, 'dimensionsCount': 2, 'dimensionsLabel': '2D', 'drmHeaderId': '0000000003f748a20000000000000000', 'pix_w': 1, 'pix_h': 1, 'res_w': 1920, 'res_h': 1080, 'framerate_value': 24000, 'framerate_scale': 1001, 'size': 491499791, 'startByteOffset': 38300, 'isDrm': True, 'vmaf': 97, 'segmentVmaf': [], 'crop_x': 0, 'crop_y': 0, 'crop_w': 1920, 'crop_h': 1080, 'downloadable_id': '288397444', 'tags': ['CBE2', 'POI', 'ladder'], 'new_stream_id': 'todo', 'type': 1, 'urls': [{'url': 'https://ipv4-c001-rja001-apsfl-isp.1.oca.nflxvideo.net/?o=1&v=146&e=1684809254&t=poZUej1JC78eanTdcNTjmTFTxkHQ87NUWbtWbyAoAbj3MEeH_d2cAnUl5O6IH4umsImv7F4xaIVSrLs05d1OSt02-WweYD8iuqtgrfbj2BM4fzZRT93nvGcJqMF_OT8ArsgooPhcgusnF4SEaNGTewsAemffWdpZxwkNLndo04d1OPQr1-otpiHK8vJVy2f76OjzE-f09FjXmcn42TJgPbF8SxZhTvQwCeR4P37Wyw8GWIHgxtc', 'cdn_id': 63137}, {'url': 'https://ipv4-c002-bpm002-jio-isp.1.oca.nflxvideo.net/?o=1&v=130&e=1684809254&t=jODOyVBz-s05ePuPg0pRLwol0vHhkMsIKtAY3K4yfeCbXbgNsk6cw3yyq8PSS7MHo4g3mgzuw1gYhve1-etOHTcbLBat3Is1bety29Av6iBHL2O2ea6Exss5nqnXP5MBFmR7AvOOHvCWcxndVvx4h5hleSF43fAcm8xnlskCwz_75tMJ00Ls9pTx5O1XvhDk9ds0NGEdzvd20f8ykH6qaLJfLaVsDjAoKmQvIO7Ozootnj7i2J4', 'cdn_id': 65854}, {'url': 'https://ipv4-c007-nag001-jio-isp.1.oca.nflxvideo.net/?o=1&v=129&e=1684809254&t=ey7AulsAbg3DMRdg5vrAZUEBJ2atx1S8IxKp8_xtkO43AdsZGQ5Gz8MWTX6qS8NcGsWJZpZHEd-WS36ySzIq4Fp2u4Io7mA7DkLesneA80XLZ5-fjaemsSzyRLCQfPPNfqI2JDmiz5sNw1Es5bw0mkYO14Bl3z8Ot5wESEYfKFCb9URc7KIq6WP6I6A4kO6D3FqzxtYgvzz-dmdsiSGGiokMv3rCwdN2TIzBzqw80JTnqewpSpA', 'cdn_id': 65419}]}], 'hasClearProfile': False, 'hasDrmProfile': True, 'hasClearStreams': False, 'hasDrmStreams': True, 'profile': 'playready-h264mpl40-dash', 'pixelAspectX': 1, 'pixelAspectY': 1, 'maxWidth': 1920, 'maxHeight': 1080, 'maxCroppedWidth': 1920, 'maxCroppedHeight': 1080, 'maxCroppedX': 0, 'maxCroppedY': 0, 'max_framerate_value': 24000, 'max_framerate_scale': 1001, 'minWidth': 320, 'minHeight': 240, 'minCroppedWidth': 320, 'minCroppedHeight': 240, 'minCroppedX': 0, 'minCroppedY': 0, 'flavor': 'CBE2', 'drmHeader': {'bytes': 'AAAANHBzc2gAAAAA7e+LqXnWSs6jyCfc1R0h7QAAABQIARIQAAAAAAP3SKIAAAAAAAAAAA==', 'drmHeaderId': '0000000003f748a20000000000000000', 'keyId': 'AAAAAAP3SKIAAAAAAAAAAA==', 'checksum': '', 'resolution': {'width': 1920, 'height': 1080}}}], 'hasClearProfile': False, 'hasDrmProfile': True, 'hasClearStreams': False, 'hasDrmStreams': True, 'audio_tracks': [{'trackType': 'PRIMARY', 'rawTrackType': 'primary', 'channels': '2.0', 'surroundFormatLabel': '2.0', 'channelsFormat': '2.0', 'language': 'en', 'languageDescription': 'English [Original]', 'disallowedSubtitleTracks': [], 'track_id': '656e7c322e307c5072696d6172797c747275657c6e6f6e657c756e6b6e6f776e7c756e6b6e6f776e7c417564696f7c756e6b6e6f776e7c7c7c6e6f6e657c30', 'id': '656e7c322e307c5072696d6172797c747275657c6e6f6e657c756e6b6e6f776e7c756e6b6e6f776e7c417564696f7c756e6b6e6f776e7c7c7c6e6f6e657c30', 'new_track_id': 'A:2:1;2;en;1;0;', 'type': 0, 'profileType': "AbstractDynamicEnum{name='AUDIO'}", 'isNative': True, 'isNoneTrack': False, 'defaultTimedText': None, 'rank': 1, 'offTrackDisallowed': False, 'hydrated': True, 'stereo': False, 'profile': 'ddplus-2.0-dash', 'codecName': 'DDPLUS', 'streams': [{'trackType': 'PRIMARY', 'content_profile': 'ddplus-2.0-dash', 'bitrate': 96, 'size': 16736447, 'isDrm': False, 'downloadable_id': '1167715820', 'new_stream_id': '1167715820', 'type': 0, 'channels': '2.0', 'surroundFormatLabel': '2.0', 'channelsFormat': '2.0', 'language': 'en', 'audioKey': None, 'tags': [], 'moov': {'size': 621, 'offset': 241}, 'sidx': {'size': 8080, 'offset': 862}, 'ssix': {'size': 8056, 'offset': 8942}, 'urls': [{'url': 'https://ipv4-c002-bpm002-jio-isp.1.oca.nflxvideo.net/?o=1&v=130&e=1684809254&t=aTnAcwn8lGEwJ-DWTIx8fw5HV790626Dic3Hz-O7Y6PgxiVPUrsrWK0-nFYlCrQ42I7PPusIfysIBKFzzPwb1koiQbr43Ey4DsDfWqz1Re9f5pF4QKXb3Pr3bDQL_QlvbTispnUnpGDJynU7p9o8vWoB3Hrea9yF9SZmjMnkqadN8FL_Wjn8Pla5o7CoChNSkVMA6Qo7Or38-e4iGjrHbOhzcDvafUlID0PZ1ni2UUMVB2egMg', 'cdn_id': 65854}, {'url': 'https://ipv4-c007-nag001-jio-isp.1.oca.nflxvideo.net/?o=1&v=129&e=1684809254&t=eE4J2CR13UVjfZdzcMrh2qbcn0JuIwxDRwRi1ou02c9SZmJUaZJ8562P7sl6mQiNDuCxIHSiNoPwoOJdYOJA7U5TiTcILZkPf5PrtReYFHRBGSf_eBj4pYRuagJ4pv5bkNNVO0pJdUjUWCuKWp3V7JcUHHOMNE-0Bt-huarpZrjrr_v87GkujNGz2ULCBvBXHcwpuCbggFIDhL4LYEIF73Vvu3XpZ6KmVJl-hwwMMvE6_PKtfw', 'cdn_id': 65419}, {'url': 'https://ipv4-c005-maa001-jio-isp.1.oca.nflxvideo.net/?o=1&v=124&e=1684809254&t=78MBI4Leg8QvJeYzC5MpUa-gsus8jrbNwdtthTrTTYbNczBQa1T_7k8Bfw16Y0VePrc-0LB1GryHXX7mADkUE8Eb42aKprkb4WSgt9kSUIewOIXzOQgon8aTIU_bFDYteZfVSaD7KHhYdYOFbp8cOaGBqnS1HRF_MjK9t0Ed1Td8B_OGDJTJcCG642JaTS0IvDZU-I-crEFlBExden-iv4i_G9jjiku4-PaSxSAaF7qhtfPtoQ', 'cdn_id': 65852}]}, {'trackType': 'PRIMARY', 'content_profile': 'ddplus-2.0-dash', 'bitrate': 128, 'size': 22094655, 'isDrm': False, 'downloadable_id': '1167712126', 'new_stream_id': '1167712126', 'type': 0, 'channels': '2.0', 'surroundFormatLabel': '2.0', 'channelsFormat': '2.0', 'language': 'en', 'audioKey': None, 'tags': [], 'moov': {'size': 621, 'offset': 241}, 'sidx': {'size': 8080, 'offset': 862}, 'ssix': {'size': 8056, 'offset': 8942}, 'urls': [{'url': 'https://ipv4-c002-bpm002-jio-isp.1.oca.nflxvideo.net/?o=1&v=130&e=1684809254&t=mNITJUaUWob5-nnhlY8lkPUxn7wobQZuad5MEryBDLDaq1fpslU1wNZfjcEtmJlaLhHa0kntFg-SzZuqk6bt5ose4FbEXuAHYdnLQ-KtOwwAM7UxEF-U7tFffhMT97LmdySS0U9kEKaqSOwlRQRtN3Wz8ov2R5ynarXVTkN-BMIDcnlAgfMDKe3I-YzOHA0mnAy_Doamas8DhbOFRr5SKGKvmqphlcmenu97ypz4gTOwPHiPN3c', 'cdn_id': 65854}, {'url': 'https://ipv4-c007-nag001-jio-isp.1.oca.nflxvideo.net/?o=1&v=129&e=1684809254&t=AmlIn3CqDfM8Lcwjt1YDSL1vQ6nriwW7FD1M7G3V01StX8N6pX4x7V8RosmFd6KGqBLze-G8LmLBvF0IdsY72uRPcg1TmzWfyXCSHsOLSHD4Q4wZuMNZl3jKpM-KCkaBTfyt9Za1OoeUEaBU_q1DD3I4Cp0G2pGEp_WKRNCHA8uwIaBpqIg1538OBBqgQwRQIpuztTmLnWwnrLUY5DfSJDaMPiQ0ABlxKhvzQ8aIYmunseEE4mk', 'cdn_id': 65419}, {'url': 'https://ipv4-c005-maa001-jio-isp.1.oca.nflxvideo.net/?o=1&v=124&e=1684809254&t=rwsiYcjhhNcRgc0TSbWfJu5k1RaAGf41S7RTdA7FSnE5MCmrBboTRo5Gzqkbjaue1heVPMoxSawmgkiJhldh70H9Su5kAXHkkn0kq1ujqY6hSdsFIfuITNSNg382fyMlIKbL5xMfPpsZnw_wYuUlto9-sLSyU3uJOePaAVqHyx8eTZvVqHIfONz5iv9PNzY9qsuGUUD0Id2Q1VqUIh6Fxx7ewfqh2rLX4PUuU_4Nf9smSloCnkc', 'cdn_id': 65852}]}]}, {'trackType': 'PRIMARY', 'rawTrackType': 'primary', 'channels': '5.1', 'surroundFormatLabel': '5.1', 'channelsFormat': '5.1', 'language': 'en', 'languageDescription': 'English [Original]', 'disallowedSubtitleTracks': [], 'track_id': '656e7c352e317c5072696d6172797c747275657c6e6f6e657c756e6b6e6f776e7c756e6b6e6f776e7c417564696f7c756e6b6e6f776e7c7c7c6e6f6e657c30', 'id': '656e7c352e317c5072696d6172797c747275657c6e6f6e657c756e6b6e6f776e7c756e6b6e6f776e7c417564696f7c756e6b6e6f776e7c7c7c6e6f6e657c30', 'new_track_id': 'A:2:1;6;en;1;0;', 'type': 0, 'profileType': "AbstractDynamicEnum{name='AUDIO'}", 'isNative': True, 'isNoneTrack': False, 'defaultTimedText': None, 'rank': 0, 'offTrackDisallowed': False, 'hydrated': True, 'stereo': False, 'profile': 'ddplus-5.1-dash', 'codecName': 'DDPLUS', 'streams': [{'trackType': 'PRIMARY', 'content_profile': 'ddplus-5.1-dash', 'bitrate': 192, 'size': 32817319, 'isDrm': False, 'downloadable_id': '1168142740', 'new_stream_id': '1168142740', 'type': 0, 'channels': '5.1', 'surroundFormatLabel': '5.1', 'channelsFormat': '5.1', 'language': 'en', 'audioKey': None, 'tags': [], 'moov': {'size': 621, 'offset': 241}, 'sidx': {'size': 8080, 'offset': 862}, 'ssix': {'size': 8056, 'offset': 8942}, 'urls': [{'url': 'https://ipv4-c001-rja001-apsfl-isp.1.oca.nflxvideo.net/?o=1&v=146&e=1684809254&t=GZ5_CMqZ0ZSu2A4gTP178elgh11p-Z0-zo1sM8lu9vdie38Q3Q9ZISHtA5PN5Ux4odl13keuxR2wlcSRnX9CTTj_O2mm_M2Qw8hjtb3JPYU8N220201NEjUIpWeOccJSwuG7PyhvPYT0KamQbDG42NyjZCL2cBFNnH4ryLFdiXPtxgxjI6ifaHwGSXwlLy00lOZD4hRbB0wVD_q1nc1wLhAT8gVKHKlR_6U-4cBbLAgSlMjFNzc', 'cdn_id': 63137}, {'url': 'https://ipv4-c002-bpm002-jio-isp.1.oca.nflxvideo.net/?o=1&v=130&e=1684809254&t=F5RtZ4FjnH2UfHDYFhrwGQfaZg3h_KBSh2XPSI4cR9WpM6mg-tl-wkNJRfrbcqVbOAJ3hijSnUcxD7mmuCOpsPbcOQdBW-v9MpYh-VkF_xTeM9tS7m4_rwJwM4dkElY09dOV6itKURsfCaDTG0bLS1G6EAXslj4v9jtIsCsNLV-3iOND9QHm6h7Y56n5JlyaFbAU_UxUHjJYPCk50Ejcu8NhLBxmTSk5A_8Gr__BRl0FzyR1MrI', 'cdn_id': 65854}, {'url': 'https://ipv4-c007-nag001-jio-isp.1.oca.nflxvideo.net/?o=1&v=129&e=1684809254&t=DM3gOj3tdflnR5Fs_739UzSbBfLkxtHvLvTfSAChKhGRGHVdYQ6uNR1VWehpkB6bqELSLB7SFqiJUzJ2NXZ9JMoQZ-1uAn5qLRRKCxRZ0nCj29gY2v5mRH7Bwh6igFhYGnLevcHMlF5PZi4AwpZUTidVp91v9bxKwk814YGXKYIrxcwcsBKcC2wyF4qbMv6FulaBET0YmkPuEbqnDOvmMamLDhlD5edU9mTpP8Kv3FCeadZnwng', 'cdn_id': 65419}]}, {'trackType': 'PRIMARY', 'content_profile': 'ddplus-5.1hq-dash', 'bitrate': 256, 'size': 43535783, 'isDrm': False, 'downloadable_id': '1168302674', 'new_stream_id': '1168302674', 'type': 0, 'channels': '5.1', 'surroundFormatLabel': '5.1', 'channelsFormat': '5.1', 'language': 'en', 'audioKey': None, 'tags': [], 'moov': {'size': 621, 'offset': 241}, 'sidx': {'size': 8080, 'offset': 862}, 'ssix': {'size': 8056, 'offset': 8942}, 'urls': [{'url': 'https://ipv4-c001-rja001-apsfl-isp.1.oca.nflxvideo.net/?o=1&v=146&e=1684809254&t=TKqBzO3k1065jAeewpwsriHpcanCFCPTJYUtT8o_HddaAIUsAvdksCAEHTABZhF-NFdEhss2TcmUtZtbPkkXcMbI0uTLU4nOYSWeT2XFKgDQL6L--UzoFwsdbMpNjHCmNL7XeRXpdBgJzjDM0-V55yyBiSfQ507t7MN4sugEPoLWnZ7JHANb4HuUMr77aliwA5CNAP_EYLMvKIGx3WC5_E0t6N8jdYZ54E_eegCF21TJ4Awkdjo', 'cdn_id': 63137}, {'url': 'https://ipv4-c002-bpm002-jio-isp.1.oca.nflxvideo.net/?o=1&v=130&e=1684809254&t=F1_XfES9tKMs1-x5WMgdJe9ApO_lIZL7OjVZpjChDf13z1LIyYmvjH4cIrjmJR8k-0kuSk3xd-mxbmWxwvp94W8fuMDbHc9-X8ij5cIRSmvexyERapv6nXjAnQsnSIMLOUxZwU83VZ8oSABqnhaMnkOBTWIvt65LnmMoYr_uy4MbWnj4RKcbswYoYJ27z26JBbZqLICMapYIyX2QQSZ-3uuwarQWTUfnw0VDbGKtHQCnThttto8', 'cdn_id': 65854}, {'url': 'https://ipv4-c007-nag001-jio-isp.1.oca.nflxvideo.net/?o=1&v=129&e=1684809254&t=EKKpi48TFjE7z5-ctUQUtyNpSH-UxTrRmtZR446s0XbV2oHeqxUuwoBc3oVwg5Elr9uotOaWVn_vBdGlraAwgEo95OWV6AeGG9sXpqFeBI809yHgwwfWQ3ewGMv_VoEnX-i5-25ytkKSKMv8bDbiyPgBmXIy6zAhnZKzJW_OM0y1tKajQUU_1OHjj5DLD8FN-Lfzby51kWh8ydsX-U_Uet_-v6HbmCXKWG7s_11R2nUWeG-TBgQ', 'cdn_id': 65419}]}, {'trackType': 'PRIMARY', 'content_profile': 'dd-5.1-dash', 'bitrate': 384, 'size': 64972709, 'isDrm': False, 'downloadable_id': '1167718939', 'new_stream_id': '1167718939', 'type': 0, 'channels': '5.1', 'surroundFormatLabel': '5.1', 'channelsFormat': '5.1', 'language': 'en', 'audioKey': None, 'tags': [], 'moov': {'size': 619, 'offset': 241}, 'sidx': {'size': 8080, 'offset': 860}, 'ssix': {'size': 8056, 'offset': 8940}, 'urls': [{'url': 'https://ipv4-c002-bpm002-jio-isp.1.oca.nflxvideo.net/?o=1&v=130&e=1684809254&t=3kPsNSWh1I3h5YCjy9f0tQnVJchUSw7usVxNoQYBJgjZ1olFtAHp8BM_A2zVXLZ9slgvRjvF240QbJisdD2oF3jAYPO9Sjtip26128GOpoM0QoT2iKtl51u2GZoSqHaE3Zg58uYYoy3-WFgAo5DyqjK5GVIb8_byktkyX83JrWc9hAP0gFkaXfdEbNwaD_fEfLKHimPiLf3vjKv2-9rdcRfvESIT1vl2vcEW7FlqRYebaP18_UA', 'cdn_id': 65854}, {'url': 'https://ipv4-c005-ccu002-jio-isp.1.oca.nflxvideo.net/?o=1&v=45&e=1684809254&t=u6Ca_HOzmE5Vm4M9qZv8l1yUl0uanU5AK4Nvx3b_LdrCVIBC5RRfKOcbYA-Voow78s5qyTQNuh7rG4ROKd-WQvRCPxJFN3BH4BCer-wOKlEGJLT074zQUXUbAgB4yQvU_CewbNbqL07fIhKq3wRzRu1cGpIkS1lsh-MMZuhO9tlP08Obl3xjPSxGxpaw1mwWfj6H-8Cw4tsZl9ECpHA1htfDIxM8MhSPRjz9S4cJekEZWua9B6A', 'cdn_id': 70474}, {'url': 'https://ipv4-c001-blr002-jio-isp.1.oca.nflxvideo.net/?o=1&v=139&e=1684809254&t=uscuIayKRNpdeH2JE5u3QGfc7AK8WIKoyRSjzUj8ZE2pewQtUZCsp4W-K23d3oV5gG8zDVMrsTFdLw2JUuuCjxdKujp4Ekvvxkej6cZ7pbkWikUSsU2fRa_lTafqL20rxWhY0B_yskupWIOJroIvsVxNpehZcYqVYjVLNZzk0SjulBjpHm3RJBHr2ZbN1HGeX8DgTwjkNdDf6G15M8PeQgWsESsfjtQL-vRtwdUrQTPCIKql4x0', 'cdn_id': 65328}]}, {'trackType': 'PRIMARY', 'content_profile': 'ddplus-5.1hq-dash', 'bitrate': 384, 'size': 64972711, 'isDrm': False, 'downloadable_id': '1167873132', 'new_stream_id': '1167873132', 'type': 0, 'channels': '5.1', 'surroundFormatLabel': '5.1', 'channelsFormat': '5.1', 'language': 'en', 'audioKey': None, 'tags': [], 'moov': {'size': 621, 'offset': 241}, 'sidx': {'size': 8080, 'offset': 862}, 'ssix': {'size': 8056, 'offset': 8942}, 'urls': [{'url': 'https://ipv4-c002-bpm002-jio-isp.1.oca.nflxvideo.net/?o=1&v=130&e=1684809254&t=utwcIjoK9FDxx7m_A7Ae3s-gBrFTBTQHI4IhZPEtlthxXqjkeZDYhHAhxXdByoo6eP3i8-CqNoAa6LnKjmBqFXCmxkz-c9HhcNQ6nrPb6KmF8vSs6WrCwtps0yThfcRKhc7CgZ4-q0UCuBK0jeg5eKjPRm64GU8vVFQSL8tdKZtduPA-tb1KEiYxH_j3or5wZ3idlnFX4mOt5CjJBPPW2ji2vyvcTCJtdsBMYopZDLFBRHolX6w', 'cdn_id': 65854}, {'url': 'https://ipv4-c007-nag001-jio-isp.1.oca.nflxvideo.net/?o=1&v=129&e=1684809254&t=UA8K1fatOfVajIyhvfSnDtjNeke-kuptETpxKkJIvhxzV7cF-aPOetJhfkOx2oIbOrJfmmFHfRK5PmxEbY6NEk8mZOn2DXt0BqZSWU4Jt4rUch2vlosDln4Ld0NwTjguJ0g_LEVLJSXsNwdJkO30-DFgWlmWrJO07S_jWm0nxg6JScw7vbqCiEFFgDyP5vtHBk9AU1KHyzF3IJiKeML-js1hqGIQlZZRs9mIDFlmmhqlJLLMvUg', 'cdn_id': 65419}, {'url': 'https://ipv4-c005-maa001-jio-isp.1.oca.nflxvideo.net/?o=1&v=124&e=1684809254&t=DnpwfUJoZNpVgK8HjQOVK3Eh9apUHcE3575KrAPybYTEln75it3QEkSl4ZNsbW8VwA1wS-Fdr8sU32mT9sjCL5oLn_6VIGTy2-efii49t5JOIqifu5X5drQ7JCrBkrwLR_MjVDQGWU-05724imKw0p0X6BhL1vpIor1-Zct6bqicf0iS16sQLNYB_4Ql9YBukmTH45U2xMiDaLSwWLHaKfsr4uyPGVm56KDYwsMAZtdrvVtVKyg', 'cdn_id': 65852}]}, {'trackType': 'PRIMARY', 'content_profile': 'ddplus-5.1hq-dash', 'bitrate': 448, 'size': 75691175, 'isDrm': False, 'downloadable_id': '1167868211', 'new_stream_id': '1167868211', 'type': 0, 'channels': '5.1', 'surroundFormatLabel': '5.1', 'channelsFormat': '5.1', 'language': 'en', 'audioKey': None, 'tags': [], 'moov': {'size': 621, 'offset': 241}, 'sidx': {'size': 8080, 'offset': 862}, 'ssix': {'size': 8056, 'offset': 8942}, 'urls': [{'url': 'https://ipv4-c001-rja001-apsfl-isp.1.oca.nflxvideo.net/?o=1&v=146&e=1684809254&t=QltIV-dsJ2y6rcC34Sazc37be_ojhizoj-7AwLApFg1lfuC8DzbgAqzeKkc5oMez3YhZjB9L9bxcYyOSeExvjI0M8naP-WyqajPbge2hFJJMozJUIS99BK_g1G7W_PBSuvoy0vB-BmR7hV89V7Z9COTH47bnZ9RPnlLG7oUtGUaAosm1QhcgIADVkEUDXc7nfG0vSt6zY-UXSOc3AVLDr0DmL8pc6AssrPdXBKgVO-LS64bxOqw', 'cdn_id': 63137}, {'url': 'https://ipv4-c002-bpm002-jio-isp.1.oca.nflxvideo.net/?o=1&v=130&e=1684809254&t=gdpSfgoVpGLn5E9PSOSAP-smXqXq2DJNZzjUKYbgbmGQP0eDZGRwP-ENdugl0sn098KihVFNmPgvqi-ig4FEbEI12-E15k5327yjxyRDgXjzp1h42Z32nBwC43ocRgNfh4OaInWuSb1UvENtZdye9YQ7je1Eu4z5oot0iVDY0ED9p5P7ndMCQDXD07FQHuHBEXcCNWjNkx7n_x508paxD8w09tvoukKc6BRaDJqub0CDbiT39zk', 'cdn_id': 65854}, {'url': 'https://ipv4-c007-nag001-jio-isp.1.oca.nflxvideo.net/?o=1&v=129&e=1684809254&t=haxZHhUfd9N4-IJG4v-dipdUI4-neC6HNU5XcG6B91Wovt13ovX0haIbfofq5Qo9Y4cL8A-BieOVNo4i1xkRuNryc62zUywHL8-mmkHZAnBw340J8gMmsL_tIgvPMe0ia0U-lXuq2DC7u0V2pFjycZUiT07tiW5MYC4wG6g1AuGnG2m2TKtK46nJ0s1dE1Z_OkZNbVAiyQzR9VAEoedZSTH7T0Mx79fervasrGUg7Bzy6fItTLg', 'cdn_id': 65419}]}]}], 'trickplays': [{'id': '1269162422', 'interval': 10, 'pixelsAspectX': 1, 'pixelsAspectY': 1, 'width': 240, 'height': 122, 'size': 959800, 'downloadable_id': '1269162422', 'urls': ['https://occ-0-4619-2164.1.nflxso.net/tp/tpa1/422/823d1151ebadbf8b59712d2d3447911a.bif']}, {'id': '1269162804', 'interval': 10, 'pixelsAspectX': 1, 'pixelsAspectY': 1, 'width': 320, 'height': 180, 'size': 1694830, 'downloadable_id': '1269162804', 'urls': ['https://occ-0-4619-2164.1.nflxso.net/tp/tpa3/804/e9a6198fbfb24ab7b32312e9aed96847.bif']}], 'servers': [{'id': 63137, 'key': '1-133287-high', 'lowgrade': False, 'name': 'c001.rja001.apsfl.isp.nflxvideo.net', 'rank': 1, 'type': 'OPEN_CONNECT_APPLIANCE', 'dns': {'host': 'ipv4-c001-rja001-apsfl-isp.1.oca.nflxvideo.net', 'ipv4': '223.196.181.11', 'ipv6': None, 'forceLookup': False}}, {'id': 65854, 'key': '2-133287-high', 'lowgrade': False, 'name': 'c002.bpm002.jio.isp.nflxvideo.net', 'rank': 2, 'type': 'OPEN_CONNECT_APPLIANCE', 'dns': {'host': 'ipv4-c002-bpm002-jio-isp.1.oca.nflxvideo.net', 'ipv4': '49.44.220.102', 'ipv6': None, 'forceLookup': False}}, {'id': 65419, 'key': '3-133287-high', 'lowgrade': False, 'name': 'c007.nag001.jio.isp.nflxvideo.net', 'rank': 3, 'type': 'OPEN_CONNECT_APPLIANCE', 'dns': {'host': 'ipv4-c007-nag001-jio-isp.1.oca.nflxvideo.net', 'ipv4': '49.44.220.90', 'ipv6': None, 'forceLookup': False}}, {'id': 65852, 'key': '4-133287-high', 'lowgrade': False, 'name': 'c005.maa001.jio.isp.nflxvideo.net', 'rank': 4, 'type': 'OPEN_CONNECT_APPLIANCE', 'dns': {'host': 'ipv4-c005-maa001-jio-isp.1.oca.nflxvideo.net', 'ipv4': '49.44.220.114', 'ipv6': None, 'forceLookup': False}}, {'id': 70474, 'key': '5-133287-high', 'lowgrade': False, 'name': 'c005.ccu002.jio.isp.nflxvideo.net', 'rank': 5, 'type': 'OPEN_CONNECT_APPLIANCE', 'dns': {'host': 'ipv4-c005-ccu002-jio-isp.1.oca.nflxvideo.net', 'ipv4': '49.44.188.170', 'ipv6': None, 'forceLookup': False}}, {'id': 65328, 'key': '6-133287-high', 'lowgrade': False, 'name': 'c001.blr002.jio.isp.nflxvideo.net', 'rank': 6, 'type': 'OPEN_CONNECT_APPLIANCE', 'dns': {'host': 'ipv4-c001-blr002-jio-isp.1.oca.nflxvideo.net', 'ipv4': '49.44.220.86', 'ipv6': None, 'forceLookup': False}}, {'id': 68102, 'key': '13-133287-high', 'lowgrade': False, 'name': 'c038.bom001.ix.nflxvideo.net', 'rank': 7, 'type': 'OPEN_CONNECT_APPLIANCE', 'dns': {'host': 'ipv4-c038-bom001-ix.1.oca.nflxvideo.net', 'ipv4': '45.57.51.147', 'ipv6': None, 'forceLookup': False}}, {'id': 71710, 'key': '13-133287-high', 'lowgrade': False, 'name': 'c042.bom001.ix.nflxvideo.net', 'rank': 8, 'type': 'OPEN_CONNECT_APPLIANCE', 'dns': {'host': 'ipv4-c042-bom001-ix.1.oca.nflxvideo.net', 'ipv4': '45.57.50.151', 'ipv6': None, 'forceLookup': False}}, {'id': 73090, 'key': '14-133287-high', 'lowgrade': False, 'name': 'c067.sin001.ix.nflxvideo.net', 'rank': 9, 'type': 'OPEN_CONNECT_APPLIANCE', 'dns': {'host': 'ipv4-c067-sin001-ix.1.oca.nflxvideo.net', 'ipv4': '23.246.54.163', 'ipv6': None, 'forceLookup': False}}], 'locations': [{'key': '1-133287-high', 'rank': 1, 'weight': 280, 'level': 1}, {'key': '2-133287-high', 'rank': 2, 'weight': 260, 'level': 2}, {'key': '3-133287-high', 'rank': 3, 'weight': 240, 'level': 3}, {'key': '4-133287-high', 'rank': 4, 'weight': 220, 'level': 4}, {'key': '5-133287-high', 'rank': 5, 'weight': 200, 'level': 5}, {'key': '6-133287-high', 'rank': 6, 'weight': 180, 'level': 6}, {'key': '13-133287-high', 'rank': 7, 'weight': 160, 'level': 7}, {'key': '14-133287-high', 'rank': 9, 'weight': 120, 'level': 8}], 'cdnResponseData': {'pbcid': '6.ebqHC7eC_DKPId48zG9NoZXpuSuk0pjegSCm8HbH1z0'}, 'steeringAdditionalInfo': {'steeringId': '6.ebqHC7eC_DKPId48zG9NoZXpuSuk0pjegSCm8HbH1z0', 'additionalGroupNames': [], 'streamingClientConfig': {}}, 'badgingInfo': {'dolbyDigitalAudio': True, 'hdrVideo': False, 'dolbyVisionVideo': False, 'ultraHdVideo': False, '3dVideo': False, 'dolbyAtmosAudio': False, 'assistiveAudio': False, 'sdVideo': True, 'hdVideo': True}, 'audioTextShortcuts': [{'id': 'd929b23b-3025-4ea0-aff8-ab8521d49746', 'audioTrackId': 'A:2:1;6;en;1;0;', 'textTrackId': 'T:2:1;1;NONE;0;1;0;'}, {'id': 'b4ac2a98-efe1-41c3-b50d-715a6b194d3d', 'audioTrackId': 'A:2:1;6;en;1;0;', 'textTrackId': 'T:2:1;1;en;0;0;0;'}]}}
2023-05-22 20:04:15,875 - helpers.tracks - INFO - 
Selected Tracks
2023-05-22 20:04:15,876 - helpers.wvdownloader - INFO - 
Downloading: Rick and Morty S01E01 Pilot 1080 [AVC]-encrypted.mp4
2023-05-22 20:04:15,876 - helpers.wvdownloader - INFO - 
Downloading: https://ipv4-c001-rja001-apsfl-isp.1.oca.nflxvideo.net/?o=1&v=146&e=1684809254&t=poZUej1JC78eanTdcNTjmTFTxkHQ87NUWbtWbyAoAbj3MEeH_d2cAnUl5O6IH4umsImv7F4xaIVSrLs05d1OSt02-WweYD8iuqtgrfbj2BM4fzZRT93nvGcJqMF_OT8ArsgooPhcgusnF4SEaNGTewsAemffWdpZxwkNLndo04d1OPQr1-otpiHK8vJVy2f76OjzE-f09FjXmcn42TJgPbF8SxZhTvQwCeR4P37Wyw8GWIHgxtc
